Executing on gpu014
Found 1894 images belonging to 1 classes.
Found 1894 images belonging to 1 classes.
Found 350 images belonging to 1 classes.
Found 350 images belonging to 1 classes.
Found 350 images belonging to 1 classes.
Found 350 images belonging to 1 classes.
11
Epoch 1/200
 - 564s - loss: 0.2163 - mean_iou: 0.5954 - val_loss: 0.2478 - val_mean_iou: 0.6699

Epoch 00001: val_mean_iou improved from -inf to 0.66989, saving model to ../models/fcdn-isic-tl-gn.h5
Epoch 2/200
 - 457s - loss: 0.1830 - mean_iou: 0.6790 - val_loss: 0.1791 - val_mean_iou: 0.6917

Epoch 00002: val_mean_iou improved from 0.66989 to 0.69174, saving model to ../models/fcdn-isic-tl-gn.h5
Epoch 3/200
 - 457s - loss: 0.1797 - mean_iou: 0.6946 - val_loss: 0.2771 - val_mean_iou: 0.6979

Epoch 00003: val_mean_iou improved from 0.69174 to 0.69786, saving model to ../models/fcdn-isic-tl-gn.h5
Epoch 4/200
 - 464s - loss: 0.1712 - mean_iou: 0.6983 - val_loss: 0.1898 - val_mean_iou: 0.7032

Epoch 00004: val_mean_iou improved from 0.69786 to 0.70320, saving model to ../models/fcdn-isic-tl-gn.h5
Epoch 5/200
 - 460s - loss: 0.1668 - mean_iou: 0.7052 - val_loss: 0.1706 - val_mean_iou: 0.7092

Epoch 00005: val_mean_iou improved from 0.70320 to 0.70917, saving model to ../models/fcdn-isic-tl-gn.h5
Epoch 6/200
 - 454s - loss: 0.1643 - mean_iou: 0.7115 - val_loss: 0.1822 - val_mean_iou: 0.7138

Epoch 00006: val_mean_iou improved from 0.70917 to 0.71376, saving model to ../models/fcdn-isic-tl-gn.h5
Epoch 7/200
 - 464s - loss: 0.1570 - mean_iou: 0.7151 - val_loss: 0.1767 - val_mean_iou: 0.7180

Epoch 00007: val_mean_iou improved from 0.71376 to 0.71798, saving model to ../models/fcdn-isic-tl-gn.h5
Epoch 8/200
 - 458s - loss: 0.1519 - mean_iou: 0.7196 - val_loss: 0.1763 - val_mean_iou: 0.7220

Epoch 00008: val_mean_iou improved from 0.71798 to 0.72196, saving model to ../models/fcdn-isic-tl-gn.h5
Epoch 9/200
 - 457s - loss: 0.1559 - mean_iou: 0.7230 - val_loss: 0.1618 - val_mean_iou: 0.7252

Epoch 00009: val_mean_iou improved from 0.72196 to 0.72517, saving model to ../models/fcdn-isic-tl-gn.h5
Epoch 10/200
 - 461s - loss: 0.1532 - mean_iou: 0.7261 - val_loss: 0.1946 - val_mean_iou: 0.7275

Epoch 00010: val_mean_iou improved from 0.72517 to 0.72754, saving model to ../models/fcdn-isic-tl-gn.h5
Epoch 11/200
 - 460s - loss: 0.1544 - mean_iou: 0.7279 - val_loss: 0.2390 - val_mean_iou: 0.7289

Epoch 00011: val_mean_iou improved from 0.72754 to 0.72895, saving model to ../models/fcdn-isic-tl-gn.h5
Epoch 12/200
 - 462s - loss: 0.1471 - mean_iou: 0.7293 - val_loss: 0.2231 - val_mean_iou: 0.7302

Epoch 00012: val_mean_iou improved from 0.72895 to 0.73015, saving model to ../models/fcdn-isic-tl-gn.h5
Epoch 13/200
 - 460s - loss: 0.1413 - mean_iou: 0.7309 - val_loss: 0.2085 - val_mean_iou: 0.7320

Epoch 00013: val_mean_iou improved from 0.73015 to 0.73199, saving model to ../models/fcdn-isic-tl-gn.h5
Epoch 14/200
 - 456s - loss: 0.1485 - mean_iou: 0.7323 - val_loss: 0.1911 - val_mean_iou: 0.7336

Epoch 00014: val_mean_iou improved from 0.73199 to 0.73360, saving model to ../models/fcdn-isic-tl-gn.h5
Epoch 15/200
 - 460s - loss: 0.1461 - mean_iou: 0.7341 - val_loss: 0.1907 - val_mean_iou: 0.7349

Epoch 00015: val_mean_iou improved from 0.73360 to 0.73492, saving model to ../models/fcdn-isic-tl-gn.h5
Epoch 16/200
 - 460s - loss: 0.1429 - mean_iou: 0.7353 - val_loss: 0.1823 - val_mean_iou: 0.7363

Epoch 00016: val_mean_iou improved from 0.73492 to 0.73633, saving model to ../models/fcdn-isic-tl-gn.h5
Epoch 17/200
 - 453s - loss: 0.1366 - mean_iou: 0.7369 - val_loss: 0.1819 - val_mean_iou: 0.7380

Epoch 00017: val_mean_iou improved from 0.73633 to 0.73801, saving model to ../models/fcdn-isic-tl-gn.h5
Epoch 18/200
 - 462s - loss: 0.1395 - mean_iou: 0.7385 - val_loss: 0.1858 - val_mean_iou: 0.7393

Epoch 00018: val_mean_iou improved from 0.73801 to 0.73930, saving model to ../models/fcdn-isic-tl-gn.h5
Epoch 19/200
 - 460s - loss: 0.1398 - mean_iou: 0.7398 - val_loss: 0.2000 - val_mean_iou: 0.7405

Epoch 00019: val_mean_iou improved from 0.73930 to 0.74048, saving model to ../models/fcdn-isic-tl-gn.h5
Epoch 20/200
 - 455s - loss: 0.1366 - mean_iou: 0.7408 - val_loss: 0.1957 - val_mean_iou: 0.7417

Epoch 00020: val_mean_iou improved from 0.74048 to 0.74170, saving model to ../models/fcdn-isic-tl-gn.h5
Epoch 21/200
 - 464s - loss: 0.1437 - mean_iou: 0.7419 - val_loss: 0.2028 - val_mean_iou: 0.7424

Epoch 00021: val_mean_iou improved from 0.74170 to 0.74244, saving model to ../models/fcdn-isic-tl-gn.h5
Epoch 22/200
 - 459s - loss: 0.1408 - mean_iou: 0.7426 - val_loss: 0.1814 - val_mean_iou: 0.7433

Epoch 00022: val_mean_iou improved from 0.74244 to 0.74325, saving model to ../models/fcdn-isic-tl-gn.h5
Epoch 23/200
 - 459s - loss: 0.1367 - mean_iou: 0.7437 - val_loss: 0.2582 - val_mean_iou: 0.7439

Epoch 00023: val_mean_iou improved from 0.74325 to 0.74386, saving model to ../models/fcdn-isic-tl-gn.h5
Epoch 24/200
 - 466s - loss: 0.1351 - mean_iou: 0.7438 - val_loss: 0.1807 - val_mean_iou: 0.7444

Epoch 00024: val_mean_iou improved from 0.74386 to 0.74443, saving model to ../models/fcdn-isic-tl-gn.h5
Epoch 25/200
 - 454s - loss: 0.1340 - mean_iou: 0.7448 - val_loss: 0.1663 - val_mean_iou: 0.7455

Epoch 00025: val_mean_iou improved from 0.74443 to 0.74549, saving model to ../models/fcdn-isic-tl-gn.h5
Epoch 26/200
 - 460s - loss: 0.1347 - mean_iou: 0.7459 - val_loss: 0.2026 - val_mean_iou: 0.7463

Epoch 00026: val_mean_iou improved from 0.74549 to 0.74633, saving model to ../models/fcdn-isic-tl-gn.h5
Epoch 27/200
 - 466s - loss: 0.1356 - mean_iou: 0.7466 - val_loss: 0.1786 - val_mean_iou: 0.7471

Epoch 00027: val_mean_iou improved from 0.74633 to 0.74711, saving model to ../models/fcdn-isic-tl-gn.h5
Epoch 28/200
 - 452s - loss: 0.1298 - mean_iou: 0.7474 - val_loss: 0.1831 - val_mean_iou: 0.7481

Epoch 00028: val_mean_iou improved from 0.74711 to 0.74813, saving model to ../models/fcdn-isic-tl-gn.h5
Epoch 29/200
 - 459s - loss: 0.1369 - mean_iou: 0.7484 - val_loss: 0.1830 - val_mean_iou: 0.7488

Epoch 00029: val_mean_iou improved from 0.74813 to 0.74883, saving model to ../models/fcdn-isic-tl-gn.h5
Epoch 30/200
 - 463s - loss: 0.1333 - mean_iou: 0.7490 - val_loss: 0.1749 - val_mean_iou: 0.7496

Epoch 00030: val_mean_iou improved from 0.74883 to 0.74958, saving model to ../models/fcdn-isic-tl-gn.h5
Epoch 31/200
 - 457s - loss: 0.1400 - mean_iou: 0.7497 - val_loss: 0.1841 - val_mean_iou: 0.7500

Epoch 00031: val_mean_iou improved from 0.74958 to 0.75004, saving model to ../models/fcdn-isic-tl-gn.h5
Epoch 32/200
 - 459s - loss: 0.1345 - mean_iou: 0.7503 - val_loss: 0.1669 - val_mean_iou: 0.7507

Epoch 00032: val_mean_iou improved from 0.75004 to 0.75070, saving model to ../models/fcdn-isic-tl-gn.h5
Epoch 33/200
 - 460s - loss: 0.1309 - mean_iou: 0.7510 - val_loss: 0.1807 - val_mean_iou: 0.7515

Epoch 00033: val_mean_iou improved from 0.75070 to 0.75146, saving model to ../models/fcdn-isic-tl-gn.h5
Epoch 34/200
 - 450s - loss: 0.1305 - mean_iou: 0.7516 - val_loss: 0.1712 - val_mean_iou: 0.7522

Epoch 00034: val_mean_iou improved from 0.75146 to 0.75217, saving model to ../models/fcdn-isic-tl-gn.h5
Epoch 35/200
 - 466s - loss: 0.1345 - mean_iou: 0.7524 - val_loss: 0.1871 - val_mean_iou: 0.7528

Epoch 00035: val_mean_iou improved from 0.75217 to 0.75275, saving model to ../models/fcdn-isic-tl-gn.h5
Epoch 36/200
 - 464s - loss: 0.1275 - mean_iou: 0.7530 - val_loss: 0.1921 - val_mean_iou: 0.7534

Epoch 00036: val_mean_iou improved from 0.75275 to 0.75339, saving model to ../models/fcdn-isic-tl-gn.h5
Epoch 37/200
 - 455s - loss: 0.1244 - mean_iou: 0.7536 - val_loss: 0.1861 - val_mean_iou: 0.7540

Epoch 00037: val_mean_iou improved from 0.75339 to 0.75402, saving model to ../models/fcdn-isic-tl-gn.h5
Epoch 38/200
 - 462s - loss: 0.1242 - mean_iou: 0.7543 - val_loss: 0.1577 - val_mean_iou: 0.7548

Epoch 00038: val_mean_iou improved from 0.75402 to 0.75477, saving model to ../models/fcdn-isic-tl-gn.h5
Epoch 39/200
 - 458s - loss: 0.1303 - mean_iou: 0.7550 - val_loss: 0.1786 - val_mean_iou: 0.7553

Epoch 00039: val_mean_iou improved from 0.75477 to 0.75533, saving model to ../models/fcdn-isic-tl-gn.h5
Epoch 40/200
 - 463s - loss: 0.1319 - mean_iou: 0.7555 - val_loss: 0.1723 - val_mean_iou: 0.7557

Epoch 00040: val_mean_iou improved from 0.75533 to 0.75570, saving model to ../models/fcdn-isic-tl-gn.h5
Epoch 41/200
 - 462s - loss: 0.1226 - mean_iou: 0.7561 - val_loss: 0.1731 - val_mean_iou: 0.7565

Epoch 00041: val_mean_iou improved from 0.75570 to 0.75647, saving model to ../models/fcdn-isic-tl-gn.h5
Epoch 42/200
 - 455s - loss: 0.1292 - mean_iou: 0.7566 - val_loss: 0.1881 - val_mean_iou: 0.7569

Epoch 00042: val_mean_iou improved from 0.75647 to 0.75694, saving model to ../models/fcdn-isic-tl-gn.h5
Epoch 43/200
 - 460s - loss: 0.1280 - mean_iou: 0.7572 - val_loss: 0.1708 - val_mean_iou: 0.7575

Epoch 00043: val_mean_iou improved from 0.75694 to 0.75750, saving model to ../models/fcdn-isic-tl-gn.h5
Epoch 44/200
 - 467s - loss: 0.1294 - mean_iou: 0.7577 - val_loss: 0.1747 - val_mean_iou: 0.7579

Epoch 00044: val_mean_iou improved from 0.75750 to 0.75795, saving model to ../models/fcdn-isic-tl-gn.h5
Epoch 45/200
 - 453s - loss: 0.1310 - mean_iou: 0.7580 - val_loss: 0.1409 - val_mean_iou: 0.7584

Epoch 00045: val_mean_iou improved from 0.75795 to 0.75840, saving model to ../models/fcdn-isic-tl-gn.h5
Epoch 46/200
 - 468s - loss: 0.1256 - mean_iou: 0.7587 - val_loss: 0.1793 - val_mean_iou: 0.7590

Epoch 00046: val_mean_iou improved from 0.75840 to 0.75899, saving model to ../models/fcdn-isic-tl-gn.h5
Epoch 47/200
 - 454s - loss: 0.1243 - mean_iou: 0.7591 - val_loss: 0.1638 - val_mean_iou: 0.7595

Epoch 00047: val_mean_iou improved from 0.75899 to 0.75952, saving model to ../models/fcdn-isic-tl-gn.h5
Epoch 48/200
 - 456s - loss: 0.1259 - mean_iou: 0.7597 - val_loss: 0.1595 - val_mean_iou: 0.7600

Epoch 00048: val_mean_iou improved from 0.75952 to 0.76001, saving model to ../models/fcdn-isic-tl-gn.h5
Epoch 49/200
 - 468s - loss: 0.1186 - mean_iou: 0.7603 - val_loss: 0.1787 - val_mean_iou: 0.7606

Epoch 00049: val_mean_iou improved from 0.76001 to 0.76059, saving model to ../models/fcdn-isic-tl-gn.h5
Epoch 50/200
 - 457s - loss: 0.1270 - mean_iou: 0.7607 - val_loss: 0.1683 - val_mean_iou: 0.7611

Epoch 00050: val_mean_iou improved from 0.76059 to 0.76106, saving model to ../models/fcdn-isic-tl-gn.h5
Epoch 51/200
 - 454s - loss: 0.1241 - mean_iou: 0.7612 - val_loss: 0.1503 - val_mean_iou: 0.7616

Epoch 00051: val_mean_iou improved from 0.76106 to 0.76155, saving model to ../models/fcdn-isic-tl-gn.h5
Epoch 52/200
 - 466s - loss: 0.1222 - mean_iou: 0.7619 - val_loss: 0.1609 - val_mean_iou: 0.7622

Epoch 00052: val_mean_iou improved from 0.76155 to 0.76219, saving model to ../models/fcdn-isic-tl-gn.h5
Epoch 53/200
 - 452s - loss: 0.1221 - mean_iou: 0.7623 - val_loss: 0.1672 - val_mean_iou: 0.7627

Epoch 00053: val_mean_iou improved from 0.76219 to 0.76265, saving model to ../models/fcdn-isic-tl-gn.h5
Epoch 54/200
 - 461s - loss: 0.1257 - mean_iou: 0.7628 - val_loss: 0.1912 - val_mean_iou: 0.7630

Epoch 00054: val_mean_iou improved from 0.76265 to 0.76302, saving model to ../models/fcdn-isic-tl-gn.h5
Epoch 55/200
 - 464s - loss: 0.1252 - mean_iou: 0.7631 - val_loss: 0.1647 - val_mean_iou: 0.7634

Epoch 00055: val_mean_iou improved from 0.76302 to 0.76342, saving model to ../models/fcdn-isic-tl-gn.h5
Epoch 56/200
 - 458s - loss: 0.1210 - mean_iou: 0.7636 - val_loss: 0.2019 - val_mean_iou: 0.7638

Epoch 00056: val_mean_iou improved from 0.76342 to 0.76379, saving model to ../models/fcdn-isic-tl-gn.h5
Epoch 57/200
 - 462s - loss: 0.1168 - mean_iou: 0.7639 - val_loss: 0.1652 - val_mean_iou: 0.7642

Epoch 00057: val_mean_iou improved from 0.76379 to 0.76423, saving model to ../models/fcdn-isic-tl-gn.h5
Epoch 58/200
 - 458s - loss: 0.1246 - mean_iou: 0.7644 - val_loss: 0.2675 - val_mean_iou: 0.7643

Epoch 00058: val_mean_iou improved from 0.76423 to 0.76434, saving model to ../models/fcdn-isic-tl-gn.h5
Epoch 59/200
 - 457s - loss: 0.1238 - mean_iou: 0.7642 - val_loss: 0.1666 - val_mean_iou: 0.7644

Epoch 00059: val_mean_iou improved from 0.76434 to 0.76441, saving model to ../models/fcdn-isic-tl-gn.h5
Epoch 60/200
 - 460s - loss: 0.1214 - mean_iou: 0.7646 - val_loss: 0.1764 - val_mean_iou: 0.7648

Epoch 00060: val_mean_iou improved from 0.76441 to 0.76480, saving model to ../models/fcdn-isic-tl-gn.h5
Epoch 61/200
 - 459s - loss: 0.1171 - mean_iou: 0.7650 - val_loss: 0.1650 - val_mean_iou: 0.7653

Epoch 00061: val_mean_iou improved from 0.76480 to 0.76526, saving model to ../models/fcdn-isic-tl-gn.h5
Epoch 62/200
 - 453s - loss: 0.1237 - mean_iou: 0.7653 - val_loss: 0.1803 - val_mean_iou: 0.7656

Epoch 00062: val_mean_iou improved from 0.76526 to 0.76558, saving model to ../models/fcdn-isic-tl-gn.h5
Epoch 63/200
 - 468s - loss: 0.1238 - mean_iou: 0.7657 - val_loss: 0.1867 - val_mean_iou: 0.7658

Epoch 00063: val_mean_iou improved from 0.76558 to 0.76584, saving model to ../models/fcdn-isic-tl-gn.h5
Epoch 64/200
 - 457s - loss: 0.1196 - mean_iou: 0.7660 - val_loss: 0.1527 - val_mean_iou: 0.7662

Epoch 00064: val_mean_iou improved from 0.76584 to 0.76625, saving model to ../models/fcdn-isic-tl-gn.h5
Epoch 65/200
 - 456s - loss: 0.1219 - mean_iou: 0.7664 - val_loss: 0.1890 - val_mean_iou: 0.7666

Epoch 00065: val_mean_iou improved from 0.76625 to 0.76657, saving model to ../models/fcdn-isic-tl-gn.h5
Epoch 66/200
 - 462s - loss: 0.1225 - mean_iou: 0.7666 - val_loss: 0.1519 - val_mean_iou: 0.7668

Epoch 00066: val_mean_iou improved from 0.76657 to 0.76682, saving model to ../models/fcdn-isic-tl-gn.h5
Epoch 67/200
 - 459s - loss: 0.1110 - mean_iou: 0.7670 - val_loss: 0.1739 - val_mean_iou: 0.7674

Epoch 00067: val_mean_iou improved from 0.76682 to 0.76739, saving model to ../models/fcdn-isic-tl-gn.h5
Epoch 68/200
 - 453s - loss: 0.1160 - mean_iou: 0.7675 - val_loss: 0.1898 - val_mean_iou: 0.7678

Epoch 00068: val_mean_iou improved from 0.76739 to 0.76776, saving model to ../models/fcdn-isic-tl-gn.h5
Epoch 69/200
 - 465s - loss: 0.1190 - mean_iou: 0.7678 - val_loss: 0.1643 - val_mean_iou: 0.7680

Epoch 00069: val_mean_iou improved from 0.76776 to 0.76802, saving model to ../models/fcdn-isic-tl-gn.h5
Epoch 70/200
 - 452s - loss: 0.1235 - mean_iou: 0.7681 - val_loss: 0.1628 - val_mean_iou: 0.7682

Epoch 00070: val_mean_iou improved from 0.76802 to 0.76825, saving model to ../models/fcdn-isic-tl-gn.h5
Epoch 71/200
 - 458s - loss: 0.1198 - mean_iou: 0.7684 - val_loss: 0.1846 - val_mean_iou: 0.7686

Epoch 00071: val_mean_iou improved from 0.76825 to 0.76860, saving model to ../models/fcdn-isic-tl-gn.h5
Epoch 72/200
 - 458s - loss: 0.1120 - mean_iou: 0.7687 - val_loss: 0.1542 - val_mean_iou: 0.7690

Epoch 00072: val_mean_iou improved from 0.76860 to 0.76896, saving model to ../models/fcdn-isic-tl-gn.h5
Epoch 73/200
 - 455s - loss: 0.1160 - mean_iou: 0.7691 - val_loss: 0.1749 - val_mean_iou: 0.7693

Epoch 00073: val_mean_iou improved from 0.76896 to 0.76931, saving model to ../models/fcdn-isic-tl-gn.h5
Epoch 74/200
 - 464s - loss: 0.1140 - mean_iou: 0.7695 - val_loss: 0.1583 - val_mean_iou: 0.7697

Epoch 00074: val_mean_iou improved from 0.76931 to 0.76973, saving model to ../models/fcdn-isic-tl-gn.h5
Epoch 75/200
 - 459s - loss: 0.1177 - mean_iou: 0.7699 - val_loss: 0.1497 - val_mean_iou: 0.7701

Epoch 00075: val_mean_iou improved from 0.76973 to 0.77009, saving model to ../models/fcdn-isic-tl-gn.h5
Epoch 76/200
 - 456s - loss: 0.1152 - mean_iou: 0.7702 - val_loss: 0.1684 - val_mean_iou: 0.7704

Epoch 00076: val_mean_iou improved from 0.77009 to 0.77043, saving model to ../models/fcdn-isic-tl-gn.h5
Epoch 77/200
 - 462s - loss: 0.1160 - mean_iou: 0.7705 - val_loss: 0.1608 - val_mean_iou: 0.7707

Epoch 00077: val_mean_iou improved from 0.77043 to 0.77071, saving model to ../models/fcdn-isic-tl-gn.h5
Epoch 78/200
 - 452s - loss: 0.1167 - mean_iou: 0.7709 - val_loss: 0.1671 - val_mean_iou: 0.7711

Epoch 00078: val_mean_iou improved from 0.77071 to 0.77105, saving model to ../models/fcdn-isic-tl-gn.h5
Epoch 79/200
 - 459s - loss: 0.1093 - mean_iou: 0.7712 - val_loss: 0.1649 - val_mean_iou: 0.7715

Epoch 00079: val_mean_iou improved from 0.77105 to 0.77146, saving model to ../models/fcdn-isic-tl-gn.h5
Epoch 80/200
 - 459s - loss: 0.1122 - mean_iou: 0.7716 - val_loss: 0.1955 - val_mean_iou: 0.7718

Epoch 00080: val_mean_iou improved from 0.77146 to 0.77182, saving model to ../models/fcdn-isic-tl-gn.h5
Epoch 81/200
 - 456s - loss: 0.1103 - mean_iou: 0.7719 - val_loss: 0.1463 - val_mean_iou: 0.7722

Epoch 00081: val_mean_iou improved from 0.77182 to 0.77221, saving model to ../models/fcdn-isic-tl-gn.h5
Epoch 82/200
 - 461s - loss: 0.1086 - mean_iou: 0.7724 - val_loss: 0.1466 - val_mean_iou: 0.7726

Epoch 00082: val_mean_iou improved from 0.77221 to 0.77259, saving model to ../models/fcdn-isic-tl-gn.h5
Epoch 83/200
 - 464s - loss: 0.1089 - mean_iou: 0.7728 - val_loss: 0.1676 - val_mean_iou: 0.7730

Epoch 00083: val_mean_iou improved from 0.77259 to 0.77305, saving model to ../models/fcdn-isic-tl-gn.h5
Epoch 84/200
 - 454s - loss: 0.1077 - mean_iou: 0.7732 - val_loss: 0.2359 - val_mean_iou: 0.7733

Epoch 00084: val_mean_iou improved from 0.77305 to 0.77328, saving model to ../models/fcdn-isic-tl-gn.h5
Epoch 85/200
 - 462s - loss: 0.1138 - mean_iou: 0.7732 - val_loss: 0.1614 - val_mean_iou: 0.7735

Epoch 00085: val_mean_iou improved from 0.77328 to 0.77348, saving model to ../models/fcdn-isic-tl-gn.h5
Epoch 86/200
 - 459s - loss: 0.1086 - mean_iou: 0.7736 - val_loss: 0.2461 - val_mean_iou: 0.7737

Epoch 00086: val_mean_iou improved from 0.77348 to 0.77373, saving model to ../models/fcdn-isic-tl-gn.h5
Epoch 87/200
 - 459s - loss: 0.1124 - mean_iou: 0.7737 - val_loss: 0.1663 - val_mean_iou: 0.7739

Epoch 00087: val_mean_iou improved from 0.77373 to 0.77387, saving model to ../models/fcdn-isic-tl-gn.h5
Epoch 88/200
 - 460s - loss: 0.1181 - mean_iou: 0.7739 - val_loss: 0.1612 - val_mean_iou: 0.7741

Epoch 00088: val_mean_iou improved from 0.77387 to 0.77410, saving model to ../models/fcdn-isic-tl-gn.h5
Epoch 89/200
 - 457s - loss: 0.1132 - mean_iou: 0.7742 - val_loss: 0.1743 - val_mean_iou: 0.7744

Epoch 00089: val_mean_iou improved from 0.77410 to 0.77436, saving model to ../models/fcdn-isic-tl-gn.h5
Epoch 90/200
 - 460s - loss: 0.1066 - mean_iou: 0.7745 - val_loss: 0.1639 - val_mean_iou: 0.7747

Epoch 00090: val_mean_iou improved from 0.77436 to 0.77470, saving model to ../models/fcdn-isic-tl-gn.h5
Epoch 91/200
 - 464s - loss: 0.1158 - mean_iou: 0.7748 - val_loss: 0.1629 - val_mean_iou: 0.7750

Epoch 00091: val_mean_iou improved from 0.77470 to 0.77497, saving model to ../models/fcdn-isic-tl-gn.h5
Epoch 92/200
 - 450s - loss: 0.1117 - mean_iou: 0.7751 - val_loss: 0.1583 - val_mean_iou: 0.7753

Epoch 00092: val_mean_iou improved from 0.77497 to 0.77531, saving model to ../models/fcdn-isic-tl-gn.h5
Epoch 93/200
 - 462s - loss: 0.1074 - mean_iou: 0.7754 - val_loss: 0.1612 - val_mean_iou: 0.7756

Epoch 00093: val_mean_iou improved from 0.77531 to 0.77563, saving model to ../models/fcdn-isic-tl-gn.h5
Epoch 94/200
 - 460s - loss: 0.1018 - mean_iou: 0.7758 - val_loss: 0.1618 - val_mean_iou: 0.7760

Epoch 00094: val_mean_iou improved from 0.77563 to 0.77600, saving model to ../models/fcdn-isic-tl-gn.h5
Epoch 95/200
 - 459s - loss: 0.1072 - mean_iou: 0.7761 - val_loss: 0.3561 - val_mean_iou: 0.7761

Epoch 00095: val_mean_iou improved from 0.77600 to 0.77613, saving model to ../models/fcdn-isic-tl-gn.h5
Epoch 96/200
 - 457s - loss: 0.1054 - mean_iou: 0.7760 - val_loss: 0.1575 - val_mean_iou: 0.7762

Epoch 00096: val_mean_iou improved from 0.77613 to 0.77616, saving model to ../models/fcdn-isic-tl-gn.h5
Epoch 97/200
 - 466s - loss: 0.1074 - mean_iou: 0.7763 - val_loss: 0.1775 - val_mean_iou: 0.7764

Epoch 00097: val_mean_iou improved from 0.77616 to 0.77644, saving model to ../models/fcdn-isic-tl-gn.h5
Epoch 98/200
 - 452s - loss: 0.1100 - mean_iou: 0.7765 - val_loss: 0.1542 - val_mean_iou: 0.7767

Epoch 00098: val_mean_iou improved from 0.77644 to 0.77670, saving model to ../models/fcdn-isic-tl-gn.h5
Epoch 99/200
 - 461s - loss: 0.1082 - mean_iou: 0.7768 - val_loss: 0.1549 - val_mean_iou: 0.7770

Epoch 00099: val_mean_iou improved from 0.77670 to 0.77701, saving model to ../models/fcdn-isic-tl-gn.h5
Epoch 100/200
 - 463s - loss: 0.1070 - mean_iou: 0.7772 - val_loss: 0.1706 - val_mean_iou: 0.7773

Epoch 00100: val_mean_iou improved from 0.77701 to 0.77730, saving model to ../models/fcdn-isic-tl-gn.h5
Epoch 101/200
 - 454s - loss: 0.1054 - mean_iou: 0.7774 - val_loss: 0.1595 - val_mean_iou: 0.7776

Epoch 00101: val_mean_iou improved from 0.77730 to 0.77764, saving model to ../models/fcdn-isic-tl-gn.h5
Epoch 102/200
 - 463s - loss: 0.1109 - mean_iou: 0.7778 - val_loss: 0.1765 - val_mean_iou: 0.7779

Epoch 00102: val_mean_iou improved from 0.77764 to 0.77787, saving model to ../models/fcdn-isic-tl-gn.h5
Epoch 103/200
 - 457s - loss: 0.1084 - mean_iou: 0.7779 - val_loss: 0.1429 - val_mean_iou: 0.7782

Epoch 00103: val_mean_iou improved from 0.77787 to 0.77816, saving model to ../models/fcdn-isic-tl-gn.h5
Epoch 104/200
 - 458s - loss: 0.1034 - mean_iou: 0.7783 - val_loss: 0.1465 - val_mean_iou: 0.7785

Epoch 00104: val_mean_iou improved from 0.77816 to 0.77851, saving model to ../models/fcdn-isic-tl-gn.h5
Epoch 105/200
 - 461s - loss: 0.1074 - mean_iou: 0.7786 - val_loss: 0.1418 - val_mean_iou: 0.7788

Epoch 00105: val_mean_iou improved from 0.77851 to 0.77880, saving model to ../models/fcdn-isic-tl-gn.h5
Epoch 106/200
 - 456s - loss: 0.1012 - mean_iou: 0.7790 - val_loss: 0.1478 - val_mean_iou: 0.7792

Epoch 00106: val_mean_iou improved from 0.77880 to 0.77918, saving model to ../models/fcdn-isic-tl-gn.h5
Epoch 107/200
 - 458s - loss: 0.1099 - mean_iou: 0.7793 - val_loss: 0.1610 - val_mean_iou: 0.7794

Epoch 00107: val_mean_iou improved from 0.77918 to 0.77945, saving model to ../models/fcdn-isic-tl-gn.h5
Epoch 108/200
 - 463s - loss: 0.1044 - mean_iou: 0.7796 - val_loss: 0.1652 - val_mean_iou: 0.7797

Epoch 00108: val_mean_iou improved from 0.77945 to 0.77974, saving model to ../models/fcdn-isic-tl-gn.h5
Epoch 109/200
 - 448s - loss: 0.1044 - mean_iou: 0.7798 - val_loss: 0.1546 - val_mean_iou: 0.7800

Epoch 00109: val_mean_iou improved from 0.77974 to 0.78002, saving model to ../models/fcdn-isic-tl-gn.h5
Epoch 110/200
 - 467s - loss: 0.1017 - mean_iou: 0.7801 - val_loss: 0.1817 - val_mean_iou: 0.7803

Epoch 00110: val_mean_iou improved from 0.78002 to 0.78029, saving model to ../models/fcdn-isic-tl-gn.h5
Epoch 111/200
 - 460s - loss: 0.1102 - mean_iou: 0.7803 - val_loss: 0.1390 - val_mean_iou: 0.7805

Epoch 00111: val_mean_iou improved from 0.78029 to 0.78052, saving model to ../models/fcdn-isic-tl-gn.h5
Epoch 112/200
 - 451s - loss: 0.1097 - mean_iou: 0.7806 - val_loss: 0.1435 - val_mean_iou: 0.7807

Epoch 00112: val_mean_iou improved from 0.78052 to 0.78074, saving model to ../models/fcdn-isic-tl-gn.h5
Epoch 113/200
 - 464s - loss: 0.1058 - mean_iou: 0.7808 - val_loss: 0.1628 - val_mean_iou: 0.7810

Epoch 00113: val_mean_iou improved from 0.78074 to 0.78099, saving model to ../models/fcdn-isic-tl-gn.h5
Epoch 114/200
 - 457s - loss: 0.1051 - mean_iou: 0.7811 - val_loss: 0.1936 - val_mean_iou: 0.7812

Epoch 00114: val_mean_iou improved from 0.78099 to 0.78124, saving model to ../models/fcdn-isic-tl-gn.h5
Epoch 115/200
 - 458s - loss: 0.1093 - mean_iou: 0.7813 - val_loss: 0.1498 - val_mean_iou: 0.7814

Epoch 00115: val_mean_iou improved from 0.78124 to 0.78145, saving model to ../models/fcdn-isic-tl-gn.h5
Epoch 116/200
 - 462s - loss: 0.1002 - mean_iou: 0.7816 - val_loss: 0.1347 - val_mean_iou: 0.7818

Epoch 00116: val_mean_iou improved from 0.78145 to 0.78179, saving model to ../models/fcdn-isic-tl-gn.h5
Epoch 117/200
 - 455s - loss: 0.1029 - mean_iou: 0.7819 - val_loss: 0.2320 - val_mean_iou: 0.7820

Epoch 00117: val_mean_iou improved from 0.78179 to 0.78203, saving model to ../models/fcdn-isic-tl-gn.h5
Epoch 118/200
 - 463s - loss: 0.1024 - mean_iou: 0.7821 - val_loss: 0.1568 - val_mean_iou: 0.7822

Epoch 00118: val_mean_iou improved from 0.78203 to 0.78223, saving model to ../models/fcdn-isic-tl-gn.h5
Epoch 119/200
 - 461s - loss: 0.1030 - mean_iou: 0.7823 - val_loss: 0.1862 - val_mean_iou: 0.7825

Epoch 00119: val_mean_iou improved from 0.78223 to 0.78248, saving model to ../models/fcdn-isic-tl-gn.h5
Epoch 120/200
 - 449s - loss: 0.1049 - mean_iou: 0.7826 - val_loss: 0.1524 - val_mean_iou: 0.7827

Epoch 00120: val_mean_iou improved from 0.78248 to 0.78273, saving model to ../models/fcdn-isic-tl-gn.h5
Epoch 121/200
 - 465s - loss: 0.1042 - mean_iou: 0.7828 - val_loss: 0.1387 - val_mean_iou: 0.7829

Epoch 00121: val_mean_iou improved from 0.78273 to 0.78294, saving model to ../models/fcdn-isic-tl-gn.h5
Epoch 122/200
 - 460s - loss: 0.1084 - mean_iou: 0.7830 - val_loss: 0.1512 - val_mean_iou: 0.7832

Epoch 00122: val_mean_iou improved from 0.78294 to 0.78317, saving model to ../models/fcdn-isic-tl-gn.h5
Epoch 123/200
 - 458s - loss: 0.1025 - mean_iou: 0.7833 - val_loss: 0.2242 - val_mean_iou: 0.7834

Epoch 00123: val_mean_iou improved from 0.78317 to 0.78341, saving model to ../models/fcdn-isic-tl-gn.h5
Epoch 124/200
 - 459s - loss: 0.1000 - mean_iou: 0.7835 - val_loss: 0.1557 - val_mean_iou: 0.7836

Epoch 00124: val_mean_iou improved from 0.78341 to 0.78362, saving model to ../models/fcdn-isic-tl-gn.h5
Epoch 125/200
 - 463s - loss: 0.1026 - mean_iou: 0.7837 - val_loss: 0.1514 - val_mean_iou: 0.7839

Epoch 00125: val_mean_iou improved from 0.78362 to 0.78387, saving model to ../models/fcdn-isic-tl-gn.h5
Epoch 126/200
 - 449s - loss: 0.1030 - mean_iou: 0.7840 - val_loss: 0.1486 - val_mean_iou: 0.7842

Epoch 00126: val_mean_iou improved from 0.78387 to 0.78416, saving model to ../models/fcdn-isic-tl-gn.h5
Epoch 127/200
 - 460s - loss: 0.1034 - mean_iou: 0.7842 - val_loss: 0.1575 - val_mean_iou: 0.7844

Epoch 00127: val_mean_iou improved from 0.78416 to 0.78438, saving model to ../models/fcdn-isic-tl-gn.h5
Epoch 128/200
 - 468s - loss: 0.0960 - mean_iou: 0.7845 - val_loss: 0.1620 - val_mean_iou: 0.7847

Epoch 00128: val_mean_iou improved from 0.78438 to 0.78467, saving model to ../models/fcdn-isic-tl-gn.h5
Epoch 129/200
 - 455s - loss: 0.0980 - mean_iou: 0.7848 - val_loss: 0.1485 - val_mean_iou: 0.7849

Epoch 00129: val_mean_iou improved from 0.78467 to 0.78494, saving model to ../models/fcdn-isic-tl-gn.h5
Epoch 130/200
 - 466s - loss: 0.0989 - mean_iou: 0.7850 - val_loss: 0.1367 - val_mean_iou: 0.7852

Epoch 00130: val_mean_iou improved from 0.78494 to 0.78523, saving model to ../models/fcdn-isic-tl-gn.h5
Epoch 131/200
 - 455s - loss: 0.1021 - mean_iou: 0.7853 - val_loss: 0.1539 - val_mean_iou: 0.7854

Epoch 00131: val_mean_iou improved from 0.78523 to 0.78545, saving model to ../models/fcdn-isic-tl-gn.h5
Epoch 132/200
 - 458s - loss: 0.0971 - mean_iou: 0.7856 - val_loss: 0.1617 - val_mean_iou: 0.7857

Epoch 00132: val_mean_iou improved from 0.78545 to 0.78569, saving model to ../models/fcdn-isic-tl-gn.h5
Epoch 133/200
 - 465s - loss: 0.0983 - mean_iou: 0.7858 - val_loss: 0.1504 - val_mean_iou: 0.7859

Epoch 00133: val_mean_iou improved from 0.78569 to 0.78594, saving model to ../models/fcdn-isic-tl-gn.h5
Epoch 134/200
 - 455s - loss: 0.0909 - mean_iou: 0.7861 - val_loss: 0.1433 - val_mean_iou: 0.7863

Epoch 00134: val_mean_iou improved from 0.78594 to 0.78625, saving model to ../models/fcdn-isic-tl-gn.h5
Epoch 135/200
 - 458s - loss: 0.0984 - mean_iou: 0.7864 - val_loss: 0.1496 - val_mean_iou: 0.7865

Epoch 00135: val_mean_iou improved from 0.78625 to 0.78650, saving model to ../models/fcdn-isic-tl-gn.h5
Epoch 136/200
 - 457s - loss: 0.0944 - mean_iou: 0.7866 - val_loss: 0.1321 - val_mean_iou: 0.7868

Epoch 00136: val_mean_iou improved from 0.78650 to 0.78678, saving model to ../models/fcdn-isic-tl-gn.h5
Epoch 137/200
 - 460s - loss: 0.0980 - mean_iou: 0.7869 - val_loss: 0.1402 - val_mean_iou: 0.7871

Epoch 00137: val_mean_iou improved from 0.78678 to 0.78706, saving model to ../models/fcdn-isic-tl-gn.h5
Epoch 138/200
 - 459s - loss: 0.1032 - mean_iou: 0.7871 - val_loss: 0.1477 - val_mean_iou: 0.7873

Epoch 00138: val_mean_iou improved from 0.78706 to 0.78729, saving model to ../models/fcdn-isic-tl-gn.h5
Epoch 139/200
 - 457s - loss: 0.0944 - mean_iou: 0.7874 - val_loss: 0.1558 - val_mean_iou: 0.7875

Epoch 00139: val_mean_iou improved from 0.78729 to 0.78753, saving model to ../models/fcdn-isic-tl-gn.h5
Epoch 140/200
 - 460s - loss: 0.0977 - mean_iou: 0.7876 - val_loss: 0.1546 - val_mean_iou: 0.7878

Epoch 00140: val_mean_iou improved from 0.78753 to 0.78778, saving model to ../models/fcdn-isic-tl-gn.h5
Epoch 141/200
 - 463s - loss: 0.1044 - mean_iou: 0.7878 - val_loss: 0.2038 - val_mean_iou: 0.7879

Epoch 00141: val_mean_iou improved from 0.78778 to 0.78792, saving model to ../models/fcdn-isic-tl-gn.h5
Epoch 142/200
 - 456s - loss: 0.0990 - mean_iou: 0.7879 - val_loss: 0.1400 - val_mean_iou: 0.7881

Epoch 00142: val_mean_iou improved from 0.78792 to 0.78812, saving model to ../models/fcdn-isic-tl-gn.h5
Epoch 143/200
 - 463s - loss: 0.0990 - mean_iou: 0.7882 - val_loss: 0.1554 - val_mean_iou: 0.7884

Epoch 00143: val_mean_iou improved from 0.78812 to 0.78838, saving model to ../models/fcdn-isic-tl-gn.h5
Epoch 144/200
 - 464s - loss: 0.1008 - mean_iou: 0.7885 - val_loss: 0.1570 - val_mean_iou: 0.7886

Epoch 00144: val_mean_iou improved from 0.78838 to 0.78860, saving model to ../models/fcdn-isic-tl-gn.h5
Epoch 145/200
 - 457s - loss: 0.0975 - mean_iou: 0.7887 - val_loss: 0.1512 - val_mean_iou: 0.7888

Epoch 00145: val_mean_iou improved from 0.78860 to 0.78880, saving model to ../models/fcdn-isic-tl-gn.h5
Epoch 146/200
 - 455s - loss: 0.0976 - mean_iou: 0.7889 - val_loss: 0.1428 - val_mean_iou: 0.7890

Epoch 00146: val_mean_iou improved from 0.78880 to 0.78902, saving model to ../models/fcdn-isic-tl-gn.h5
Epoch 147/200
 - 464s - loss: 0.0968 - mean_iou: 0.7891 - val_loss: 0.1557 - val_mean_iou: 0.7892

Epoch 00147: val_mean_iou improved from 0.78902 to 0.78924, saving model to ../models/fcdn-isic-tl-gn.h5
Epoch 148/200
 - 452s - loss: 0.1004 - mean_iou: 0.7893 - val_loss: 0.1506 - val_mean_iou: 0.7895

Epoch 00148: val_mean_iou improved from 0.78924 to 0.78946, saving model to ../models/fcdn-isic-tl-gn.h5
Epoch 149/200
 - 465s - loss: 0.1006 - mean_iou: 0.7895 - val_loss: 0.1483 - val_mean_iou: 0.7896

Epoch 00149: val_mean_iou improved from 0.78946 to 0.78964, saving model to ../models/fcdn-isic-tl-gn.h5
Epoch 150/200
 - 465s - loss: 0.0969 - mean_iou: 0.7897 - val_loss: 0.1612 - val_mean_iou: 0.7898

Epoch 00150: val_mean_iou improved from 0.78964 to 0.78985, saving model to ../models/fcdn-isic-tl-gn.h5
Epoch 151/200
 - 455s - loss: 0.0965 - mean_iou: 0.7899 - val_loss: 0.1609 - val_mean_iou: 0.7900

Epoch 00151: val_mean_iou improved from 0.78985 to 0.79005, saving model to ../models/fcdn-isic-tl-gn.h5
Epoch 152/200
 - 460s - loss: 0.0919 - mean_iou: 0.7901 - val_loss: 0.1713 - val_mean_iou: 0.7903

Epoch 00152: val_mean_iou improved from 0.79005 to 0.79028, saving model to ../models/fcdn-isic-tl-gn.h5
Epoch 153/200
 - 462s - loss: 0.1010 - mean_iou: 0.7903 - val_loss: 0.1543 - val_mean_iou: 0.7905

Epoch 00153: val_mean_iou improved from 0.79028 to 0.79046, saving model to ../models/fcdn-isic-tl-gn.h5
Epoch 154/200
 - 458s - loss: 0.0933 - mean_iou: 0.7906 - val_loss: 0.1442 - val_mean_iou: 0.7907

Epoch 00154: val_mean_iou improved from 0.79046 to 0.79070, saving model to ../models/fcdn-isic-tl-gn.h5
Epoch 155/200
 - 464s - loss: 0.1042 - mean_iou: 0.7908 - val_loss: 0.1544 - val_mean_iou: 0.7909

Epoch 00155: val_mean_iou improved from 0.79070 to 0.79087, saving model to ../models/fcdn-isic-tl-gn.h5
Epoch 156/200
 - 457s - loss: 0.0943 - mean_iou: 0.7910 - val_loss: 0.1553 - val_mean_iou: 0.7911

Epoch 00156: val_mean_iou improved from 0.79087 to 0.79107, saving model to ../models/fcdn-isic-tl-gn.h5
Epoch 157/200
 - 455s - loss: 0.0977 - mean_iou: 0.7911 - val_loss: 0.1452 - val_mean_iou: 0.7912

Epoch 00157: val_mean_iou improved from 0.79107 to 0.79125, saving model to ../models/fcdn-isic-tl-gn.h5
Epoch 158/200
 - 463s - loss: 0.0930 - mean_iou: 0.7914 - val_loss: 0.1391 - val_mean_iou: 0.7915

Epoch 00158: val_mean_iou improved from 0.79125 to 0.79149, saving model to ../models/fcdn-isic-tl-gn.h5
Epoch 159/200
 - 454s - loss: 0.0997 - mean_iou: 0.7916 - val_loss: 0.1434 - val_mean_iou: 0.7917

Epoch 00159: val_mean_iou improved from 0.79149 to 0.79167, saving model to ../models/fcdn-isic-tl-gn.h5
Epoch 160/200
 - 462s - loss: 0.0974 - mean_iou: 0.7917 - val_loss: 0.1573 - val_mean_iou: 0.7919

Epoch 00160: val_mean_iou improved from 0.79167 to 0.79186, saving model to ../models/fcdn-isic-tl-gn.h5
Epoch 161/200
 - 459s - loss: 0.0919 - mean_iou: 0.7919 - val_loss: 0.2203 - val_mean_iou: 0.7921

Epoch 00161: val_mean_iou improved from 0.79186 to 0.79206, saving model to ../models/fcdn-isic-tl-gn.h5
Epoch 162/200
 - 459s - loss: 0.0914 - mean_iou: 0.7921 - val_loss: 0.1456 - val_mean_iou: 0.7922

Epoch 00162: val_mean_iou improved from 0.79206 to 0.79225, saving model to ../models/fcdn-isic-tl-gn.h5
Epoch 163/200
 - 459s - loss: 0.0957 - mean_iou: 0.7923 - val_loss: 0.1482 - val_mean_iou: 0.7924

Epoch 00163: val_mean_iou improved from 0.79225 to 0.79243, saving model to ../models/fcdn-isic-tl-gn.h5
Epoch 164/200
 - 466s - loss: 0.0960 - mean_iou: 0.7925 - val_loss: 0.1401 - val_mean_iou: 0.7926

Epoch 00164: val_mean_iou improved from 0.79243 to 0.79264, saving model to ../models/fcdn-isic-tl-gn.h5
Epoch 165/200
 - 449s - loss: 0.0905 - mean_iou: 0.7927 - val_loss: 0.1442 - val_mean_iou: 0.7929

Epoch 00165: val_mean_iou improved from 0.79264 to 0.79286, saving model to ../models/fcdn-isic-tl-gn.h5
Epoch 166/200
 - 465s - loss: 0.0919 - mean_iou: 0.7929 - val_loss: 0.1502 - val_mean_iou: 0.7931

Epoch 00166: val_mean_iou improved from 0.79286 to 0.79308, saving model to ../models/fcdn-isic-tl-gn.h5
Epoch 167/200
 - 457s - loss: 0.0997 - mean_iou: 0.7931 - val_loss: 0.1519 - val_mean_iou: 0.7932

Epoch 00167: val_mean_iou improved from 0.79308 to 0.79324, saving model to ../models/fcdn-isic-tl-gn.h5
Epoch 168/200
 - 456s - loss: 0.0945 - mean_iou: 0.7933 - val_loss: 0.1259 - val_mean_iou: 0.7934

Epoch 00168: val_mean_iou improved from 0.79324 to 0.79345, saving model to ../models/fcdn-isic-tl-gn.h5
Epoch 169/200
 - 464s - loss: 0.0964 - mean_iou: 0.7935 - val_loss: 0.1520 - val_mean_iou: 0.7936

Epoch 00169: val_mean_iou improved from 0.79345 to 0.79364, saving model to ../models/fcdn-isic-tl-gn.h5
Epoch 170/200
 - 458s - loss: 0.0986 - mean_iou: 0.7937 - val_loss: 0.1779 - val_mean_iou: 0.7938

Epoch 00170: val_mean_iou improved from 0.79364 to 0.79382, saving model to ../models/fcdn-isic-tl-gn.h5
Epoch 171/200
 - 454s - loss: 0.0911 - mean_iou: 0.7939 - val_loss: 0.1604 - val_mean_iou: 0.7940

Epoch 00171: val_mean_iou improved from 0.79382 to 0.79401, saving model to ../models/fcdn-isic-tl-gn.h5
Epoch 172/200
 - 465s - loss: 0.0969 - mean_iou: 0.7941 - val_loss: 0.1559 - val_mean_iou: 0.7942

Epoch 00172: val_mean_iou improved from 0.79401 to 0.79417, saving model to ../models/fcdn-isic-tl-gn.h5
Epoch 173/200
 - 454s - loss: 0.0901 - mean_iou: 0.7942 - val_loss: 0.1367 - val_mean_iou: 0.7944

Epoch 00173: val_mean_iou improved from 0.79417 to 0.79438, saving model to ../models/fcdn-isic-tl-gn.h5
Epoch 174/200
 - 462s - loss: 0.0912 - mean_iou: 0.7945 - val_loss: 0.1503 - val_mean_iou: 0.7946

Epoch 00174: val_mean_iou improved from 0.79438 to 0.79459, saving model to ../models/fcdn-isic-tl-gn.h5
Epoch 175/200
 - 461s - loss: 0.0982 - mean_iou: 0.7946 - val_loss: 0.1750 - val_mean_iou: 0.7947

Epoch 00175: val_mean_iou improved from 0.79459 to 0.79471, saving model to ../models/fcdn-isic-tl-gn.h5
Epoch 176/200
 - 454s - loss: 0.0971 - mean_iou: 0.7947 - val_loss: 0.1372 - val_mean_iou: 0.7948

Epoch 00176: val_mean_iou improved from 0.79471 to 0.79485, saving model to ../models/fcdn-isic-tl-gn.h5
Epoch 177/200
 - 464s - loss: 0.0885 - mean_iou: 0.7950 - val_loss: 0.1510 - val_mean_iou: 0.7951

Epoch 00177: val_mean_iou improved from 0.79485 to 0.79507, saving model to ../models/fcdn-isic-tl-gn.h5
Epoch 178/200
 - 462s - loss: 0.0955 - mean_iou: 0.7951 - val_loss: 0.3443 - val_mean_iou: 0.7951

Epoch 00178: val_mean_iou improved from 0.79507 to 0.79514, saving model to ../models/fcdn-isic-tl-gn.h5
Epoch 179/200
 - 452s - loss: 0.0951 - mean_iou: 0.7951 - val_loss: 0.1657 - val_mean_iou: 0.7952

Epoch 00179: val_mean_iou improved from 0.79514 to 0.79516, saving model to ../models/fcdn-isic-tl-gn.h5
Epoch 180/200
 - 461s - loss: 0.0926 - mean_iou: 0.7952 - val_loss: 0.1390 - val_mean_iou: 0.7953

Epoch 00180: val_mean_iou improved from 0.79516 to 0.79535, saving model to ../models/fcdn-isic-tl-gn.h5
Epoch 181/200
 - 466s - loss: 0.0962 - mean_iou: 0.7954 - val_loss: 0.1533 - val_mean_iou: 0.7955

Epoch 00181: val_mean_iou improved from 0.79535 to 0.79551, saving model to ../models/fcdn-isic-tl-gn.h5
Epoch 182/200
 - 454s - loss: 0.0861 - mean_iou: 0.7956 - val_loss: 0.1547 - val_mean_iou: 0.7957

Epoch 00182: val_mean_iou improved from 0.79551 to 0.79572, saving model to ../models/fcdn-isic-tl-gn.h5
Epoch 183/200
 - 466s - loss: 0.0946 - mean_iou: 0.7958 - val_loss: 0.1768 - val_mean_iou: 0.7959

Epoch 00183: val_mean_iou improved from 0.79572 to 0.79587, saving model to ../models/fcdn-isic-tl-gn.h5
Epoch 184/200
 - 457s - loss: 0.0957 - mean_iou: 0.7959 - val_loss: 0.1355 - val_mean_iou: 0.7960

Epoch 00184: val_mean_iou improved from 0.79587 to 0.79599, saving model to ../models/fcdn-isic-tl-gn.h5
Epoch 185/200
 - 455s - loss: 0.0965 - mean_iou: 0.7960 - val_loss: 0.1507 - val_mean_iou: 0.7961

Epoch 00185: val_mean_iou improved from 0.79599 to 0.79615, saving model to ../models/fcdn-isic-tl-gn.h5
Epoch 186/200
 - 462s - loss: 0.0910 - mean_iou: 0.7962 - val_loss: 0.1458 - val_mean_iou: 0.7963

Epoch 00186: val_mean_iou improved from 0.79615 to 0.79632, saving model to ../models/fcdn-isic-tl-gn.h5
Epoch 187/200
 - 463s - loss: 0.0888 - mean_iou: 0.7964 - val_loss: 0.1514 - val_mean_iou: 0.7965

Epoch 00187: val_mean_iou improved from 0.79632 to 0.79653, saving model to ../models/fcdn-isic-tl-gn.h5
Epoch 188/200
 - 458s - loss: 0.0899 - mean_iou: 0.7966 - val_loss: 0.1525 - val_mean_iou: 0.7967

Epoch 00188: val_mean_iou improved from 0.79653 to 0.79671, saving model to ../models/fcdn-isic-tl-gn.h5
Epoch 189/200
 - 463s - loss: 0.0955 - mean_iou: 0.7968 - val_loss: 0.1571 - val_mean_iou: 0.7969

Epoch 00189: val_mean_iou improved from 0.79671 to 0.79686, saving model to ../models/fcdn-isic-tl-gn.h5
Epoch 190/200
 - 453s - loss: 0.0975 - mean_iou: 0.7969 - val_loss: 0.1538 - val_mean_iou: 0.7970

Epoch 00190: val_mean_iou improved from 0.79686 to 0.79700, saving model to ../models/fcdn-isic-tl-gn.h5
Epoch 191/200
 - 461s - loss: 0.0872 - mean_iou: 0.7971 - val_loss: 0.1389 - val_mean_iou: 0.7972

Epoch 00191: val_mean_iou improved from 0.79700 to 0.79719, saving model to ../models/fcdn-isic-tl-gn.h5
Epoch 192/200
 - 463s - loss: 0.0909 - mean_iou: 0.7972 - val_loss: 0.1523 - val_mean_iou: 0.7974

Epoch 00192: val_mean_iou improved from 0.79719 to 0.79736, saving model to ../models/fcdn-isic-tl-gn.h5
Epoch 193/200
 - 459s - loss: 0.0994 - mean_iou: 0.7974 - val_loss: 0.1455 - val_mean_iou: 0.7975

Epoch 00193: val_mean_iou improved from 0.79736 to 0.79746, saving model to ../models/fcdn-isic-tl-gn.h5
Epoch 194/200
 - 460s - loss: 0.0967 - mean_iou: 0.7975 - val_loss: 0.1360 - val_mean_iou: 0.7976

Epoch 00194: val_mean_iou improved from 0.79746 to 0.79761, saving model to ../models/fcdn-isic-tl-gn.h5
Epoch 195/200
 - 455s - loss: 0.0887 - mean_iou: 0.7977 - val_loss: 0.1508 - val_mean_iou: 0.7978

Epoch 00195: val_mean_iou improved from 0.79761 to 0.79781, saving model to ../models/fcdn-isic-tl-gn.h5
Epoch 196/200
 - 457s - loss: 0.0878 - mean_iou: 0.7979 - val_loss: 0.1453 - val_mean_iou: 0.7980

Epoch 00196: val_mean_iou improved from 0.79781 to 0.79799, saving model to ../models/fcdn-isic-tl-gn.h5
Epoch 197/200
 - 461s - loss: 0.0865 - mean_iou: 0.7981 - val_loss: 0.1482 - val_mean_iou: 0.7982

Epoch 00197: val_mean_iou improved from 0.79799 to 0.79819, saving model to ../models/fcdn-isic-tl-gn.h5
Epoch 198/200
 - 454s - loss: 0.0880 - mean_iou: 0.7983 - val_loss: 0.1295 - val_mean_iou: 0.7984

Epoch 00198: val_mean_iou improved from 0.79819 to 0.79837, saving model to ../models/fcdn-isic-tl-gn.h5
Epoch 199/200
 - 461s - loss: 0.0960 - mean_iou: 0.7984 - val_loss: 0.1326 - val_mean_iou: 0.7985

Epoch 00199: val_mean_iou improved from 0.79837 to 0.79852, saving model to ../models/fcdn-isic-tl-gn.h5
Epoch 200/200
 - 464s - loss: 0.0880 - mean_iou: 0.7986 - val_loss: 0.1446 - val_mean_iou: 0.7987

Epoch 00200: val_mean_iou improved from 0.79852 to 0.79871, saving model to ../models/fcdn-isic-tl-gn.h5
loss is 0.11066817654960456
iou is 0.7987343908726484
