Executing on gpu014
Found 1894 images belonging to 1 classes.
Found 1894 images belonging to 1 classes.
Found 350 images belonging to 1 classes.
Found 350 images belonging to 1 classes.
Found 350 images belonging to 1 classes.
Found 350 images belonging to 1 classes.
11
Epoch 1/500
 - 1095s - loss: 0.2172 - mean_iou: 0.5921 - val_loss: 0.1780 - val_mean_iou: 0.6744

Epoch 00001: val_mean_iou improved from -inf to 0.67445, saving model to ../models/fcdn-isic-500-tl-gn.h5
Epoch 2/500
 - 450s - loss: 0.1744 - mean_iou: 0.6917 - val_loss: 0.2201 - val_mean_iou: 0.7005

Epoch 00002: val_mean_iou improved from 0.67445 to 0.70051, saving model to ../models/fcdn-isic-500-tl-gn.h5
Epoch 3/500
 - 461s - loss: 0.1770 - mean_iou: 0.7010 - val_loss: 0.2319 - val_mean_iou: 0.7043

Epoch 00003: val_mean_iou improved from 0.70051 to 0.70430, saving model to ../models/fcdn-isic-500-tl-gn.h5
Epoch 4/500
 - 463s - loss: 0.1678 - mean_iou: 0.7053 - val_loss: 0.1983 - val_mean_iou: 0.7095

Epoch 00004: val_mean_iou improved from 0.70430 to 0.70952, saving model to ../models/fcdn-isic-500-tl-gn.h5
Epoch 5/500
 - 454s - loss: 0.1632 - mean_iou: 0.7115 - val_loss: 0.2374 - val_mean_iou: 0.7133

Epoch 00005: val_mean_iou improved from 0.70952 to 0.71334, saving model to ../models/fcdn-isic-500-tl-gn.h5
Epoch 6/500
 - 463s - loss: 0.1629 - mean_iou: 0.7141 - val_loss: 0.1887 - val_mean_iou: 0.7164

Epoch 00006: val_mean_iou improved from 0.71334 to 0.71643, saving model to ../models/fcdn-isic-500-tl-gn.h5
Epoch 7/500
 - 460s - loss: 0.1519 - mean_iou: 0.7179 - val_loss: 0.1828 - val_mean_iou: 0.7210

Epoch 00007: val_mean_iou improved from 0.71643 to 0.72104, saving model to ../models/fcdn-isic-500-tl-gn.h5
Epoch 8/500
 - 456s - loss: 0.1507 - mean_iou: 0.7226 - val_loss: 0.1881 - val_mean_iou: 0.7248

Epoch 00008: val_mean_iou improved from 0.72104 to 0.72475, saving model to ../models/fcdn-isic-500-tl-gn.h5
Epoch 9/500
 - 463s - loss: 0.1510 - mean_iou: 0.7260 - val_loss: 0.1786 - val_mean_iou: 0.7279

Epoch 00009: val_mean_iou improved from 0.72475 to 0.72788, saving model to ../models/fcdn-isic-500-tl-gn.h5
Epoch 10/500
 - 456s - loss: 0.1504 - mean_iou: 0.7286 - val_loss: 0.2219 - val_mean_iou: 0.7300

Epoch 00010: val_mean_iou improved from 0.72788 to 0.73005, saving model to ../models/fcdn-isic-500-tl-gn.h5
Epoch 11/500
 - 462s - loss: 0.1525 - mean_iou: 0.7300 - val_loss: 0.1975 - val_mean_iou: 0.7314

Epoch 00011: val_mean_iou improved from 0.73005 to 0.73137, saving model to ../models/fcdn-isic-500-tl-gn.h5
Epoch 12/500
 - 462s - loss: 0.1423 - mean_iou: 0.7321 - val_loss: 0.2151 - val_mean_iou: 0.7332

Epoch 00012: val_mean_iou improved from 0.73137 to 0.73318, saving model to ../models/fcdn-isic-500-tl-gn.h5
Epoch 13/500
 - 452s - loss: 0.1453 - mean_iou: 0.7337 - val_loss: 0.3810 - val_mean_iou: 0.7336

Epoch 00013: val_mean_iou improved from 0.73318 to 0.73356, saving model to ../models/fcdn-isic-500-tl-gn.h5
Epoch 14/500
 - 459s - loss: 0.1465 - mean_iou: 0.7323 - val_loss: 0.3848 - val_mean_iou: 0.7325

Epoch 00014: val_mean_iou did not improve from 0.73356
Epoch 15/500
 - 461s - loss: 0.1456 - mean_iou: 0.7313 - val_loss: 0.1878 - val_mean_iou: 0.7323

Epoch 00015: val_mean_iou did not improve from 0.73356
Epoch 16/500
 - 454s - loss: 0.1405 - mean_iou: 0.7331 - val_loss: 0.1895 - val_mean_iou: 0.7343

Epoch 00016: val_mean_iou improved from 0.73356 to 0.73427, saving model to ../models/fcdn-isic-500-tl-gn.h5
Epoch 17/500
 - 461s - loss: 0.1394 - mean_iou: 0.7348 - val_loss: 0.1841 - val_mean_iou: 0.7359

Epoch 00017: val_mean_iou improved from 0.73427 to 0.73587, saving model to ../models/fcdn-isic-500-tl-gn.h5
Epoch 18/500
 - 460s - loss: 0.1387 - mean_iou: 0.7364 - val_loss: 0.1683 - val_mean_iou: 0.7375

Epoch 00018: val_mean_iou improved from 0.73587 to 0.73745, saving model to ../models/fcdn-isic-500-tl-gn.h5
Epoch 19/500
 - 455s - loss: 0.1417 - mean_iou: 0.7379 - val_loss: 0.1744 - val_mean_iou: 0.7388

Epoch 00019: val_mean_iou improved from 0.73745 to 0.73878, saving model to ../models/fcdn-isic-500-tl-gn.h5
Epoch 20/500
 - 463s - loss: 0.1400 - mean_iou: 0.7393 - val_loss: 0.1905 - val_mean_iou: 0.7401

Epoch 00020: val_mean_iou improved from 0.73878 to 0.74008, saving model to ../models/fcdn-isic-500-tl-gn.h5
Epoch 21/500
 - 458s - loss: 0.1390 - mean_iou: 0.7405 - val_loss: 0.1777 - val_mean_iou: 0.7413

Epoch 00021: val_mean_iou improved from 0.74008 to 0.74127, saving model to ../models/fcdn-isic-500-tl-gn.h5
Epoch 22/500
 - 458s - loss: 0.1418 - mean_iou: 0.7416 - val_loss: 0.1755 - val_mean_iou: 0.7423

Epoch 00022: val_mean_iou improved from 0.74127 to 0.74230, saving model to ../models/fcdn-isic-500-tl-gn.h5
Epoch 23/500
 - 463s - loss: 0.1329 - mean_iou: 0.7429 - val_loss: 0.1799 - val_mean_iou: 0.7436

Epoch 00023: val_mean_iou improved from 0.74230 to 0.74365, saving model to ../models/fcdn-isic-500-tl-gn.h5
Epoch 24/500
 - 457s - loss: 0.1358 - mean_iou: 0.7441 - val_loss: 0.1728 - val_mean_iou: 0.7448

Epoch 00024: val_mean_iou improved from 0.74365 to 0.74477, saving model to ../models/fcdn-isic-500-tl-gn.h5
Epoch 25/500
 - 457s - loss: 0.1307 - mean_iou: 0.7452 - val_loss: 0.1637 - val_mean_iou: 0.7460

Epoch 00025: val_mean_iou improved from 0.74477 to 0.74602, saving model to ../models/fcdn-isic-500-tl-gn.h5
Epoch 26/500
 - 461s - loss: 0.1302 - mean_iou: 0.7465 - val_loss: 0.1690 - val_mean_iou: 0.7472

Epoch 00026: val_mean_iou improved from 0.74602 to 0.74718, saving model to ../models/fcdn-isic-500-tl-gn.h5
Epoch 27/500
 - 457s - loss: 0.1348 - mean_iou: 0.7476 - val_loss: 0.2067 - val_mean_iou: 0.7480

Epoch 00027: val_mean_iou improved from 0.74718 to 0.74798, saving model to ../models/fcdn-isic-500-tl-gn.h5
Epoch 28/500
 - 456s - loss: 0.1270 - mean_iou: 0.7483 - val_loss: 0.1985 - val_mean_iou: 0.7489

Epoch 00028: val_mean_iou improved from 0.74798 to 0.74886, saving model to ../models/fcdn-isic-500-tl-gn.h5
Epoch 29/500
 - 459s - loss: 0.1365 - mean_iou: 0.7491 - val_loss: 0.1903 - val_mean_iou: 0.7495

Epoch 00029: val_mean_iou improved from 0.74886 to 0.74955, saving model to ../models/fcdn-isic-500-tl-gn.h5
Epoch 30/500
 - 454s - loss: 0.1364 - mean_iou: 0.7496 - val_loss: 0.2013 - val_mean_iou: 0.7501

Epoch 00030: val_mean_iou improved from 0.74955 to 0.75010, saving model to ../models/fcdn-isic-500-tl-gn.h5
Epoch 31/500
 - 464s - loss: 0.1363 - mean_iou: 0.7503 - val_loss: 0.1902 - val_mean_iou: 0.7507

Epoch 00031: val_mean_iou improved from 0.75010 to 0.75071, saving model to ../models/fcdn-isic-500-tl-gn.h5
Epoch 32/500
 - 455s - loss: 0.1364 - mean_iou: 0.7508 - val_loss: 0.1719 - val_mean_iou: 0.7513

Epoch 00032: val_mean_iou improved from 0.75071 to 0.75127, saving model to ../models/fcdn-isic-500-tl-gn.h5
Epoch 33/500
 - 456s - loss: 0.1303 - mean_iou: 0.7515 - val_loss: 0.2007 - val_mean_iou: 0.7520

Epoch 00033: val_mean_iou improved from 0.75127 to 0.75197, saving model to ../models/fcdn-isic-500-tl-gn.h5
Epoch 34/500
 - 458s - loss: 0.1251 - mean_iou: 0.7522 - val_loss: 0.1769 - val_mean_iou: 0.7528

Epoch 00034: val_mean_iou improved from 0.75197 to 0.75280, saving model to ../models/fcdn-isic-500-tl-gn.h5
Epoch 35/500
 - 459s - loss: 0.1334 - mean_iou: 0.7530 - val_loss: 0.1783 - val_mean_iou: 0.7534

Epoch 00035: val_mean_iou improved from 0.75280 to 0.75342, saving model to ../models/fcdn-isic-500-tl-gn.h5
Epoch 36/500
 - 465s - loss: 0.1224 - mean_iou: 0.7538 - val_loss: 0.1965 - val_mean_iou: 0.7543

Epoch 00036: val_mean_iou improved from 0.75342 to 0.75427, saving model to ../models/fcdn-isic-500-tl-gn.h5
Epoch 37/500
 - 460s - loss: 0.1219 - mean_iou: 0.7545 - val_loss: 0.1774 - val_mean_iou: 0.7550

Epoch 00037: val_mean_iou improved from 0.75427 to 0.75504, saving model to ../models/fcdn-isic-500-tl-gn.h5
Epoch 38/500
 - 452s - loss: 0.1287 - mean_iou: 0.7553 - val_loss: 0.1800 - val_mean_iou: 0.7556

Epoch 00038: val_mean_iou improved from 0.75504 to 0.75564, saving model to ../models/fcdn-isic-500-tl-gn.h5
Epoch 39/500
 - 459s - loss: 0.1285 - mean_iou: 0.7558 - val_loss: 0.1728 - val_mean_iou: 0.7562

Epoch 00039: val_mean_iou improved from 0.75564 to 0.75624, saving model to ../models/fcdn-isic-500-tl-gn.h5
Epoch 40/500
 - 464s - loss: 0.1264 - mean_iou: 0.7565 - val_loss: 0.1521 - val_mean_iou: 0.7568

Epoch 00040: val_mean_iou improved from 0.75624 to 0.75684, saving model to ../models/fcdn-isic-500-tl-gn.h5
Epoch 41/500
 - 452s - loss: 0.1210 - mean_iou: 0.7572 - val_loss: 0.2227 - val_mean_iou: 0.7576

Epoch 00041: val_mean_iou improved from 0.75684 to 0.75759, saving model to ../models/fcdn-isic-500-tl-gn.h5
Epoch 42/500
 - 460s - loss: 0.1258 - mean_iou: 0.7577 - val_loss: 0.2252 - val_mean_iou: 0.7581

Epoch 00042: val_mean_iou improved from 0.75759 to 0.75808, saving model to ../models/fcdn-isic-500-tl-gn.h5
Epoch 43/500
 - 457s - loss: 0.1261 - mean_iou: 0.7582 - val_loss: 0.1785 - val_mean_iou: 0.7586

Epoch 00043: val_mean_iou improved from 0.75808 to 0.75856, saving model to ../models/fcdn-isic-500-tl-gn.h5
Epoch 44/500
 - 459s - loss: 0.1284 - mean_iou: 0.7587 - val_loss: 0.1641 - val_mean_iou: 0.7590

Epoch 00044: val_mean_iou improved from 0.75856 to 0.75905, saving model to ../models/fcdn-isic-500-tl-gn.h5
Epoch 45/500
 - 458s - loss: 0.1242 - mean_iou: 0.7592 - val_loss: 0.1720 - val_mean_iou: 0.7596

Epoch 00045: val_mean_iou improved from 0.75905 to 0.75964, saving model to ../models/fcdn-isic-500-tl-gn.h5
Epoch 46/500
 - 462s - loss: 0.1262 - mean_iou: 0.7598 - val_loss: 0.1978 - val_mean_iou: 0.7601

Epoch 00046: val_mean_iou improved from 0.75964 to 0.76011, saving model to ../models/fcdn-isic-500-tl-gn.h5
Epoch 47/500
 - 450s - loss: 0.1231 - mean_iou: 0.7602 - val_loss: 0.2067 - val_mean_iou: 0.7605

Epoch 00047: val_mean_iou improved from 0.76011 to 0.76051, saving model to ../models/fcdn-isic-500-tl-gn.h5
Epoch 48/500
 - 460s - loss: 0.1248 - mean_iou: 0.7606 - val_loss: 0.1516 - val_mean_iou: 0.7610

Epoch 00048: val_mean_iou improved from 0.76051 to 0.76097, saving model to ../models/fcdn-isic-500-tl-gn.h5
Epoch 49/500
 - 461s - loss: 0.1155 - mean_iou: 0.7613 - val_loss: 0.1729 - val_mean_iou: 0.7617

Epoch 00049: val_mean_iou improved from 0.76097 to 0.76168, saving model to ../models/fcdn-isic-500-tl-gn.h5
Epoch 50/500
 - 458s - loss: 0.1216 - mean_iou: 0.7619 - val_loss: 0.2234 - val_mean_iou: 0.7622

Epoch 00050: val_mean_iou improved from 0.76168 to 0.76217, saving model to ../models/fcdn-isic-500-tl-gn.h5
Epoch 51/500
 - 457s - loss: 0.1206 - mean_iou: 0.7623 - val_loss: 0.2349 - val_mean_iou: 0.7626

Epoch 00051: val_mean_iou improved from 0.76217 to 0.76255, saving model to ../models/fcdn-isic-500-tl-gn.h5
Epoch 52/500
 - 457s - loss: 0.1220 - mean_iou: 0.7627 - val_loss: 0.1712 - val_mean_iou: 0.7630

Epoch 00052: val_mean_iou improved from 0.76255 to 0.76301, saving model to ../models/fcdn-isic-500-tl-gn.h5
Epoch 53/500
 - 456s - loss: 0.1190 - mean_iou: 0.7632 - val_loss: 0.2184 - val_mean_iou: 0.7635

Epoch 00053: val_mean_iou improved from 0.76301 to 0.76345, saving model to ../models/fcdn-isic-500-tl-gn.h5
Epoch 54/500
 - 463s - loss: 0.1256 - mean_iou: 0.7635 - val_loss: 0.1864 - val_mean_iou: 0.7638

Epoch 00054: val_mean_iou improved from 0.76345 to 0.76379, saving model to ../models/fcdn-isic-500-tl-gn.h5
Epoch 55/500
 - 457s - loss: 0.1228 - mean_iou: 0.7639 - val_loss: 0.1926 - val_mean_iou: 0.7642

Epoch 00055: val_mean_iou improved from 0.76379 to 0.76422, saving model to ../models/fcdn-isic-500-tl-gn.h5
Epoch 56/500
 - 464s - loss: 0.1182 - mean_iou: 0.7644 - val_loss: 0.1691 - val_mean_iou: 0.7647

Epoch 00056: val_mean_iou improved from 0.76422 to 0.76469, saving model to ../models/fcdn-isic-500-tl-gn.h5
Epoch 57/500
 - 461s - loss: 0.1112 - mean_iou: 0.7650 - val_loss: 0.1664 - val_mean_iou: 0.7653

Epoch 00057: val_mean_iou improved from 0.76469 to 0.76533, saving model to ../models/fcdn-isic-500-tl-gn.h5
Epoch 58/500
 - 452s - loss: 0.1185 - mean_iou: 0.7655 - val_loss: 0.1791 - val_mean_iou: 0.7658

Epoch 00058: val_mean_iou improved from 0.76533 to 0.76578, saving model to ../models/fcdn-isic-500-tl-gn.h5
Epoch 59/500
 - 467s - loss: 0.1205 - mean_iou: 0.7659 - val_loss: 0.1622 - val_mean_iou: 0.7662

Epoch 00059: val_mean_iou improved from 0.76578 to 0.76615, saving model to ../models/fcdn-isic-500-tl-gn.h5
Epoch 60/500
 - 457s - loss: 0.1151 - mean_iou: 0.7663 - val_loss: 0.2011 - val_mean_iou: 0.7666

Epoch 00060: val_mean_iou improved from 0.76615 to 0.76659, saving model to ../models/fcdn-isic-500-tl-gn.h5
Epoch 61/500
 - 457s - loss: 0.1137 - mean_iou: 0.7668 - val_loss: 0.1840 - val_mean_iou: 0.7670

Epoch 00061: val_mean_iou improved from 0.76659 to 0.76704, saving model to ../models/fcdn-isic-500-tl-gn.h5
Epoch 62/500
 - 461s - loss: 0.1162 - mean_iou: 0.7671 - val_loss: 0.1801 - val_mean_iou: 0.7675

Epoch 00062: val_mean_iou improved from 0.76704 to 0.76745, saving model to ../models/fcdn-isic-500-tl-gn.h5
Epoch 63/500
 - 462s - loss: 0.1181 - mean_iou: 0.7676 - val_loss: 0.1892 - val_mean_iou: 0.7678

Epoch 00063: val_mean_iou improved from 0.76745 to 0.76783, saving model to ../models/fcdn-isic-500-tl-gn.h5
Epoch 64/500
 - 458s - loss: 0.1162 - mean_iou: 0.7680 - val_loss: 0.1659 - val_mean_iou: 0.7682

Epoch 00064: val_mean_iou improved from 0.76783 to 0.76825, saving model to ../models/fcdn-isic-500-tl-gn.h5
Epoch 65/500
 - 460s - loss: 0.1156 - mean_iou: 0.7684 - val_loss: 0.1834 - val_mean_iou: 0.7687

Epoch 00065: val_mean_iou improved from 0.76825 to 0.76868, saving model to ../models/fcdn-isic-500-tl-gn.h5
Epoch 66/500
 - 456s - loss: 0.1202 - mean_iou: 0.7687 - val_loss: 0.1574 - val_mean_iou: 0.7690

Epoch 00066: val_mean_iou improved from 0.76868 to 0.76898, saving model to ../models/fcdn-isic-500-tl-gn.h5
Epoch 67/500
 - 464s - loss: 0.1075 - mean_iou: 0.7692 - val_loss: 0.1722 - val_mean_iou: 0.7696

Epoch 00067: val_mean_iou improved from 0.76898 to 0.76958, saving model to ../models/fcdn-isic-500-tl-gn.h5
Epoch 68/500
 - 457s - loss: 0.1099 - mean_iou: 0.7698 - val_loss: 0.1649 - val_mean_iou: 0.7701

Epoch 00068: val_mean_iou improved from 0.76958 to 0.77007, saving model to ../models/fcdn-isic-500-tl-gn.h5
Epoch 69/500
 - 460s - loss: 0.1137 - mean_iou: 0.7702 - val_loss: 0.1601 - val_mean_iou: 0.7705

Epoch 00069: val_mean_iou improved from 0.77007 to 0.77049, saving model to ../models/fcdn-isic-500-tl-gn.h5
Epoch 70/500
 - 460s - loss: 0.1103 - mean_iou: 0.7707 - val_loss: 0.1491 - val_mean_iou: 0.7709

Epoch 00070: val_mean_iou improved from 0.77049 to 0.77094, saving model to ../models/fcdn-isic-500-tl-gn.h5
Epoch 71/500
 - 459s - loss: 0.1163 - mean_iou: 0.7711 - val_loss: 0.2359 - val_mean_iou: 0.7713

Epoch 00071: val_mean_iou improved from 0.77094 to 0.77127, saving model to ../models/fcdn-isic-500-tl-gn.h5
Epoch 72/500
 - 454s - loss: 0.1121 - mean_iou: 0.7713 - val_loss: 0.1673 - val_mean_iou: 0.7715

Epoch 00072: val_mean_iou improved from 0.77127 to 0.77151, saving model to ../models/fcdn-isic-500-tl-gn.h5
Epoch 73/500
 - 465s - loss: 0.1102 - mean_iou: 0.7717 - val_loss: 0.1814 - val_mean_iou: 0.7719

Epoch 00073: val_mean_iou improved from 0.77151 to 0.77193, saving model to ../models/fcdn-isic-500-tl-gn.h5
Epoch 74/500
 - 461s - loss: 0.1029 - mean_iou: 0.7722 - val_loss: 0.1918 - val_mean_iou: 0.7724

Epoch 00074: val_mean_iou improved from 0.77193 to 0.77245, saving model to ../models/fcdn-isic-500-tl-gn.h5
Epoch 75/500
 - 459s - loss: 0.1144 - mean_iou: 0.7725 - val_loss: 0.1521 - val_mean_iou: 0.7728

Epoch 00075: val_mean_iou improved from 0.77245 to 0.77280, saving model to ../models/fcdn-isic-500-tl-gn.h5
Epoch 76/500
 - 463s - loss: 0.1099 - mean_iou: 0.7729 - val_loss: 0.1740 - val_mean_iou: 0.7732

Epoch 00076: val_mean_iou improved from 0.77280 to 0.77316, saving model to ../models/fcdn-isic-500-tl-gn.h5
Epoch 77/500
 - 457s - loss: 0.1122 - mean_iou: 0.7732 - val_loss: 0.1741 - val_mean_iou: 0.7735

Epoch 00077: val_mean_iou improved from 0.77316 to 0.77345, saving model to ../models/fcdn-isic-500-tl-gn.h5
Epoch 78/500
 - 458s - loss: 0.1114 - mean_iou: 0.7736 - val_loss: 0.1790 - val_mean_iou: 0.7738

Epoch 00078: val_mean_iou improved from 0.77345 to 0.77384, saving model to ../models/fcdn-isic-500-tl-gn.h5
Epoch 79/500
 - 464s - loss: 0.1074 - mean_iou: 0.7740 - val_loss: 0.2585 - val_mean_iou: 0.7742

Epoch 00079: val_mean_iou improved from 0.77384 to 0.77416, saving model to ../models/fcdn-isic-500-tl-gn.h5
Epoch 80/500
 - 453s - loss: 0.1090 - mean_iou: 0.7742 - val_loss: 0.1737 - val_mean_iou: 0.7744

Epoch 00080: val_mean_iou improved from 0.77416 to 0.77440, saving model to ../models/fcdn-isic-500-tl-gn.h5
Epoch 81/500
 - 461s - loss: 0.1038 - mean_iou: 0.7746 - val_loss: 0.1889 - val_mean_iou: 0.7748

Epoch 00081: val_mean_iou improved from 0.77440 to 0.77481, saving model to ../models/fcdn-isic-500-tl-gn.h5
Epoch 82/500
 - 461s - loss: 0.1057 - mean_iou: 0.7749 - val_loss: 0.1895 - val_mean_iou: 0.7751

Epoch 00082: val_mean_iou improved from 0.77481 to 0.77511, saving model to ../models/fcdn-isic-500-tl-gn.h5
Epoch 83/500
 - 456s - loss: 0.1025 - mean_iou: 0.7753 - val_loss: 0.1343 - val_mean_iou: 0.7756

Epoch 00083: val_mean_iou improved from 0.77511 to 0.77564, saving model to ../models/fcdn-isic-500-tl-gn.h5
Epoch 84/500
 - 461s - loss: 0.1036 - mean_iou: 0.7758 - val_loss: 0.1599 - val_mean_iou: 0.7761

Epoch 00084: val_mean_iou improved from 0.77564 to 0.77610, saving model to ../models/fcdn-isic-500-tl-gn.h5
Epoch 85/500
 - 459s - loss: 0.1029 - mean_iou: 0.7762 - val_loss: 0.1889 - val_mean_iou: 0.7765

Epoch 00085: val_mean_iou improved from 0.77610 to 0.77647, saving model to ../models/fcdn-isic-500-tl-gn.h5
Epoch 86/500
 - 455s - loss: 0.1073 - mean_iou: 0.7766 - val_loss: 0.1832 - val_mean_iou: 0.7768

Epoch 00086: val_mean_iou improved from 0.77647 to 0.77678, saving model to ../models/fcdn-isic-500-tl-gn.h5
Epoch 87/500
 - 464s - loss: 0.1087 - mean_iou: 0.7769 - val_loss: 0.1578 - val_mean_iou: 0.7771

Epoch 00087: val_mean_iou improved from 0.77678 to 0.77707, saving model to ../models/fcdn-isic-500-tl-gn.h5
Epoch 88/500
 - 454s - loss: 0.1094 - mean_iou: 0.7772 - val_loss: 0.1766 - val_mean_iou: 0.7774

Epoch 00088: val_mean_iou improved from 0.77707 to 0.77741, saving model to ../models/fcdn-isic-500-tl-gn.h5
Epoch 89/500
 - 457s - loss: 0.1076 - mean_iou: 0.7775 - val_loss: 0.1609 - val_mean_iou: 0.7777

Epoch 00089: val_mean_iou improved from 0.77741 to 0.77770, saving model to ../models/fcdn-isic-500-tl-gn.h5
Epoch 90/500
 - 462s - loss: 0.1036 - mean_iou: 0.7778 - val_loss: 0.1688 - val_mean_iou: 0.7781

Epoch 00090: val_mean_iou improved from 0.77770 to 0.77807, saving model to ../models/fcdn-isic-500-tl-gn.h5
Epoch 91/500
 - 456s - loss: 0.1096 - mean_iou: 0.7782 - val_loss: 0.1720 - val_mean_iou: 0.7784

Epoch 00091: val_mean_iou improved from 0.77807 to 0.77839, saving model to ../models/fcdn-isic-500-tl-gn.h5
Epoch 92/500
 - 453s - loss: 0.1096 - mean_iou: 0.7785 - val_loss: 0.1695 - val_mean_iou: 0.7787

Epoch 00092: val_mean_iou improved from 0.77839 to 0.77871, saving model to ../models/fcdn-isic-500-tl-gn.h5
Epoch 93/500
 - 464s - loss: 0.1008 - mean_iou: 0.7789 - val_loss: 0.1732 - val_mean_iou: 0.7791

Epoch 00093: val_mean_iou improved from 0.77871 to 0.77907, saving model to ../models/fcdn-isic-500-tl-gn.h5
Epoch 94/500
 - 454s - loss: 0.1023 - mean_iou: 0.7792 - val_loss: 0.1883 - val_mean_iou: 0.7794

Epoch 00094: val_mean_iou improved from 0.77907 to 0.77937, saving model to ../models/fcdn-isic-500-tl-gn.h5
Epoch 95/500
 - 463s - loss: 0.1011 - mean_iou: 0.7795 - val_loss: 0.1668 - val_mean_iou: 0.7797

Epoch 00095: val_mean_iou improved from 0.77937 to 0.77972, saving model to ../models/fcdn-isic-500-tl-gn.h5
Epoch 96/500
 - 458s - loss: 0.1019 - mean_iou: 0.7799 - val_loss: 0.1474 - val_mean_iou: 0.7801

Epoch 00096: val_mean_iou improved from 0.77972 to 0.78007, saving model to ../models/fcdn-isic-500-tl-gn.h5
Epoch 97/500
 - 459s - loss: 0.1016 - mean_iou: 0.7802 - val_loss: 0.1796 - val_mean_iou: 0.7804

Epoch 00097: val_mean_iou improved from 0.78007 to 0.78041, saving model to ../models/fcdn-isic-500-tl-gn.h5
Epoch 98/500
 - 460s - loss: 0.1050 - mean_iou: 0.7805 - val_loss: 0.1672 - val_mean_iou: 0.7807

Epoch 00098: val_mean_iou improved from 0.78041 to 0.78069, saving model to ../models/fcdn-isic-500-tl-gn.h5
Epoch 99/500
 - 458s - loss: 0.1048 - mean_iou: 0.7808 - val_loss: 0.2052 - val_mean_iou: 0.7810

Epoch 00099: val_mean_iou improved from 0.78069 to 0.78096, saving model to ../models/fcdn-isic-500-tl-gn.h5
Epoch 100/500
 - 461s - loss: 0.1053 - mean_iou: 0.7810 - val_loss: 0.1696 - val_mean_iou: 0.7812

Epoch 00100: val_mean_iou improved from 0.78096 to 0.78121, saving model to ../models/fcdn-isic-500-tl-gn.h5
Epoch 101/500
 - 462s - loss: 0.0995 - mean_iou: 0.7814 - val_loss: 0.1612 - val_mean_iou: 0.7816

Epoch 00101: val_mean_iou improved from 0.78121 to 0.78158, saving model to ../models/fcdn-isic-500-tl-gn.h5
Epoch 102/500
 - 458s - loss: 0.1068 - mean_iou: 0.7817 - val_loss: 0.1733 - val_mean_iou: 0.7818

Epoch 00102: val_mean_iou improved from 0.78158 to 0.78184, saving model to ../models/fcdn-isic-500-tl-gn.h5
Epoch 103/500
 - 459s - loss: 0.1029 - mean_iou: 0.7819 - val_loss: 0.1443 - val_mean_iou: 0.7821

Epoch 00103: val_mean_iou improved from 0.78184 to 0.78215, saving model to ../models/fcdn-isic-500-tl-gn.h5
Epoch 104/500
 - 462s - loss: 0.1034 - mean_iou: 0.7822 - val_loss: 0.1683 - val_mean_iou: 0.7824

Epoch 00104: val_mean_iou improved from 0.78215 to 0.78243, saving model to ../models/fcdn-isic-500-tl-gn.h5
Epoch 105/500
 - 455s - loss: 0.1083 - mean_iou: 0.7825 - val_loss: 0.1727 - val_mean_iou: 0.7826

Epoch 00105: val_mean_iou improved from 0.78243 to 0.78263, saving model to ../models/fcdn-isic-500-tl-gn.h5
Epoch 106/500
 - 461s - loss: 0.0971 - mean_iou: 0.7828 - val_loss: 0.1790 - val_mean_iou: 0.7830

Epoch 00106: val_mean_iou improved from 0.78263 to 0.78296, saving model to ../models/fcdn-isic-500-tl-gn.h5
Epoch 107/500
 - 460s - loss: 0.1011 - mean_iou: 0.7830 - val_loss: 0.1924 - val_mean_iou: 0.7832

Epoch 00107: val_mean_iou improved from 0.78296 to 0.78324, saving model to ../models/fcdn-isic-500-tl-gn.h5
Epoch 108/500
 - 455s - loss: 0.1020 - mean_iou: 0.7833 - val_loss: 0.1444 - val_mean_iou: 0.7835

Epoch 00108: val_mean_iou improved from 0.78324 to 0.78352, saving model to ../models/fcdn-isic-500-tl-gn.h5
Epoch 109/500
 - 454s - loss: 0.0996 - mean_iou: 0.7837 - val_loss: 0.1502 - val_mean_iou: 0.7839

Epoch 00109: val_mean_iou improved from 0.78352 to 0.78387, saving model to ../models/fcdn-isic-500-tl-gn.h5
Epoch 110/500
 - 465s - loss: 0.1043 - mean_iou: 0.7839 - val_loss: 0.1649 - val_mean_iou: 0.7841

Epoch 00110: val_mean_iou improved from 0.78387 to 0.78411, saving model to ../models/fcdn-isic-500-tl-gn.h5
Epoch 111/500
 - 453s - loss: 0.1016 - mean_iou: 0.7842 - val_loss: 0.1445 - val_mean_iou: 0.7844

Epoch 00111: val_mean_iou improved from 0.78411 to 0.78440, saving model to ../models/fcdn-isic-500-tl-gn.h5
Epoch 112/500
 - 459s - loss: 0.1084 - mean_iou: 0.7845 - val_loss: 0.1588 - val_mean_iou: 0.7846

Epoch 00112: val_mean_iou improved from 0.78440 to 0.78462, saving model to ../models/fcdn-isic-500-tl-gn.h5
Epoch 113/500
 - 460s - loss: 0.1015 - mean_iou: 0.7847 - val_loss: 0.2201 - val_mean_iou: 0.7849

Epoch 00113: val_mean_iou improved from 0.78462 to 0.78486, saving model to ../models/fcdn-isic-500-tl-gn.h5
Epoch 114/500
 - 455s - loss: 0.1074 - mean_iou: 0.7849 - val_loss: 0.1774 - val_mean_iou: 0.7850

Epoch 00114: val_mean_iou improved from 0.78486 to 0.78501, saving model to ../models/fcdn-isic-500-tl-gn.h5
Epoch 115/500
 - 464s - loss: 0.1003 - mean_iou: 0.7851 - val_loss: 0.1888 - val_mean_iou: 0.7853

Epoch 00115: val_mean_iou improved from 0.78501 to 0.78525, saving model to ../models/fcdn-isic-500-tl-gn.h5
Epoch 116/500
 - 456s - loss: 0.0987 - mean_iou: 0.7853 - val_loss: 0.1559 - val_mean_iou: 0.7855

Epoch 00116: val_mean_iou improved from 0.78525 to 0.78552, saving model to ../models/fcdn-isic-500-tl-gn.h5
Epoch 117/500
 - 457s - loss: 0.1048 - mean_iou: 0.7856 - val_loss: 0.1858 - val_mean_iou: 0.7857

Epoch 00117: val_mean_iou improved from 0.78552 to 0.78574, saving model to ../models/fcdn-isic-500-tl-gn.h5
Epoch 118/500
 - 469s - loss: 0.1006 - mean_iou: 0.7858 - val_loss: 0.1643 - val_mean_iou: 0.7860

Epoch 00118: val_mean_iou improved from 0.78574 to 0.78595, saving model to ../models/fcdn-isic-500-tl-gn.h5
Epoch 119/500
 - 454s - loss: 0.0992 - mean_iou: 0.7861 - val_loss: 0.1536 - val_mean_iou: 0.7862

Epoch 00119: val_mean_iou improved from 0.78595 to 0.78623, saving model to ../models/fcdn-isic-500-tl-gn.h5
Epoch 120/500
 - 454s - loss: 0.0999 - mean_iou: 0.7864 - val_loss: 0.2285 - val_mean_iou: 0.7865

Epoch 00120: val_mean_iou improved from 0.78623 to 0.78647, saving model to ../models/fcdn-isic-500-tl-gn.h5
Epoch 121/500
 - 466s - loss: 0.0978 - mean_iou: 0.7865 - val_loss: 0.1392 - val_mean_iou: 0.7866

Epoch 00121: val_mean_iou improved from 0.78647 to 0.78665, saving model to ../models/fcdn-isic-500-tl-gn.h5
Epoch 122/500
 - 455s - loss: 0.1045 - mean_iou: 0.7867 - val_loss: 0.1635 - val_mean_iou: 0.7869

Epoch 00122: val_mean_iou improved from 0.78665 to 0.78687, saving model to ../models/fcdn-isic-500-tl-gn.h5
Epoch 123/500
 - 497s - loss: 0.0979 - mean_iou: 0.7870 - val_loss: 0.1707 - val_mean_iou: 0.7871

Epoch 00123: val_mean_iou improved from 0.78687 to 0.78712, saving model to ../models/fcdn-isic-500-tl-gn.h5
Epoch 124/500
 - 457s - loss: 0.0989 - mean_iou: 0.7872 - val_loss: 0.1450 - val_mean_iou: 0.7874

Epoch 00124: val_mean_iou improved from 0.78712 to 0.78740, saving model to ../models/fcdn-isic-500-tl-gn.h5
Epoch 125/500
 - 456s - loss: 0.0998 - mean_iou: 0.7875 - val_loss: 0.1792 - val_mean_iou: 0.7876

Epoch 00125: val_mean_iou improved from 0.78740 to 0.78765, saving model to ../models/fcdn-isic-500-tl-gn.h5
Epoch 126/500
 - 453s - loss: 0.1003 - mean_iou: 0.7877 - val_loss: 0.1649 - val_mean_iou: 0.7879

Epoch 00126: val_mean_iou improved from 0.78765 to 0.78789, saving model to ../models/fcdn-isic-500-tl-gn.h5
Epoch 127/500
 - 454s - loss: 0.0996 - mean_iou: 0.7880 - val_loss: 0.1646 - val_mean_iou: 0.7881

Epoch 00127: val_mean_iou improved from 0.78789 to 0.78809, saving model to ../models/fcdn-isic-500-tl-gn.h5
Epoch 128/500
 - 465s - loss: 0.0959 - mean_iou: 0.7882 - val_loss: 0.1634 - val_mean_iou: 0.7884

Epoch 00128: val_mean_iou improved from 0.78809 to 0.78835, saving model to ../models/fcdn-isic-500-tl-gn.h5
Epoch 129/500
 - 460s - loss: 0.0917 - mean_iou: 0.7885 - val_loss: 0.1327 - val_mean_iou: 0.7887

Epoch 00129: val_mean_iou improved from 0.78835 to 0.78865, saving model to ../models/fcdn-isic-500-tl-gn.h5
Epoch 130/500
 - 458s - loss: 0.0986 - mean_iou: 0.7888 - val_loss: 0.1671 - val_mean_iou: 0.7889

Epoch 00130: val_mean_iou improved from 0.78865 to 0.78891, saving model to ../models/fcdn-isic-500-tl-gn.h5
Epoch 131/500
 - 455s - loss: 0.0978 - mean_iou: 0.7890 - val_loss: 0.1742 - val_mean_iou: 0.7891

Epoch 00131: val_mean_iou improved from 0.78891 to 0.78911, saving model to ../models/fcdn-isic-500-tl-gn.h5
Epoch 132/500
 - 459s - loss: 0.0959 - mean_iou: 0.7892 - val_loss: 0.1751 - val_mean_iou: 0.7893

Epoch 00132: val_mean_iou improved from 0.78911 to 0.78932, saving model to ../models/fcdn-isic-500-tl-gn.h5
Epoch 133/500
 - 457s - loss: 0.0954 - mean_iou: 0.7894 - val_loss: 0.1892 - val_mean_iou: 0.7895

Epoch 00133: val_mean_iou improved from 0.78932 to 0.78953, saving model to ../models/fcdn-isic-500-tl-gn.h5
Epoch 134/500
 - 460s - loss: 0.0914 - mean_iou: 0.7896 - val_loss: 0.1531 - val_mean_iou: 0.7898

Epoch 00134: val_mean_iou improved from 0.78953 to 0.78977, saving model to ../models/fcdn-isic-500-tl-gn.h5
Epoch 135/500
 - 458s - loss: 0.0983 - mean_iou: 0.7899 - val_loss: 0.1350 - val_mean_iou: 0.7900

Epoch 00135: val_mean_iou improved from 0.78977 to 0.79001, saving model to ../models/fcdn-isic-500-tl-gn.h5
Epoch 136/500
 - 450s - loss: 0.0940 - mean_iou: 0.7901 - val_loss: 0.1408 - val_mean_iou: 0.7903

Epoch 00136: val_mean_iou improved from 0.79001 to 0.79027, saving model to ../models/fcdn-isic-500-tl-gn.h5
Epoch 137/500
 - 466s - loss: 0.0956 - mean_iou: 0.7904 - val_loss: 0.1504 - val_mean_iou: 0.7905

Epoch 00137: val_mean_iou improved from 0.79027 to 0.79051, saving model to ../models/fcdn-isic-500-tl-gn.h5
Epoch 138/500
 - 454s - loss: 0.1003 - mean_iou: 0.7906 - val_loss: 0.1576 - val_mean_iou: 0.7907

Epoch 00138: val_mean_iou improved from 0.79051 to 0.79072, saving model to ../models/fcdn-isic-500-tl-gn.h5
Epoch 139/500
 - 453s - loss: 0.0948 - mean_iou: 0.7908 - val_loss: 0.1822 - val_mean_iou: 0.7909

Epoch 00139: val_mean_iou improved from 0.79072 to 0.79092, saving model to ../models/fcdn-isic-500-tl-gn.h5
Epoch 140/500
 - 467s - loss: 0.0961 - mean_iou: 0.7910 - val_loss: 0.1768 - val_mean_iou: 0.7911

Epoch 00140: val_mean_iou improved from 0.79092 to 0.79113, saving model to ../models/fcdn-isic-500-tl-gn.h5
Epoch 141/500
 - 456s - loss: 0.1011 - mean_iou: 0.7912 - val_loss: 0.1562 - val_mean_iou: 0.7913

Epoch 00141: val_mean_iou improved from 0.79113 to 0.79130, saving model to ../models/fcdn-isic-500-tl-gn.h5
Epoch 142/500
 - 456s - loss: 0.0979 - mean_iou: 0.7914 - val_loss: 0.1687 - val_mean_iou: 0.7915

Epoch 00142: val_mean_iou improved from 0.79130 to 0.79151, saving model to ../models/fcdn-isic-500-tl-gn.h5
Epoch 143/500
 - 465s - loss: 0.0930 - mean_iou: 0.7916 - val_loss: 0.1774 - val_mean_iou: 0.7918

Epoch 00143: val_mean_iou improved from 0.79151 to 0.79175, saving model to ../models/fcdn-isic-500-tl-gn.h5
Epoch 144/500
 - 454s - loss: 0.0953 - mean_iou: 0.7918 - val_loss: 0.1506 - val_mean_iou: 0.7920

Epoch 00144: val_mean_iou improved from 0.79175 to 0.79199, saving model to ../models/fcdn-isic-500-tl-gn.h5
Epoch 145/500
 - 460s - loss: 0.0940 - mean_iou: 0.7921 - val_loss: 0.1477 - val_mean_iou: 0.7922

Epoch 00145: val_mean_iou improved from 0.79199 to 0.79221, saving model to ../models/fcdn-isic-500-tl-gn.h5
Epoch 146/500
 - 458s - loss: 0.0939 - mean_iou: 0.7923 - val_loss: 0.1528 - val_mean_iou: 0.7925

Epoch 00146: val_mean_iou improved from 0.79221 to 0.79246, saving model to ../models/fcdn-isic-500-tl-gn.h5
Epoch 147/500
 - 457s - loss: 0.0957 - mean_iou: 0.7925 - val_loss: 0.1567 - val_mean_iou: 0.7927

Epoch 00147: val_mean_iou improved from 0.79246 to 0.79267, saving model to ../models/fcdn-isic-500-tl-gn.h5
Epoch 148/500
 - 458s - loss: 0.0950 - mean_iou: 0.7927 - val_loss: 0.1519 - val_mean_iou: 0.7929

Epoch 00148: val_mean_iou improved from 0.79267 to 0.79290, saving model to ../models/fcdn-isic-500-tl-gn.h5
Epoch 149/500
 - 464s - loss: 0.0918 - mean_iou: 0.7930 - val_loss: 0.1592 - val_mean_iou: 0.7931

Epoch 00149: val_mean_iou improved from 0.79290 to 0.79313, saving model to ../models/fcdn-isic-500-tl-gn.h5
Epoch 150/500
 - 457s - loss: 0.0958 - mean_iou: 0.7932 - val_loss: 0.1808 - val_mean_iou: 0.7933

Epoch 00150: val_mean_iou improved from 0.79313 to 0.79331, saving model to ../models/fcdn-isic-500-tl-gn.h5
Epoch 151/500
 - 462s - loss: 0.0935 - mean_iou: 0.7934 - val_loss: 0.1829 - val_mean_iou: 0.7935

Epoch 00151: val_mean_iou improved from 0.79331 to 0.79350, saving model to ../models/fcdn-isic-500-tl-gn.h5
Epoch 152/500
 - 455s - loss: 0.0907 - mean_iou: 0.7936 - val_loss: 0.1652 - val_mean_iou: 0.7937

Epoch 00152: val_mean_iou improved from 0.79350 to 0.79372, saving model to ../models/fcdn-isic-500-tl-gn.h5
Epoch 153/500
 - 458s - loss: 0.0969 - mean_iou: 0.7938 - val_loss: 0.1555 - val_mean_iou: 0.7939

Epoch 00153: val_mean_iou improved from 0.79372 to 0.79390, saving model to ../models/fcdn-isic-500-tl-gn.h5
Epoch 154/500
 - 465s - loss: 0.0940 - mean_iou: 0.7940 - val_loss: 0.1818 - val_mean_iou: 0.7941

Epoch 00154: val_mean_iou improved from 0.79390 to 0.79409, saving model to ../models/fcdn-isic-500-tl-gn.h5
Epoch 155/500
 - 458s - loss: 0.0997 - mean_iou: 0.7941 - val_loss: 0.1506 - val_mean_iou: 0.7943

Epoch 00155: val_mean_iou improved from 0.79409 to 0.79426, saving model to ../models/fcdn-isic-500-tl-gn.h5
Epoch 156/500
 - 456s - loss: 0.0907 - mean_iou: 0.7943 - val_loss: 0.1604 - val_mean_iou: 0.7945

Epoch 00156: val_mean_iou improved from 0.79426 to 0.79446, saving model to ../models/fcdn-isic-500-tl-gn.h5
Epoch 157/500
 - 458s - loss: 0.0955 - mean_iou: 0.7945 - val_loss: 0.1717 - val_mean_iou: 0.7946

Epoch 00157: val_mean_iou improved from 0.79446 to 0.79463, saving model to ../models/fcdn-isic-500-tl-gn.h5
Epoch 158/500
 - 456s - loss: 0.0939 - mean_iou: 0.7947 - val_loss: 0.1809 - val_mean_iou: 0.7948

Epoch 00158: val_mean_iou improved from 0.79463 to 0.79481, saving model to ../models/fcdn-isic-500-tl-gn.h5
Epoch 159/500
 - 459s - loss: 0.0949 - mean_iou: 0.7949 - val_loss: 0.1507 - val_mean_iou: 0.7950

Epoch 00159: val_mean_iou improved from 0.79481 to 0.79499, saving model to ../models/fcdn-isic-500-tl-gn.h5
Epoch 160/500
 - 464s - loss: 0.0954 - mean_iou: 0.7950 - val_loss: 0.1640 - val_mean_iou: 0.7952

Epoch 00160: val_mean_iou improved from 0.79499 to 0.79516, saving model to ../models/fcdn-isic-500-tl-gn.h5
Epoch 161/500
 - 451s - loss: 0.0882 - mean_iou: 0.7952 - val_loss: 0.1689 - val_mean_iou: 0.7954

Epoch 00161: val_mean_iou improved from 0.79516 to 0.79538, saving model to ../models/fcdn-isic-500-tl-gn.h5
Epoch 162/500
 - 464s - loss: 0.0884 - mean_iou: 0.7955 - val_loss: 0.1693 - val_mean_iou: 0.7956

Epoch 00162: val_mean_iou improved from 0.79538 to 0.79559, saving model to ../models/fcdn-isic-500-tl-gn.h5
Epoch 163/500
 - 458s - loss: 0.0912 - mean_iou: 0.7956 - val_loss: 0.1643 - val_mean_iou: 0.7958

Epoch 00163: val_mean_iou improved from 0.79559 to 0.79577, saving model to ../models/fcdn-isic-500-tl-gn.h5
Epoch 164/500
 - 458s - loss: 0.0981 - mean_iou: 0.7958 - val_loss: 0.1783 - val_mean_iou: 0.7959

Epoch 00164: val_mean_iou improved from 0.79577 to 0.79592, saving model to ../models/fcdn-isic-500-tl-gn.h5
Epoch 165/500
 - 459s - loss: 0.0873 - mean_iou: 0.7960 - val_loss: 0.1525 - val_mean_iou: 0.7961

Epoch 00165: val_mean_iou improved from 0.79592 to 0.79613, saving model to ../models/fcdn-isic-500-tl-gn.h5
Epoch 166/500
 - 460s - loss: 0.0896 - mean_iou: 0.7962 - val_loss: 0.1535 - val_mean_iou: 0.7963

Epoch 00166: val_mean_iou improved from 0.79613 to 0.79634, saving model to ../models/fcdn-isic-500-tl-gn.h5
Epoch 167/500
 - 456s - loss: 0.0955 - mean_iou: 0.7964 - val_loss: 0.1672 - val_mean_iou: 0.7965

Epoch 00167: val_mean_iou improved from 0.79634 to 0.79650, saving model to ../models/fcdn-isic-500-tl-gn.h5
Epoch 168/500
 - 464s - loss: 0.0963 - mean_iou: 0.7965 - val_loss: 0.1525 - val_mean_iou: 0.7967

Epoch 00168: val_mean_iou improved from 0.79650 to 0.79665, saving model to ../models/fcdn-isic-500-tl-gn.h5
Epoch 169/500
 - 458s - loss: 0.0935 - mean_iou: 0.7967 - val_loss: 0.1588 - val_mean_iou: 0.7968

Epoch 00169: val_mean_iou improved from 0.79665 to 0.79683, saving model to ../models/fcdn-isic-500-tl-gn.h5
Epoch 170/500
 - 459s - loss: 0.0950 - mean_iou: 0.7969 - val_loss: 0.1589 - val_mean_iou: 0.7970

Epoch 00170: val_mean_iou improved from 0.79683 to 0.79702, saving model to ../models/fcdn-isic-500-tl-gn.h5
Epoch 171/500
 - 458s - loss: 0.0946 - mean_iou: 0.7971 - val_loss: 0.1880 - val_mean_iou: 0.7972

Epoch 00171: val_mean_iou improved from 0.79702 to 0.79717, saving model to ../models/fcdn-isic-500-tl-gn.h5
Epoch 172/500
 - 458s - loss: 0.0967 - mean_iou: 0.7972 - val_loss: 0.1420 - val_mean_iou: 0.7973

Epoch 00172: val_mean_iou improved from 0.79717 to 0.79731, saving model to ../models/fcdn-isic-500-tl-gn.h5
Epoch 173/500
 - 458s - loss: 0.0882 - mean_iou: 0.7974 - val_loss: 0.1713 - val_mean_iou: 0.7975

Epoch 00173: val_mean_iou improved from 0.79731 to 0.79751, saving model to ../models/fcdn-isic-500-tl-gn.h5
Epoch 174/500
 - 464s - loss: 0.0902 - mean_iou: 0.7976 - val_loss: 0.1977 - val_mean_iou: 0.7977

Epoch 00174: val_mean_iou improved from 0.79751 to 0.79768, saving model to ../models/fcdn-isic-500-tl-gn.h5
Epoch 175/500
 - 453s - loss: 0.0980 - mean_iou: 0.7977 - val_loss: 0.1392 - val_mean_iou: 0.7978

Epoch 00175: val_mean_iou improved from 0.79768 to 0.79779, saving model to ../models/fcdn-isic-500-tl-gn.h5
Epoch 176/500
 - 461s - loss: 0.0922 - mean_iou: 0.7979 - val_loss: 0.1641 - val_mean_iou: 0.7980

Epoch 00176: val_mean_iou improved from 0.79779 to 0.79797, saving model to ../models/fcdn-isic-500-tl-gn.h5
Epoch 177/500
 - 463s - loss: 0.0880 - mean_iou: 0.7980 - val_loss: 0.1700 - val_mean_iou: 0.7981

Epoch 00177: val_mean_iou improved from 0.79797 to 0.79815, saving model to ../models/fcdn-isic-500-tl-gn.h5
Epoch 178/500
 - 455s - loss: 0.0944 - mean_iou: 0.7982 - val_loss: 0.1481 - val_mean_iou: 0.7983

Epoch 00178: val_mean_iou improved from 0.79815 to 0.79831, saving model to ../models/fcdn-isic-500-tl-gn.h5
Epoch 179/500
 - 459s - loss: 0.0887 - mean_iou: 0.7984 - val_loss: 0.1562 - val_mean_iou: 0.7985

Epoch 00179: val_mean_iou improved from 0.79831 to 0.79849, saving model to ../models/fcdn-isic-500-tl-gn.h5
Epoch 180/500
 - 456s - loss: 0.0902 - mean_iou: 0.7986 - val_loss: 0.1708 - val_mean_iou: 0.7987

Epoch 00180: val_mean_iou improved from 0.79849 to 0.79867, saving model to ../models/fcdn-isic-500-tl-gn.h5
Epoch 181/500
 - 466s - loss: 0.0935 - mean_iou: 0.7987 - val_loss: 0.1486 - val_mean_iou: 0.7988

Epoch 00181: val_mean_iou improved from 0.79867 to 0.79880, saving model to ../models/fcdn-isic-500-tl-gn.h5
Epoch 182/500
 - 460s - loss: 0.0860 - mean_iou: 0.7989 - val_loss: 0.1452 - val_mean_iou: 0.7990

Epoch 00182: val_mean_iou improved from 0.79880 to 0.79901, saving model to ../models/fcdn-isic-500-tl-gn.h5
Epoch 183/500
 - 457s - loss: 0.0883 - mean_iou: 0.7991 - val_loss: 0.1731 - val_mean_iou: 0.7992

Epoch 00183: val_mean_iou improved from 0.79901 to 0.79920, saving model to ../models/fcdn-isic-500-tl-gn.h5
Epoch 184/500
 - 459s - loss: 0.0916 - mean_iou: 0.7992 - val_loss: 0.1725 - val_mean_iou: 0.7993

Epoch 00184: val_mean_iou improved from 0.79920 to 0.79931, saving model to ../models/fcdn-isic-500-tl-gn.h5
Epoch 185/500
 - 458s - loss: 0.0917 - mean_iou: 0.7993 - val_loss: 0.1394 - val_mean_iou: 0.7995

Epoch 00185: val_mean_iou improved from 0.79931 to 0.79946, saving model to ../models/fcdn-isic-500-tl-gn.h5
Epoch 186/500
 - 454s - loss: 0.0908 - mean_iou: 0.7995 - val_loss: 0.1361 - val_mean_iou: 0.7996

Epoch 00186: val_mean_iou improved from 0.79946 to 0.79963, saving model to ../models/fcdn-isic-500-tl-gn.h5
Epoch 187/500
 - 468s - loss: 0.0889 - mean_iou: 0.7997 - val_loss: 0.1811 - val_mean_iou: 0.7998

Epoch 00187: val_mean_iou improved from 0.79963 to 0.79980, saving model to ../models/fcdn-isic-500-tl-gn.h5
Epoch 188/500
 - 458s - loss: 0.0865 - mean_iou: 0.7999 - val_loss: 0.1507 - val_mean_iou: 0.8000

Epoch 00188: val_mean_iou improved from 0.79980 to 0.79998, saving model to ../models/fcdn-isic-500-tl-gn.h5
Epoch 189/500
 - 454s - loss: 0.0927 - mean_iou: 0.8000 - val_loss: 0.1516 - val_mean_iou: 0.8001

Epoch 00189: val_mean_iou improved from 0.79998 to 0.80012, saving model to ../models/fcdn-isic-500-tl-gn.h5
Epoch 190/500
 - 462s - loss: 0.0951 - mean_iou: 0.8002 - val_loss: 0.1971 - val_mean_iou: 0.8002

Epoch 00190: val_mean_iou improved from 0.80012 to 0.80024, saving model to ../models/fcdn-isic-500-tl-gn.h5
Epoch 191/500
 - 460s - loss: 0.0944 - mean_iou: 0.8002 - val_loss: 0.1722 - val_mean_iou: 0.8003

Epoch 00191: val_mean_iou improved from 0.80024 to 0.80033, saving model to ../models/fcdn-isic-500-tl-gn.h5
Epoch 192/500
 - 457s - loss: 0.0904 - mean_iou: 0.8004 - val_loss: 0.1771 - val_mean_iou: 0.8005

Epoch 00192: val_mean_iou improved from 0.80033 to 0.80046, saving model to ../models/fcdn-isic-500-tl-gn.h5
Epoch 193/500
 - 469s - loss: 0.0971 - mean_iou: 0.8005 - val_loss: 0.1589 - val_mean_iou: 0.8006

Epoch 00193: val_mean_iou improved from 0.80046 to 0.80055, saving model to ../models/fcdn-isic-500-tl-gn.h5
Epoch 194/500
 - 456s - loss: 0.0950 - mean_iou: 0.8006 - val_loss: 0.1487 - val_mean_iou: 0.8007

Epoch 00194: val_mean_iou improved from 0.80055 to 0.80068, saving model to ../models/fcdn-isic-500-tl-gn.h5
Epoch 195/500
 - 456s - loss: 0.0853 - mean_iou: 0.8008 - val_loss: 0.1785 - val_mean_iou: 0.8009

Epoch 00195: val_mean_iou improved from 0.80068 to 0.80087, saving model to ../models/fcdn-isic-500-tl-gn.h5
Epoch 196/500
 - 466s - loss: 0.0882 - mean_iou: 0.8009 - val_loss: 0.1544 - val_mean_iou: 0.8010

Epoch 00196: val_mean_iou improved from 0.80087 to 0.80102, saving model to ../models/fcdn-isic-500-tl-gn.h5
Epoch 197/500
 - 454s - loss: 0.0906 - mean_iou: 0.8011 - val_loss: 0.1445 - val_mean_iou: 0.8012

Epoch 00197: val_mean_iou improved from 0.80102 to 0.80118, saving model to ../models/fcdn-isic-500-tl-gn.h5
Epoch 198/500
 - 460s - loss: 0.0887 - mean_iou: 0.8012 - val_loss: 0.1569 - val_mean_iou: 0.8013

Epoch 00198: val_mean_iou improved from 0.80118 to 0.80132, saving model to ../models/fcdn-isic-500-tl-gn.h5
Epoch 199/500
 - 467s - loss: 0.0964 - mean_iou: 0.8013 - val_loss: 0.1446 - val_mean_iou: 0.8014

Epoch 00199: val_mean_iou improved from 0.80132 to 0.80143, saving model to ../models/fcdn-isic-500-tl-gn.h5
Epoch 200/500
 - 458s - loss: 0.0866 - mean_iou: 0.8015 - val_loss: 0.1628 - val_mean_iou: 0.8016

Epoch 00200: val_mean_iou improved from 0.80143 to 0.80160, saving model to ../models/fcdn-isic-500-tl-gn.h5
Epoch 201/500
 - 460s - loss: 0.0868 - mean_iou: 0.8017 - val_loss: 0.1549 - val_mean_iou: 0.8018

Epoch 00201: val_mean_iou improved from 0.80160 to 0.80177, saving model to ../models/fcdn-isic-500-tl-gn.h5
Epoch 202/500
 - 461s - loss: 0.0920 - mean_iou: 0.8018 - val_loss: 0.1451 - val_mean_iou: 0.8019

Epoch 00202: val_mean_iou improved from 0.80177 to 0.80191, saving model to ../models/fcdn-isic-500-tl-gn.h5
Epoch 203/500
 - 452s - loss: 0.0886 - mean_iou: 0.8020 - val_loss: 0.1870 - val_mean_iou: 0.8020

Epoch 00203: val_mean_iou improved from 0.80191 to 0.80204, saving model to ../models/fcdn-isic-500-tl-gn.h5
Epoch 204/500
 - 467s - loss: 0.0943 - mean_iou: 0.8021 - val_loss: 0.1635 - val_mean_iou: 0.8021

Epoch 00204: val_mean_iou improved from 0.80204 to 0.80215, saving model to ../models/fcdn-isic-500-tl-gn.h5
Epoch 205/500
 - 456s - loss: 0.0888 - mean_iou: 0.8022 - val_loss: 0.1403 - val_mean_iou: 0.8023

Epoch 00205: val_mean_iou improved from 0.80215 to 0.80230, saving model to ../models/fcdn-isic-500-tl-gn.h5
Epoch 206/500
 - 461s - loss: 0.0932 - mean_iou: 0.8023 - val_loss: 0.1747 - val_mean_iou: 0.8024

Epoch 00206: val_mean_iou improved from 0.80230 to 0.80241, saving model to ../models/fcdn-isic-500-tl-gn.h5
Epoch 207/500
 - 456s - loss: 0.0841 - mean_iou: 0.8025 - val_loss: 0.1512 - val_mean_iou: 0.8026

Epoch 00207: val_mean_iou improved from 0.80241 to 0.80257, saving model to ../models/fcdn-isic-500-tl-gn.h5
Epoch 208/500
 - 464s - loss: 0.0888 - mean_iou: 0.8026 - val_loss: 0.1753 - val_mean_iou: 0.8027

Epoch 00208: val_mean_iou improved from 0.80257 to 0.80271, saving model to ../models/fcdn-isic-500-tl-gn.h5
Epoch 209/500
 - 460s - loss: 0.0858 - mean_iou: 0.8027 - val_loss: 0.1428 - val_mean_iou: 0.8029

Epoch 00209: val_mean_iou improved from 0.80271 to 0.80285, saving model to ../models/fcdn-isic-500-tl-gn.h5
Epoch 210/500
 - 461s - loss: 0.0881 - mean_iou: 0.8029 - val_loss: 0.1700 - val_mean_iou: 0.8030

Epoch 00210: val_mean_iou improved from 0.80285 to 0.80299, saving model to ../models/fcdn-isic-500-tl-gn.h5
Epoch 211/500
 - 452s - loss: 0.0891 - mean_iou: 0.8030 - val_loss: 0.1563 - val_mean_iou: 0.8031

Epoch 00211: val_mean_iou improved from 0.80299 to 0.80314, saving model to ../models/fcdn-isic-500-tl-gn.h5
Epoch 212/500
 - 465s - loss: 0.0895 - mean_iou: 0.8032 - val_loss: 0.1654 - val_mean_iou: 0.8033

Epoch 00212: val_mean_iou improved from 0.80314 to 0.80327, saving model to ../models/fcdn-isic-500-tl-gn.h5
Epoch 213/500
 - 464s - loss: 0.0907 - mean_iou: 0.8033 - val_loss: 0.1502 - val_mean_iou: 0.8034

Epoch 00213: val_mean_iou improved from 0.80327 to 0.80338, saving model to ../models/fcdn-isic-500-tl-gn.h5
Epoch 214/500
 - 458s - loss: 0.0867 - mean_iou: 0.8034 - val_loss: 0.1954 - val_mean_iou: 0.8035

Epoch 00214: val_mean_iou improved from 0.80338 to 0.80351, saving model to ../models/fcdn-isic-500-tl-gn.h5
Epoch 215/500
 - 456s - loss: 0.0854 - mean_iou: 0.8035 - val_loss: 0.1568 - val_mean_iou: 0.8036

Epoch 00215: val_mean_iou improved from 0.80351 to 0.80365, saving model to ../models/fcdn-isic-500-tl-gn.h5
Epoch 216/500
 - 464s - loss: 0.0892 - mean_iou: 0.8037 - val_loss: 0.1411 - val_mean_iou: 0.8038

Epoch 00216: val_mean_iou improved from 0.80365 to 0.80377, saving model to ../models/fcdn-isic-500-tl-gn.h5
Epoch 217/500
 - 456s - loss: 0.0899 - mean_iou: 0.8038 - val_loss: 0.1889 - val_mean_iou: 0.8039

Epoch 00217: val_mean_iou improved from 0.80377 to 0.80388, saving model to ../models/fcdn-isic-500-tl-gn.h5
Epoch 218/500
 - 451s - loss: 0.0829 - mean_iou: 0.8039 - val_loss: 0.1588 - val_mean_iou: 0.8040

Epoch 00218: val_mean_iou improved from 0.80388 to 0.80402, saving model to ../models/fcdn-isic-500-tl-gn.h5
Epoch 219/500
 - 466s - loss: 0.0909 - mean_iou: 0.8040 - val_loss: 0.1556 - val_mean_iou: 0.8041

Epoch 00219: val_mean_iou improved from 0.80402 to 0.80412, saving model to ../models/fcdn-isic-500-tl-gn.h5
Epoch 220/500
 - 453s - loss: 0.0895 - mean_iou: 0.8042 - val_loss: 0.1326 - val_mean_iou: 0.8042

Epoch 00220: val_mean_iou improved from 0.80412 to 0.80424, saving model to ../models/fcdn-isic-500-tl-gn.h5
Epoch 221/500
 - 466s - loss: 0.0902 - mean_iou: 0.8043 - val_loss: 0.1534 - val_mean_iou: 0.8044

Epoch 00221: val_mean_iou improved from 0.80424 to 0.80438, saving model to ../models/fcdn-isic-500-tl-gn.h5
Epoch 222/500
 - 464s - loss: 0.0874 - mean_iou: 0.8044 - val_loss: 0.1361 - val_mean_iou: 0.8045

Epoch 00222: val_mean_iou improved from 0.80438 to 0.80451, saving model to ../models/fcdn-isic-500-tl-gn.h5
Epoch 223/500
 - 457s - loss: 0.0908 - mean_iou: 0.8046 - val_loss: 0.1763 - val_mean_iou: 0.8046

Epoch 00223: val_mean_iou improved from 0.80451 to 0.80462, saving model to ../models/fcdn-isic-500-tl-gn.h5
Epoch 224/500
 - 463s - loss: 0.0964 - mean_iou: 0.8046 - val_loss: 0.1523 - val_mean_iou: 0.8047

Epoch 00224: val_mean_iou improved from 0.80462 to 0.80469, saving model to ../models/fcdn-isic-500-tl-gn.h5
Epoch 225/500
 - 460s - loss: 0.0865 - mean_iou: 0.8047 - val_loss: 0.1657 - val_mean_iou: 0.8048

Epoch 00225: val_mean_iou improved from 0.80469 to 0.80483, saving model to ../models/fcdn-isic-500-tl-gn.h5
Epoch 226/500
 - 461s - loss: 0.0862 - mean_iou: 0.8049 - val_loss: 0.1487 - val_mean_iou: 0.8050

Epoch 00226: val_mean_iou improved from 0.80483 to 0.80498, saving model to ../models/fcdn-isic-500-tl-gn.h5
Epoch 227/500
 - 462s - loss: 0.0868 - mean_iou: 0.8050 - val_loss: 0.1618 - val_mean_iou: 0.8051

Epoch 00227: val_mean_iou improved from 0.80498 to 0.80511, saving model to ../models/fcdn-isic-500-tl-gn.h5
Epoch 228/500
 - 457s - loss: 0.0862 - mean_iou: 0.8051 - val_loss: 0.1647 - val_mean_iou: 0.8052

Epoch 00228: val_mean_iou improved from 0.80511 to 0.80523, saving model to ../models/fcdn-isic-500-tl-gn.h5
Epoch 229/500
 - 461s - loss: 0.0867 - mean_iou: 0.8053 - val_loss: 0.1489 - val_mean_iou: 0.8054

Epoch 00229: val_mean_iou improved from 0.80523 to 0.80536, saving model to ../models/fcdn-isic-500-tl-gn.h5
Epoch 230/500
 - 461s - loss: 0.0881 - mean_iou: 0.8054 - val_loss: 0.1581 - val_mean_iou: 0.8055

Epoch 00230: val_mean_iou improved from 0.80536 to 0.80549, saving model to ../models/fcdn-isic-500-tl-gn.h5
Epoch 231/500
 - 454s - loss: 0.0883 - mean_iou: 0.8055 - val_loss: 0.1384 - val_mean_iou: 0.8056

Epoch 00231: val_mean_iou improved from 0.80549 to 0.80562, saving model to ../models/fcdn-isic-500-tl-gn.h5
Epoch 232/500
 - 458s - loss: 0.0863 - mean_iou: 0.8057 - val_loss: 0.1462 - val_mean_iou: 0.8058

Epoch 00232: val_mean_iou improved from 0.80562 to 0.80575, saving model to ../models/fcdn-isic-500-tl-gn.h5
Epoch 233/500
 - 462s - loss: 0.0880 - mean_iou: 0.8058 - val_loss: 0.1743 - val_mean_iou: 0.8059

Epoch 00233: val_mean_iou improved from 0.80575 to 0.80586, saving model to ../models/fcdn-isic-500-tl-gn.h5
Epoch 234/500
 - 452s - loss: 0.0818 - mean_iou: 0.8059 - val_loss: 0.1589 - val_mean_iou: 0.8060

Epoch 00234: val_mean_iou improved from 0.80586 to 0.80599, saving model to ../models/fcdn-isic-500-tl-gn.h5
Epoch 235/500
 - 471s - loss: 0.0834 - mean_iou: 0.8060 - val_loss: 0.1674 - val_mean_iou: 0.8061

Epoch 00235: val_mean_iou improved from 0.80599 to 0.80613, saving model to ../models/fcdn-isic-500-tl-gn.h5
Epoch 236/500
 - 454s - loss: 0.0919 - mean_iou: 0.8062 - val_loss: 0.1728 - val_mean_iou: 0.8062

Epoch 00236: val_mean_iou improved from 0.80613 to 0.80622, saving model to ../models/fcdn-isic-500-tl-gn.h5
Epoch 237/500
 - 461s - loss: 0.0828 - mean_iou: 0.8063 - val_loss: 0.1526 - val_mean_iou: 0.8063

Epoch 00237: val_mean_iou improved from 0.80622 to 0.80635, saving model to ../models/fcdn-isic-500-tl-gn.h5
Epoch 238/500
 - 457s - loss: 0.0871 - mean_iou: 0.8064 - val_loss: 0.1432 - val_mean_iou: 0.8065

Epoch 00238: val_mean_iou improved from 0.80635 to 0.80648, saving model to ../models/fcdn-isic-500-tl-gn.h5
Epoch 239/500
 - 462s - loss: 0.0829 - mean_iou: 0.8065 - val_loss: 0.1240 - val_mean_iou: 0.8066

Epoch 00239: val_mean_iou improved from 0.80648 to 0.80663, saving model to ../models/fcdn-isic-500-tl-gn.h5
Epoch 240/500
 - 465s - loss: 0.0853 - mean_iou: 0.8067 - val_loss: 0.1621 - val_mean_iou: 0.8068

Epoch 00240: val_mean_iou improved from 0.80663 to 0.80676, saving model to ../models/fcdn-isic-500-tl-gn.h5
Epoch 241/500
 - 467s - loss: 0.0890 - mean_iou: 0.8068 - val_loss: 0.1455 - val_mean_iou: 0.8069

Epoch 00241: val_mean_iou improved from 0.80676 to 0.80687, saving model to ../models/fcdn-isic-500-tl-gn.h5
Epoch 242/500
 - 451s - loss: 0.0838 - mean_iou: 0.8069 - val_loss: 0.1638 - val_mean_iou: 0.8070

Epoch 00242: val_mean_iou improved from 0.80687 to 0.80699, saving model to ../models/fcdn-isic-500-tl-gn.h5
Epoch 243/500
 - 465s - loss: 0.0858 - mean_iou: 0.8070 - val_loss: 0.1560 - val_mean_iou: 0.8071

Epoch 00243: val_mean_iou improved from 0.80699 to 0.80713, saving model to ../models/fcdn-isic-500-tl-gn.h5
Epoch 244/500
 - 459s - loss: 0.0827 - mean_iou: 0.8072 - val_loss: 0.1537 - val_mean_iou: 0.8073

Epoch 00244: val_mean_iou improved from 0.80713 to 0.80726, saving model to ../models/fcdn-isic-500-tl-gn.h5
Epoch 245/500
 - 449s - loss: 0.0811 - mean_iou: 0.8073 - val_loss: 0.1538 - val_mean_iou: 0.8074

Epoch 00245: val_mean_iou improved from 0.80726 to 0.80741, saving model to ../models/fcdn-isic-500-tl-gn.h5
Epoch 246/500
 - 469s - loss: 0.0860 - mean_iou: 0.8074 - val_loss: 0.1520 - val_mean_iou: 0.8075

Epoch 00246: val_mean_iou improved from 0.80741 to 0.80753, saving model to ../models/fcdn-isic-500-tl-gn.h5
Epoch 247/500
 - 459s - loss: 0.0821 - mean_iou: 0.8076 - val_loss: 0.1503 - val_mean_iou: 0.8077

Epoch 00247: val_mean_iou improved from 0.80753 to 0.80768, saving model to ../models/fcdn-isic-500-tl-gn.h5
Epoch 248/500
 - 457s - loss: 0.0851 - mean_iou: 0.8077 - val_loss: 0.1497 - val_mean_iou: 0.8078

Epoch 00248: val_mean_iou improved from 0.80768 to 0.80780, saving model to ../models/fcdn-isic-500-tl-gn.h5
Epoch 249/500
 - 463s - loss: 0.0913 - mean_iou: 0.8078 - val_loss: 0.1415 - val_mean_iou: 0.8079

Epoch 00249: val_mean_iou improved from 0.80780 to 0.80790, saving model to ../models/fcdn-isic-500-tl-gn.h5
Epoch 250/500
 - 457s - loss: 0.0842 - mean_iou: 0.8079 - val_loss: 0.1952 - val_mean_iou: 0.8080

Epoch 00250: val_mean_iou improved from 0.80790 to 0.80801, saving model to ../models/fcdn-isic-500-tl-gn.h5
Epoch 251/500
 - 457s - loss: 0.0859 - mean_iou: 0.8080 - val_loss: 0.1577 - val_mean_iou: 0.8081

Epoch 00251: val_mean_iou improved from 0.80801 to 0.80809, saving model to ../models/fcdn-isic-500-tl-gn.h5
Epoch 252/500
 - 469s - loss: 0.0797 - mean_iou: 0.8081 - val_loss: 0.1413 - val_mean_iou: 0.8082

Epoch 00252: val_mean_iou improved from 0.80809 to 0.80823, saving model to ../models/fcdn-isic-500-tl-gn.h5
Epoch 253/500
 - 451s - loss: 0.0874 - mean_iou: 0.8083 - val_loss: 0.1455 - val_mean_iou: 0.8083

Epoch 00253: val_mean_iou improved from 0.80823 to 0.80833, saving model to ../models/fcdn-isic-500-tl-gn.h5
Epoch 254/500
 - 463s - loss: 0.0816 - mean_iou: 0.8084 - val_loss: 0.1414 - val_mean_iou: 0.8085

Epoch 00254: val_mean_iou improved from 0.80833 to 0.80848, saving model to ../models/fcdn-isic-500-tl-gn.h5
Epoch 255/500
 - 455s - loss: 0.0926 - mean_iou: 0.8085 - val_loss: 0.1372 - val_mean_iou: 0.8086

Epoch 00255: val_mean_iou improved from 0.80848 to 0.80858, saving model to ../models/fcdn-isic-500-tl-gn.h5
Epoch 256/500
 - 457s - loss: 0.0829 - mean_iou: 0.8086 - val_loss: 0.1502 - val_mean_iou: 0.8087

Epoch 00256: val_mean_iou improved from 0.80858 to 0.80872, saving model to ../models/fcdn-isic-500-tl-gn.h5
Epoch 257/500
 - 467s - loss: 0.0895 - mean_iou: 0.8087 - val_loss: 0.1584 - val_mean_iou: 0.8088

Epoch 00257: val_mean_iou improved from 0.80872 to 0.80881, saving model to ../models/fcdn-isic-500-tl-gn.h5
Epoch 258/500
 - 458s - loss: 0.0822 - mean_iou: 0.8089 - val_loss: 0.1492 - val_mean_iou: 0.8089

Epoch 00258: val_mean_iou improved from 0.80881 to 0.80894, saving model to ../models/fcdn-isic-500-tl-gn.h5
Epoch 259/500
 - 453s - loss: 0.0809 - mean_iou: 0.8090 - val_loss: 0.1536 - val_mean_iou: 0.8091

Epoch 00259: val_mean_iou improved from 0.80894 to 0.80908, saving model to ../models/fcdn-isic-500-tl-gn.h5
Epoch 260/500
 - 463s - loss: 0.0862 - mean_iou: 0.8091 - val_loss: 0.1381 - val_mean_iou: 0.8092

Epoch 00260: val_mean_iou improved from 0.80908 to 0.80919, saving model to ../models/fcdn-isic-500-tl-gn.h5
Epoch 261/500
 - 459s - loss: 0.0872 - mean_iou: 0.8092 - val_loss: 0.1496 - val_mean_iou: 0.8093

Epoch 00261: val_mean_iou improved from 0.80919 to 0.80928, saving model to ../models/fcdn-isic-500-tl-gn.h5
Epoch 262/500
 - 458s - loss: 0.0839 - mean_iou: 0.8093 - val_loss: 0.1828 - val_mean_iou: 0.8094

Epoch 00262: val_mean_iou improved from 0.80928 to 0.80938, saving model to ../models/fcdn-isic-500-tl-gn.h5
Epoch 263/500
 - 464s - loss: 0.0896 - mean_iou: 0.8094 - val_loss: 0.1508 - val_mean_iou: 0.8094

Epoch 00263: val_mean_iou improved from 0.80938 to 0.80945, saving model to ../models/fcdn-isic-500-tl-gn.h5
Epoch 264/500
 - 460s - loss: 0.0864 - mean_iou: 0.8095 - val_loss: 0.1651 - val_mean_iou: 0.8095

Epoch 00264: val_mean_iou improved from 0.80945 to 0.80955, saving model to ../models/fcdn-isic-500-tl-gn.h5
Epoch 265/500
 - 462s - loss: 0.0829 - mean_iou: 0.8096 - val_loss: 0.1646 - val_mean_iou: 0.8097

Epoch 00265: val_mean_iou improved from 0.80955 to 0.80966, saving model to ../models/fcdn-isic-500-tl-gn.h5
Epoch 266/500
 - 461s - loss: 0.0845 - mean_iou: 0.8097 - val_loss: 0.1532 - val_mean_iou: 0.8098

Epoch 00266: val_mean_iou improved from 0.80966 to 0.80977, saving model to ../models/fcdn-isic-500-tl-gn.h5
Epoch 267/500
 - 455s - loss: 0.0838 - mean_iou: 0.8098 - val_loss: 0.1438 - val_mean_iou: 0.8099

Epoch 00267: val_mean_iou improved from 0.80977 to 0.80989, saving model to ../models/fcdn-isic-500-tl-gn.h5
Epoch 268/500
 - 464s - loss: 0.0851 - mean_iou: 0.8099 - val_loss: 0.1488 - val_mean_iou: 0.8100

Epoch 00268: val_mean_iou improved from 0.80989 to 0.80999, saving model to ../models/fcdn-isic-500-tl-gn.h5
Epoch 269/500
 - 459s - loss: 0.0848 - mean_iou: 0.8100 - val_loss: 0.1515 - val_mean_iou: 0.8101

Epoch 00269: val_mean_iou improved from 0.80999 to 0.81010, saving model to ../models/fcdn-isic-500-tl-gn.h5
Epoch 270/500
 - 457s - loss: 0.0852 - mean_iou: 0.8101 - val_loss: 0.1385 - val_mean_iou: 0.8102

Epoch 00270: val_mean_iou improved from 0.81010 to 0.81020, saving model to ../models/fcdn-isic-500-tl-gn.h5
Epoch 271/500
 - 461s - loss: 0.0866 - mean_iou: 0.8102 - val_loss: 0.1416 - val_mean_iou: 0.8103

Epoch 00271: val_mean_iou improved from 0.81020 to 0.81029, saving model to ../models/fcdn-isic-500-tl-gn.h5
Epoch 272/500
 - 461s - loss: 0.0738 - mean_iou: 0.8104 - val_loss: 0.3562 - val_mean_iou: 0.8104

Epoch 00272: val_mean_iou improved from 0.81029 to 0.81038, saving model to ../models/fcdn-isic-500-tl-gn.h5
Epoch 273/500
 - 452s - loss: 0.0882 - mean_iou: 0.8103 - val_loss: 0.1620 - val_mean_iou: 0.8104

Epoch 00273: val_mean_iou did not improve from 0.81038
Epoch 274/500
 - 465s - loss: 0.0863 - mean_iou: 0.8104 - val_loss: 0.1413 - val_mean_iou: 0.8105

Epoch 00274: val_mean_iou improved from 0.81038 to 0.81046, saving model to ../models/fcdn-isic-500-tl-gn.h5
Epoch 275/500
 - 460s - loss: 0.0832 - mean_iou: 0.8105 - val_loss: 0.1392 - val_mean_iou: 0.8106

Epoch 00275: val_mean_iou improved from 0.81046 to 0.81059, saving model to ../models/fcdn-isic-500-tl-gn.h5
Epoch 276/500
 - 458s - loss: 0.0831 - mean_iou: 0.8106 - val_loss: 0.1569 - val_mean_iou: 0.8107

Epoch 00276: val_mean_iou improved from 0.81059 to 0.81069, saving model to ../models/fcdn-isic-500-tl-gn.h5
Epoch 277/500
 - 467s - loss: 0.0829 - mean_iou: 0.8107 - val_loss: 0.1609 - val_mean_iou: 0.8108

Epoch 00277: val_mean_iou improved from 0.81069 to 0.81078, saving model to ../models/fcdn-isic-500-tl-gn.h5
Epoch 278/500
 - 456s - loss: 0.0839 - mean_iou: 0.8108 - val_loss: 0.3318 - val_mean_iou: 0.8108

Epoch 00278: val_mean_iou improved from 0.81078 to 0.81081, saving model to ../models/fcdn-isic-500-tl-gn.h5
Epoch 279/500
 - 458s - loss: 0.0795 - mean_iou: 0.8108 - val_loss: 0.1662 - val_mean_iou: 0.8108

Epoch 00279: val_mean_iou improved from 0.81081 to 0.81082, saving model to ../models/fcdn-isic-500-tl-gn.h5
Epoch 280/500
 - 461s - loss: 0.0844 - mean_iou: 0.8109 - val_loss: 0.1828 - val_mean_iou: 0.8109

Epoch 00280: val_mean_iou improved from 0.81082 to 0.81092, saving model to ../models/fcdn-isic-500-tl-gn.h5
Epoch 281/500
 - 455s - loss: 0.0865 - mean_iou: 0.8109 - val_loss: 0.1508 - val_mean_iou: 0.8110

Epoch 00281: val_mean_iou improved from 0.81092 to 0.81099, saving model to ../models/fcdn-isic-500-tl-gn.h5
Epoch 282/500
 - 466s - loss: 0.0820 - mean_iou: 0.8110 - val_loss: 0.2236 - val_mean_iou: 0.8111

Epoch 00282: val_mean_iou improved from 0.81099 to 0.81108, saving model to ../models/fcdn-isic-500-tl-gn.h5
Epoch 283/500
 - 454s - loss: 0.0833 - mean_iou: 0.8111 - val_loss: 0.1546 - val_mean_iou: 0.8112

Epoch 00283: val_mean_iou improved from 0.81108 to 0.81115, saving model to ../models/fcdn-isic-500-tl-gn.h5
Epoch 284/500
 - 458s - loss: 0.0881 - mean_iou: 0.8112 - val_loss: 0.1406 - val_mean_iou: 0.8112

Epoch 00284: val_mean_iou improved from 0.81115 to 0.81124, saving model to ../models/fcdn-isic-500-tl-gn.h5
Epoch 285/500
 - 464s - loss: 0.0855 - mean_iou: 0.8113 - val_loss: 0.1639 - val_mean_iou: 0.8113

Epoch 00285: val_mean_iou improved from 0.81124 to 0.81133, saving model to ../models/fcdn-isic-500-tl-gn.h5
Epoch 286/500
 - 463s - loss: 0.0839 - mean_iou: 0.8114 - val_loss: 0.1591 - val_mean_iou: 0.8114

Epoch 00286: val_mean_iou improved from 0.81133 to 0.81142, saving model to ../models/fcdn-isic-500-tl-gn.h5
Epoch 287/500
 - 451s - loss: 0.0857 - mean_iou: 0.8114 - val_loss: 0.1502 - val_mean_iou: 0.8115

Epoch 00287: val_mean_iou improved from 0.81142 to 0.81151, saving model to ../models/fcdn-isic-500-tl-gn.h5
Epoch 288/500
 - 467s - loss: 0.0812 - mean_iou: 0.8116 - val_loss: 0.1745 - val_mean_iou: 0.8116

Epoch 00288: val_mean_iou improved from 0.81151 to 0.81162, saving model to ../models/fcdn-isic-500-tl-gn.h5
Epoch 289/500
 - 456s - loss: 0.0867 - mean_iou: 0.8116 - val_loss: 0.1343 - val_mean_iou: 0.8117

Epoch 00289: val_mean_iou improved from 0.81162 to 0.81170, saving model to ../models/fcdn-isic-500-tl-gn.h5
Epoch 290/500
 - 464s - loss: 0.0771 - mean_iou: 0.8117 - val_loss: 0.1462 - val_mean_iou: 0.8118

Epoch 00290: val_mean_iou improved from 0.81170 to 0.81183, saving model to ../models/fcdn-isic-500-tl-gn.h5
Epoch 291/500
 - 467s - loss: 0.0792 - mean_iou: 0.8119 - val_loss: 0.1547 - val_mean_iou: 0.8119

Epoch 00291: val_mean_iou improved from 0.81183 to 0.81193, saving model to ../models/fcdn-isic-500-tl-gn.h5
Epoch 292/500
 - 449s - loss: 0.0836 - mean_iou: 0.8120 - val_loss: 0.1592 - val_mean_iou: 0.8120

Epoch 00292: val_mean_iou improved from 0.81193 to 0.81204, saving model to ../models/fcdn-isic-500-tl-gn.h5
Epoch 293/500
 - 471s - loss: 0.0790 - mean_iou: 0.8121 - val_loss: 0.1525 - val_mean_iou: 0.8121

Epoch 00293: val_mean_iou improved from 0.81204 to 0.81215, saving model to ../models/fcdn-isic-500-tl-gn.h5
Epoch 294/500
 - 462s - loss: 0.0863 - mean_iou: 0.8122 - val_loss: 0.1586 - val_mean_iou: 0.8122

Epoch 00294: val_mean_iou improved from 0.81215 to 0.81224, saving model to ../models/fcdn-isic-500-tl-gn.h5
Epoch 295/500
 - 454s - loss: 0.0839 - mean_iou: 0.8123 - val_loss: 0.1783 - val_mean_iou: 0.8123

Epoch 00295: val_mean_iou improved from 0.81224 to 0.81233, saving model to ../models/fcdn-isic-500-tl-gn.h5
Epoch 296/500
 - 467s - loss: 0.0850 - mean_iou: 0.8124 - val_loss: 0.1307 - val_mean_iou: 0.8124

Epoch 00296: val_mean_iou improved from 0.81233 to 0.81243, saving model to ../models/fcdn-isic-500-tl-gn.h5
Epoch 297/500
 - 463s - loss: 0.0837 - mean_iou: 0.8125 - val_loss: 0.1541 - val_mean_iou: 0.8125

Epoch 00297: val_mean_iou improved from 0.81243 to 0.81251, saving model to ../models/fcdn-isic-500-tl-gn.h5
Epoch 298/500
 - 451s - loss: 0.0797 - mean_iou: 0.8125 - val_loss: 0.1466 - val_mean_iou: 0.8126

Epoch 00298: val_mean_iou improved from 0.81251 to 0.81261, saving model to ../models/fcdn-isic-500-tl-gn.h5
Epoch 299/500
 - 466s - loss: 0.0838 - mean_iou: 0.8126 - val_loss: 0.1458 - val_mean_iou: 0.8127

Epoch 00299: val_mean_iou improved from 0.81261 to 0.81271, saving model to ../models/fcdn-isic-500-tl-gn.h5
Epoch 300/500
 - 464s - loss: 0.0833 - mean_iou: 0.8127 - val_loss: 0.1905 - val_mean_iou: 0.8128

Epoch 00300: val_mean_iou improved from 0.81271 to 0.81279, saving model to ../models/fcdn-isic-500-tl-gn.h5
Epoch 301/500
 - 452s - loss: 0.0839 - mean_iou: 0.8128 - val_loss: 0.1717 - val_mean_iou: 0.8129

Epoch 00301: val_mean_iou improved from 0.81279 to 0.81285, saving model to ../models/fcdn-isic-500-tl-gn.h5
Epoch 302/500
 - 462s - loss: 0.0831 - mean_iou: 0.8129 - val_loss: 0.1508 - val_mean_iou: 0.8129

Epoch 00302: val_mean_iou improved from 0.81285 to 0.81294, saving model to ../models/fcdn-isic-500-tl-gn.h5
Epoch 303/500
 - 465s - loss: 0.0801 - mean_iou: 0.8130 - val_loss: 0.1600 - val_mean_iou: 0.8130

Epoch 00303: val_mean_iou improved from 0.81294 to 0.81304, saving model to ../models/fcdn-isic-500-tl-gn.h5
Epoch 304/500
 - 457s - loss: 0.0802 - mean_iou: 0.8131 - val_loss: 0.1412 - val_mean_iou: 0.8131

Epoch 00304: val_mean_iou improved from 0.81304 to 0.81313, saving model to ../models/fcdn-isic-500-tl-gn.h5
Epoch 305/500
 - 466s - loss: 0.0823 - mean_iou: 0.8132 - val_loss: 0.1503 - val_mean_iou: 0.8132

Epoch 00305: val_mean_iou improved from 0.81313 to 0.81323, saving model to ../models/fcdn-isic-500-tl-gn.h5
Epoch 306/500
 - 451s - loss: 0.0825 - mean_iou: 0.8133 - val_loss: 0.1439 - val_mean_iou: 0.8133

Epoch 00306: val_mean_iou improved from 0.81323 to 0.81332, saving model to ../models/fcdn-isic-500-tl-gn.h5
Epoch 307/500
 - 465s - loss: 0.0844 - mean_iou: 0.8134 - val_loss: 0.1670 - val_mean_iou: 0.8134

Epoch 00307: val_mean_iou improved from 0.81332 to 0.81341, saving model to ../models/fcdn-isic-500-tl-gn.h5
Epoch 308/500
 - 467s - loss: 0.0799 - mean_iou: 0.8135 - val_loss: 0.1387 - val_mean_iou: 0.8135

Epoch 00308: val_mean_iou improved from 0.81341 to 0.81352, saving model to ../models/fcdn-isic-500-tl-gn.h5
Epoch 309/500
 - 454s - loss: 0.0827 - mean_iou: 0.8135 - val_loss: 0.1289 - val_mean_iou: 0.8136

Epoch 00309: val_mean_iou improved from 0.81352 to 0.81362, saving model to ../models/fcdn-isic-500-tl-gn.h5
Epoch 310/500
 - 465s - loss: 0.0842 - mean_iou: 0.8136 - val_loss: 0.1389 - val_mean_iou: 0.8137

Epoch 00310: val_mean_iou improved from 0.81362 to 0.81370, saving model to ../models/fcdn-isic-500-tl-gn.h5
Epoch 311/500
 - 461s - loss: 0.0770 - mean_iou: 0.8137 - val_loss: 0.1482 - val_mean_iou: 0.8138

Epoch 00311: val_mean_iou improved from 0.81370 to 0.81381, saving model to ../models/fcdn-isic-500-tl-gn.h5
Epoch 312/500
 - 460s - loss: 0.0863 - mean_iou: 0.8138 - val_loss: 0.1322 - val_mean_iou: 0.8139

Epoch 00312: val_mean_iou improved from 0.81381 to 0.81389, saving model to ../models/fcdn-isic-500-tl-gn.h5
Epoch 313/500
 - 460s - loss: 0.0811 - mean_iou: 0.8139 - val_loss: 0.1245 - val_mean_iou: 0.8140

Epoch 00313: val_mean_iou improved from 0.81389 to 0.81401, saving model to ../models/fcdn-isic-500-tl-gn.h5
Epoch 314/500
 - 464s - loss: 0.0782 - mean_iou: 0.8141 - val_loss: 0.1481 - val_mean_iou: 0.8141

Epoch 00314: val_mean_iou improved from 0.81401 to 0.81413, saving model to ../models/fcdn-isic-500-tl-gn.h5
Epoch 315/500
 - 454s - loss: 0.0872 - mean_iou: 0.8141 - val_loss: 0.1552 - val_mean_iou: 0.8142

Epoch 00315: val_mean_iou improved from 0.81413 to 0.81419, saving model to ../models/fcdn-isic-500-tl-gn.h5
Epoch 316/500
 - 467s - loss: 0.0819 - mean_iou: 0.8142 - val_loss: 0.1579 - val_mean_iou: 0.8143

Epoch 00316: val_mean_iou improved from 0.81419 to 0.81428, saving model to ../models/fcdn-isic-500-tl-gn.h5
Epoch 317/500
 - 456s - loss: 0.0852 - mean_iou: 0.8143 - val_loss: 0.1559 - val_mean_iou: 0.8144

Epoch 00317: val_mean_iou improved from 0.81428 to 0.81435, saving model to ../models/fcdn-isic-500-tl-gn.h5
Epoch 318/500
 - 460s - loss: 0.0787 - mean_iou: 0.8144 - val_loss: 0.1341 - val_mean_iou: 0.8145

Epoch 00318: val_mean_iou improved from 0.81435 to 0.81446, saving model to ../models/fcdn-isic-500-tl-gn.h5
Epoch 319/500
 - 468s - loss: 0.0848 - mean_iou: 0.8145 - val_loss: 0.1431 - val_mean_iou: 0.8145

Epoch 00319: val_mean_iou improved from 0.81446 to 0.81453, saving model to ../models/fcdn-isic-500-tl-gn.h5
Epoch 320/500
 - 461s - loss: 0.0817 - mean_iou: 0.8146 - val_loss: 0.1661 - val_mean_iou: 0.8146

Epoch 00320: val_mean_iou improved from 0.81453 to 0.81462, saving model to ../models/fcdn-isic-500-tl-gn.h5
Epoch 321/500
 - 462s - loss: 0.0907 - mean_iou: 0.8146 - val_loss: 0.1427 - val_mean_iou: 0.8147

Epoch 00321: val_mean_iou improved from 0.81462 to 0.81467, saving model to ../models/fcdn-isic-500-tl-gn.h5
Epoch 322/500
 - 464s - loss: 0.0819 - mean_iou: 0.8147 - val_loss: 0.1507 - val_mean_iou: 0.8148

Epoch 00322: val_mean_iou improved from 0.81467 to 0.81477, saving model to ../models/fcdn-isic-500-tl-gn.h5
Epoch 323/500
 - 453s - loss: 0.0811 - mean_iou: 0.8148 - val_loss: 0.1444 - val_mean_iou: 0.8149

Epoch 00323: val_mean_iou improved from 0.81477 to 0.81486, saving model to ../models/fcdn-isic-500-tl-gn.h5
Epoch 324/500
 - 460s - loss: 0.0825 - mean_iou: 0.8149 - val_loss: 0.1508 - val_mean_iou: 0.8149

Epoch 00324: val_mean_iou improved from 0.81486 to 0.81494, saving model to ../models/fcdn-isic-500-tl-gn.h5
Epoch 325/500
 - 467s - loss: 0.0830 - mean_iou: 0.8150 - val_loss: 0.1658 - val_mean_iou: 0.8150

Epoch 00325: val_mean_iou improved from 0.81494 to 0.81502, saving model to ../models/fcdn-isic-500-tl-gn.h5
Epoch 326/500
 - 456s - loss: 0.0811 - mean_iou: 0.8150 - val_loss: 0.1351 - val_mean_iou: 0.8151

Epoch 00326: val_mean_iou improved from 0.81502 to 0.81510, saving model to ../models/fcdn-isic-500-tl-gn.h5
Epoch 327/500
 - 457s - loss: 0.0780 - mean_iou: 0.8151 - val_loss: 0.1348 - val_mean_iou: 0.8152

Epoch 00327: val_mean_iou improved from 0.81510 to 0.81520, saving model to ../models/fcdn-isic-500-tl-gn.h5
Epoch 328/500
 - 466s - loss: 0.0853 - mean_iou: 0.8152 - val_loss: 0.1732 - val_mean_iou: 0.8153

Epoch 00328: val_mean_iou improved from 0.81520 to 0.81527, saving model to ../models/fcdn-isic-500-tl-gn.h5
Epoch 329/500
 - 459s - loss: 0.0780 - mean_iou: 0.8153 - val_loss: 0.1425 - val_mean_iou: 0.8153

Epoch 00329: val_mean_iou improved from 0.81527 to 0.81535, saving model to ../models/fcdn-isic-500-tl-gn.h5
Epoch 330/500
 - 458s - loss: 0.0796 - mean_iou: 0.8154 - val_loss: 0.1326 - val_mean_iou: 0.8154

Epoch 00330: val_mean_iou improved from 0.81535 to 0.81544, saving model to ../models/fcdn-isic-500-tl-gn.h5
Epoch 331/500
 - 463s - loss: 0.0772 - mean_iou: 0.8155 - val_loss: 0.1926 - val_mean_iou: 0.8155

Epoch 00331: val_mean_iou improved from 0.81544 to 0.81553, saving model to ../models/fcdn-isic-500-tl-gn.h5
Epoch 332/500
 - 456s - loss: 0.0820 - mean_iou: 0.8155 - val_loss: 0.1496 - val_mean_iou: 0.8156

Epoch 00332: val_mean_iou improved from 0.81553 to 0.81559, saving model to ../models/fcdn-isic-500-tl-gn.h5
Epoch 333/500
 - 463s - loss: 0.0838 - mean_iou: 0.8156 - val_loss: 0.1333 - val_mean_iou: 0.8157

Epoch 00333: val_mean_iou improved from 0.81559 to 0.81568, saving model to ../models/fcdn-isic-500-tl-gn.h5
Epoch 334/500
 - 454s - loss: 0.0819 - mean_iou: 0.8157 - val_loss: 0.1294 - val_mean_iou: 0.8158

Epoch 00334: val_mean_iou improved from 0.81568 to 0.81577, saving model to ../models/fcdn-isic-500-tl-gn.h5
Epoch 335/500
 - 464s - loss: 0.0768 - mean_iou: 0.8158 - val_loss: 0.1402 - val_mean_iou: 0.8159

Epoch 00335: val_mean_iou improved from 0.81577 to 0.81587, saving model to ../models/fcdn-isic-500-tl-gn.h5
Epoch 336/500
 - 464s - loss: 0.0824 - mean_iou: 0.8159 - val_loss: 0.1557 - val_mean_iou: 0.8160

Epoch 00336: val_mean_iou improved from 0.81587 to 0.81596, saving model to ../models/fcdn-isic-500-tl-gn.h5
Epoch 337/500
 - 458s - loss: 0.0873 - mean_iou: 0.8160 - val_loss: 0.1479 - val_mean_iou: 0.8160

Epoch 00337: val_mean_iou improved from 0.81596 to 0.81601, saving model to ../models/fcdn-isic-500-tl-gn.h5
Epoch 338/500
 - 461s - loss: 0.0801 - mean_iou: 0.8160 - val_loss: 0.1364 - val_mean_iou: 0.8161

Epoch 00338: val_mean_iou improved from 0.81601 to 0.81610, saving model to ../models/fcdn-isic-500-tl-gn.h5
Epoch 339/500
 - 466s - loss: 0.0811 - mean_iou: 0.8161 - val_loss: 0.1522 - val_mean_iou: 0.8162

Epoch 00339: val_mean_iou improved from 0.81610 to 0.81618, saving model to ../models/fcdn-isic-500-tl-gn.h5
Epoch 340/500
 - 449s - loss: 0.0834 - mean_iou: 0.8162 - val_loss: 0.1499 - val_mean_iou: 0.8163

Epoch 00340: val_mean_iou improved from 0.81618 to 0.81626, saving model to ../models/fcdn-isic-500-tl-gn.h5
Epoch 341/500
 - 467s - loss: 0.0815 - mean_iou: 0.8163 - val_loss: 0.1449 - val_mean_iou: 0.8163

Epoch 00341: val_mean_iou improved from 0.81626 to 0.81633, saving model to ../models/fcdn-isic-500-tl-gn.h5
Epoch 342/500
 - 460s - loss: 0.0786 - mean_iou: 0.8164 - val_loss: 0.1526 - val_mean_iou: 0.8164

Epoch 00342: val_mean_iou improved from 0.81633 to 0.81642, saving model to ../models/fcdn-isic-500-tl-gn.h5
Epoch 343/500
 - 457s - loss: 0.0799 - mean_iou: 0.8164 - val_loss: 0.1342 - val_mean_iou: 0.8165

Epoch 00343: val_mean_iou improved from 0.81642 to 0.81650, saving model to ../models/fcdn-isic-500-tl-gn.h5
Epoch 344/500
 - 459s - loss: 0.0834 - mean_iou: 0.8165 - val_loss: 0.1491 - val_mean_iou: 0.8166

Epoch 00344: val_mean_iou improved from 0.81650 to 0.81658, saving model to ../models/fcdn-isic-500-tl-gn.h5
Epoch 345/500
 - 462s - loss: 0.0800 - mean_iou: 0.8166 - val_loss: 0.1520 - val_mean_iou: 0.8167

Epoch 00345: val_mean_iou improved from 0.81658 to 0.81666, saving model to ../models/fcdn-isic-500-tl-gn.h5
Epoch 346/500
 - 452s - loss: 0.0810 - mean_iou: 0.8167 - val_loss: 0.1484 - val_mean_iou: 0.8167

Epoch 00346: val_mean_iou improved from 0.81666 to 0.81672, saving model to ../models/fcdn-isic-500-tl-gn.h5
Epoch 347/500
 - 467s - loss: 0.0860 - mean_iou: 0.8167 - val_loss: 0.1349 - val_mean_iou: 0.8168

Epoch 00347: val_mean_iou improved from 0.81672 to 0.81678, saving model to ../models/fcdn-isic-500-tl-gn.h5
Epoch 348/500
 - 454s - loss: 0.0799 - mean_iou: 0.8168 - val_loss: 0.1277 - val_mean_iou: 0.8169

Epoch 00348: val_mean_iou improved from 0.81678 to 0.81687, saving model to ../models/fcdn-isic-500-tl-gn.h5
Epoch 349/500
 - 459s - loss: 0.0834 - mean_iou: 0.8169 - val_loss: 0.1742 - val_mean_iou: 0.8169

Epoch 00349: val_mean_iou improved from 0.81687 to 0.81694, saving model to ../models/fcdn-isic-500-tl-gn.h5
Epoch 350/500
 - 465s - loss: 0.0776 - mean_iou: 0.8170 - val_loss: 0.1465 - val_mean_iou: 0.8170

Epoch 00350: val_mean_iou improved from 0.81694 to 0.81702, saving model to ../models/fcdn-isic-500-tl-gn.h5
Epoch 351/500
 - 454s - loss: 0.0812 - mean_iou: 0.8170 - val_loss: 0.1564 - val_mean_iou: 0.8171

Epoch 00351: val_mean_iou improved from 0.81702 to 0.81710, saving model to ../models/fcdn-isic-500-tl-gn.h5
Epoch 352/500
 - 458s - loss: 0.0809 - mean_iou: 0.8171 - val_loss: 0.1659 - val_mean_iou: 0.8172

Epoch 00352: val_mean_iou improved from 0.81710 to 0.81716, saving model to ../models/fcdn-isic-500-tl-gn.h5
Epoch 353/500
 - 467s - loss: 0.0835 - mean_iou: 0.8172 - val_loss: 0.1415 - val_mean_iou: 0.8172

Epoch 00353: val_mean_iou improved from 0.81716 to 0.81723, saving model to ../models/fcdn-isic-500-tl-gn.h5
Epoch 354/500
 - 449s - loss: 0.0834 - mean_iou: 0.8173 - val_loss: 0.1608 - val_mean_iou: 0.8173

Epoch 00354: val_mean_iou improved from 0.81723 to 0.81731, saving model to ../models/fcdn-isic-500-tl-gn.h5
Epoch 355/500
 - 468s - loss: 0.0786 - mean_iou: 0.8173 - val_loss: 0.1301 - val_mean_iou: 0.8174

Epoch 00355: val_mean_iou improved from 0.81731 to 0.81739, saving model to ../models/fcdn-isic-500-tl-gn.h5
Epoch 356/500
 - 463s - loss: 0.0794 - mean_iou: 0.8174 - val_loss: 0.1548 - val_mean_iou: 0.8175

Epoch 00356: val_mean_iou improved from 0.81739 to 0.81748, saving model to ../models/fcdn-isic-500-tl-gn.h5
Epoch 357/500
 - 454s - loss: 0.0787 - mean_iou: 0.8175 - val_loss: 0.1406 - val_mean_iou: 0.8176

Epoch 00357: val_mean_iou improved from 0.81748 to 0.81757, saving model to ../models/fcdn-isic-500-tl-gn.h5
Epoch 358/500
 - 461s - loss: 0.0766 - mean_iou: 0.8176 - val_loss: 0.1468 - val_mean_iou: 0.8177

Epoch 00358: val_mean_iou improved from 0.81757 to 0.81767, saving model to ../models/fcdn-isic-500-tl-gn.h5
Epoch 359/500
 - 460s - loss: 0.0783 - mean_iou: 0.8177 - val_loss: 0.1292 - val_mean_iou: 0.8178

Epoch 00359: val_mean_iou improved from 0.81767 to 0.81776, saving model to ../models/fcdn-isic-500-tl-gn.h5
Epoch 360/500
 - 461s - loss: 0.0815 - mean_iou: 0.8178 - val_loss: 0.1503 - val_mean_iou: 0.8178

Epoch 00360: val_mean_iou improved from 0.81776 to 0.81784, saving model to ../models/fcdn-isic-500-tl-gn.h5
Epoch 361/500
 - 466s - loss: 0.0832 - mean_iou: 0.8179 - val_loss: 0.1472 - val_mean_iou: 0.8179

Epoch 00361: val_mean_iou improved from 0.81784 to 0.81790, saving model to ../models/fcdn-isic-500-tl-gn.h5
Epoch 362/500
 - 462s - loss: 0.0857 - mean_iou: 0.8179 - val_loss: 0.1555 - val_mean_iou: 0.8180

Epoch 00362: val_mean_iou improved from 0.81790 to 0.81795, saving model to ../models/fcdn-isic-500-tl-gn.h5
Epoch 363/500
 - 456s - loss: 0.0790 - mean_iou: 0.8180 - val_loss: 0.1486 - val_mean_iou: 0.8180

Epoch 00363: val_mean_iou improved from 0.81795 to 0.81803, saving model to ../models/fcdn-isic-500-tl-gn.h5
Epoch 364/500
 - 465s - loss: 0.0783 - mean_iou: 0.8181 - val_loss: 0.1364 - val_mean_iou: 0.8181

Epoch 00364: val_mean_iou improved from 0.81803 to 0.81812, saving model to ../models/fcdn-isic-500-tl-gn.h5
Epoch 365/500
 - 451s - loss: 0.0780 - mean_iou: 0.8181 - val_loss: 0.1412 - val_mean_iou: 0.8182

Epoch 00365: val_mean_iou improved from 0.81812 to 0.81820, saving model to ../models/fcdn-isic-500-tl-gn.h5
Epoch 366/500
 - 461s - loss: 0.0787 - mean_iou: 0.8182 - val_loss: 0.1500 - val_mean_iou: 0.8183

Epoch 00366: val_mean_iou improved from 0.81820 to 0.81829, saving model to ../models/fcdn-isic-500-tl-gn.h5
Epoch 367/500
 - 464s - loss: 0.0762 - mean_iou: 0.8183 - val_loss: 0.1414 - val_mean_iou: 0.8184

Epoch 00367: val_mean_iou improved from 0.81829 to 0.81837, saving model to ../models/fcdn-isic-500-tl-gn.h5
Epoch 368/500
 - 456s - loss: 0.0803 - mean_iou: 0.8184 - val_loss: 0.1479 - val_mean_iou: 0.8184

Epoch 00368: val_mean_iou improved from 0.81837 to 0.81845, saving model to ../models/fcdn-isic-500-tl-gn.h5
Epoch 369/500
 - 464s - loss: 0.0761 - mean_iou: 0.8185 - val_loss: 0.1418 - val_mean_iou: 0.8185

Epoch 00369: val_mean_iou improved from 0.81845 to 0.81853, saving model to ../models/fcdn-isic-500-tl-gn.h5
Epoch 370/500
 - 464s - loss: 0.0807 - mean_iou: 0.8186 - val_loss: 0.1484 - val_mean_iou: 0.8186

Epoch 00370: val_mean_iou improved from 0.81853 to 0.81860, saving model to ../models/fcdn-isic-500-tl-gn.h5
Epoch 371/500
 - 446s - loss: 0.0799 - mean_iou: 0.8186 - val_loss: 0.1521 - val_mean_iou: 0.8187

Epoch 00371: val_mean_iou improved from 0.81860 to 0.81867, saving model to ../models/fcdn-isic-500-tl-gn.h5
Epoch 372/500
 - 468s - loss: 0.0881 - mean_iou: 0.8187 - val_loss: 0.1393 - val_mean_iou: 0.8187

Epoch 00372: val_mean_iou improved from 0.81867 to 0.81871, saving model to ../models/fcdn-isic-500-tl-gn.h5
Epoch 373/500
 - 461s - loss: 0.0787 - mean_iou: 0.8187 - val_loss: 0.1704 - val_mean_iou: 0.8188

Epoch 00373: val_mean_iou improved from 0.81871 to 0.81877, saving model to ../models/fcdn-isic-500-tl-gn.h5
Epoch 374/500
 - 456s - loss: 0.0807 - mean_iou: 0.8188 - val_loss: 0.1332 - val_mean_iou: 0.8188

Epoch 00374: val_mean_iou improved from 0.81877 to 0.81884, saving model to ../models/fcdn-isic-500-tl-gn.h5
Epoch 375/500
 - 462s - loss: 0.0766 - mean_iou: 0.8189 - val_loss: 0.1584 - val_mean_iou: 0.8189

Epoch 00375: val_mean_iou improved from 0.81884 to 0.81893, saving model to ../models/fcdn-isic-500-tl-gn.h5
Epoch 376/500
 - 457s - loss: 0.0819 - mean_iou: 0.8190 - val_loss: 0.1424 - val_mean_iou: 0.8190

Epoch 00376: val_mean_iou improved from 0.81893 to 0.81900, saving model to ../models/fcdn-isic-500-tl-gn.h5
Epoch 377/500
 - 463s - loss: 0.0793 - mean_iou: 0.8190 - val_loss: 0.1654 - val_mean_iou: 0.8191

Epoch 00377: val_mean_iou improved from 0.81900 to 0.81907, saving model to ../models/fcdn-isic-500-tl-gn.h5
Epoch 378/500
 - 460s - loss: 0.0815 - mean_iou: 0.8191 - val_loss: 0.1655 - val_mean_iou: 0.8191

Epoch 00378: val_mean_iou improved from 0.81907 to 0.81912, saving model to ../models/fcdn-isic-500-tl-gn.h5
Epoch 379/500
 - 451s - loss: 0.0799 - mean_iou: 0.8191 - val_loss: 0.1412 - val_mean_iou: 0.8192

Epoch 00379: val_mean_iou improved from 0.81912 to 0.81920, saving model to ../models/fcdn-isic-500-tl-gn.h5
Epoch 380/500
 - 465s - loss: 0.0840 - mean_iou: 0.8192 - val_loss: 0.1496 - val_mean_iou: 0.8193

Epoch 00380: val_mean_iou improved from 0.81920 to 0.81925, saving model to ../models/fcdn-isic-500-tl-gn.h5
Epoch 381/500
 - 461s - loss: 0.0802 - mean_iou: 0.8193 - val_loss: 0.1397 - val_mean_iou: 0.8193

Epoch 00381: val_mean_iou improved from 0.81925 to 0.81932, saving model to ../models/fcdn-isic-500-tl-gn.h5
Epoch 382/500
 - 454s - loss: 0.0823 - mean_iou: 0.8193 - val_loss: 0.1374 - val_mean_iou: 0.8194

Epoch 00382: val_mean_iou improved from 0.81932 to 0.81938, saving model to ../models/fcdn-isic-500-tl-gn.h5
Epoch 383/500
 - 463s - loss: 0.0763 - mean_iou: 0.8194 - val_loss: 0.1682 - val_mean_iou: 0.8195

Epoch 00383: val_mean_iou improved from 0.81938 to 0.81945, saving model to ../models/fcdn-isic-500-tl-gn.h5
Epoch 384/500
 - 458s - loss: 0.0753 - mean_iou: 0.8195 - val_loss: 0.1360 - val_mean_iou: 0.8195

Epoch 00384: val_mean_iou improved from 0.81945 to 0.81953, saving model to ../models/fcdn-isic-500-tl-gn.h5
Epoch 385/500
 - 451s - loss: 0.0778 - mean_iou: 0.8196 - val_loss: 0.1785 - val_mean_iou: 0.8196

Epoch 00385: val_mean_iou improved from 0.81953 to 0.81961, saving model to ../models/fcdn-isic-500-tl-gn.h5
Epoch 386/500
 - 466s - loss: 0.0776 - mean_iou: 0.8196 - val_loss: 0.1646 - val_mean_iou: 0.8197

Epoch 00386: val_mean_iou improved from 0.81961 to 0.81966, saving model to ../models/fcdn-isic-500-tl-gn.h5
Epoch 387/500
 - 467s - loss: 0.0827 - mean_iou: 0.8197 - val_loss: 0.1502 - val_mean_iou: 0.8197
