Executing on gpu013
Found 1894 images belonging to 1 classes.
Found 1894 images belonging to 1 classes.
Found 350 images belonging to 1 classes.
Found 350 images belonging to 1 classes.
Found 350 images belonging to 1 classes.
Found 350 images belonging to 1 classes.
Epoch 1/200
 - 911s - loss: 12.8956 - mean_iou: 0.0921 - val_loss: 12.6867 - val_mean_iou: 0.0940

Epoch 00001: val_mean_iou improved from -inf to 0.09402, saving model to ../models/isic-dsnet-bin-iou.h5
Epoch 2/200
 - 306s - loss: 12.9584 - mean_iou: 0.0937 - val_loss: 12.6117 - val_mean_iou: 0.0936

Epoch 00002: val_mean_iou did not improve from 0.09402
Epoch 3/200
 - 389s - loss: 12.9015 - mean_iou: 0.0937 - val_loss: 12.5163 - val_mean_iou: 0.0939

Epoch 00003: val_mean_iou did not improve from 0.09402
Epoch 4/200
 - 378s - loss: 12.9238 - mean_iou: 0.0939 - val_loss: 12.5618 - val_mean_iou: 0.0941

Epoch 00004: val_mean_iou improved from 0.09402 to 0.09407, saving model to ../models/isic-dsnet-bin-iou.h5
Epoch 5/200
 - 385s - loss: 12.9535 - mean_iou: 0.0940 - val_loss: 12.5666 - val_mean_iou: 0.0939

Epoch 00005: val_mean_iou did not improve from 0.09407
Epoch 6/200
 - 376s - loss: 12.9067 - mean_iou: 0.0941 - val_loss: 12.7322 - val_mean_iou: 0.0940

Epoch 00006: val_mean_iou did not improve from 0.09407
Epoch 7/200
 - 381s - loss: 12.9267 - mean_iou: 0.0939 - val_loss: 12.5277 - val_mean_iou: 0.0940

Epoch 00007: val_mean_iou did not improve from 0.09407
Epoch 8/200
 - 381s - loss: 12.9249 - mean_iou: 0.0941 - val_loss: 12.7106 - val_mean_iou: 0.0941

Epoch 00008: val_mean_iou improved from 0.09407 to 0.09407, saving model to ../models/isic-dsnet-bin-iou.h5
Epoch 9/200
 - 373s - loss: 12.9353 - mean_iou: 0.0940 - val_loss: 12.8001 - val_mean_iou: 0.0940

Epoch 00009: val_mean_iou did not improve from 0.09407
Epoch 10/200
 - 382s - loss: 12.9066 - mean_iou: 0.0940 - val_loss: 12.4617 - val_mean_iou: 0.0940

Epoch 00010: val_mean_iou did not improve from 0.09407
Epoch 11/200
 - 378s - loss: 12.9377 - mean_iou: 0.0939 - val_loss: 12.6890 - val_mean_iou: 0.0940

Epoch 00011: val_mean_iou did not improve from 0.09407
loss is 12.101180984860374
miou is 0.09414214889208476
