Executing on gpu013
Found 1894 images belonging to 1 classes.
Found 1894 images belonging to 1 classes.
Found 350 images belonging to 1 classes.
Found 350 images belonging to 1 classes.
Found 350 images belonging to 1 classes.
Found 350 images belonging to 1 classes.
11
Epoch 1/200
 - 1016s - loss: 0.3742 - mean_iou: 0.5300 - val_loss: 0.6721 - val_mean_iou: 0.5531

Epoch 00001: val_mean_iou improved from -inf to 0.55312, saving model to ../models/isic-fcdn-bin-iou.h5
Epoch 2/200
 - 1031s - loss: 0.3182 - mean_iou: 0.5609 - val_loss: 0.3473 - val_mean_iou: 0.5679

Epoch 00002: val_mean_iou improved from 0.55312 to 0.56788, saving model to ../models/isic-fcdn-bin-iou.h5
Epoch 3/200
 - 1114s - loss: 0.2692 - mean_iou: 0.5754 - val_loss: 0.4668 - val_mean_iou: 0.5869

Epoch 00003: val_mean_iou improved from 0.56788 to 0.58686, saving model to ../models/isic-fcdn-bin-iou.h5
Epoch 4/200
 - 1071s - loss: 0.2399 - mean_iou: 0.5921 - val_loss: 0.6605 - val_mean_iou: 0.6008

Epoch 00004: val_mean_iou improved from 0.58686 to 0.60084, saving model to ../models/isic-fcdn-bin-iou.h5
Epoch 5/200
 - 1131s - loss: 0.2344 - mean_iou: 0.6051 - val_loss: 0.5261 - val_mean_iou: 0.6124

Epoch 00005: val_mean_iou improved from 0.60084 to 0.61244, saving model to ../models/isic-fcdn-bin-iou.h5
Epoch 6/200
 - 1113s - loss: 0.2240 - mean_iou: 0.6158 - val_loss: 0.3577 - val_mean_iou: 0.6213

Epoch 00006: val_mean_iou improved from 0.61244 to 0.62132, saving model to ../models/isic-fcdn-bin-iou.h5
Epoch 7/200
 - 1125s - loss: 0.2220 - mean_iou: 0.6236 - val_loss: 0.4720 - val_mean_iou: 0.6295

Epoch 00007: val_mean_iou improved from 0.62132 to 0.62954, saving model to ../models/isic-fcdn-bin-iou.h5
Epoch 8/200
 - 1130s - loss: 0.2101 - mean_iou: 0.6320 - val_loss: 0.9869 - val_mean_iou: 0.6360

Epoch 00008: val_mean_iou improved from 0.62954 to 0.63599, saving model to ../models/isic-fcdn-bin-iou.h5
Epoch 9/200
 - 1118s - loss: 0.2022 - mean_iou: 0.6375 - val_loss: 1.1535 - val_mean_iou: 0.6406

Epoch 00009: val_mean_iou improved from 0.63599 to 0.64057, saving model to ../models/isic-fcdn-bin-iou.h5
Epoch 10/200
 - 1250s - loss: 0.1945 - mean_iou: 0.6417 - val_loss: 0.5637 - val_mean_iou: 0.6453

Epoch 00010: val_mean_iou improved from 0.64057 to 0.64528, saving model to ../models/isic-fcdn-bin-iou.h5
Epoch 11/200
 - 1308s - loss: 0.1897 - mean_iou: 0.6471 - val_loss: 0.5443 - val_mean_iou: 0.6509

Epoch 00011: val_mean_iou improved from 0.64528 to 0.65093, saving model to ../models/isic-fcdn-bin-iou.h5
Epoch 12/200
 - 1190s - loss: 0.1835 - mean_iou: 0.6525 - val_loss: 0.8369 - val_mean_iou: 0.6559

Epoch 00012: val_mean_iou improved from 0.65093 to 0.65587, saving model to ../models/isic-fcdn-bin-iou.h5
Epoch 13/200
 - 1240s - loss: 0.1827 - mean_iou: 0.6577 - val_loss: 0.8306 - val_mean_iou: 0.6609

Epoch 00013: val_mean_iou improved from 0.65587 to 0.66087, saving model to ../models/isic-fcdn-bin-iou.h5
Epoch 14/200
 - 1268s - loss: 0.1758 - mean_iou: 0.6621 - val_loss: 0.5577 - val_mean_iou: 0.6651

Epoch 00014: val_mean_iou improved from 0.66087 to 0.66514, saving model to ../models/isic-fcdn-bin-iou.h5
Epoch 15/200
 - 1176s - loss: 0.1730 - mean_iou: 0.6664 - val_loss: 0.3867 - val_mean_iou: 0.6694

Epoch 00015: val_mean_iou improved from 0.66514 to 0.66943, saving model to ../models/isic-fcdn-bin-iou.h5
Epoch 16/200
 - 1257s - loss: 0.1571 - mean_iou: 0.6718 - val_loss: 0.9129 - val_mean_iou: 0.6745

Epoch 00016: val_mean_iou improved from 0.66943 to 0.67452, saving model to ../models/isic-fcdn-bin-iou.h5
Epoch 17/200
 - 1067s - loss: 0.1725 - mean_iou: 0.6751 - val_loss: 0.5119 - val_mean_iou: 0.6778

Epoch 00017: val_mean_iou improved from 0.67452 to 0.67781, saving model to ../models/isic-fcdn-bin-iou.h5
Epoch 18/200
 - 1074s - loss: 0.1731 - mean_iou: 0.6788 - val_loss: 0.7844 - val_mean_iou: 0.6809

Epoch 00018: val_mean_iou improved from 0.67781 to 0.68091, saving model to ../models/isic-fcdn-bin-iou.h5
Epoch 19/200
 - 1164s - loss: 0.1634 - mean_iou: 0.6819 - val_loss: 0.5423 - val_mean_iou: 0.6841

Epoch 00019: val_mean_iou improved from 0.68091 to 0.68406, saving model to ../models/isic-fcdn-bin-iou.h5
Epoch 20/200
 - 1083s - loss: 0.1558 - mean_iou: 0.6853 - val_loss: 0.4382 - val_mean_iou: 0.6875

Epoch 00020: val_mean_iou improved from 0.68406 to 0.68755, saving model to ../models/isic-fcdn-bin-iou.h5
Epoch 21/200
 - 1083s - loss: 0.1600 - mean_iou: 0.6883 - val_loss: 0.4831 - val_mean_iou: 0.6904

Epoch 00021: val_mean_iou improved from 0.68755 to 0.69041, saving model to ../models/isic-fcdn-bin-iou.h5
Epoch 22/200
 - 1168s - loss: 0.1663 - mean_iou: 0.6911 - val_loss: 0.4334 - val_mean_iou: 0.6930

Epoch 00022: val_mean_iou improved from 0.69041 to 0.69298, saving model to ../models/isic-fcdn-bin-iou.h5
Epoch 23/200
 - 1184s - loss: 0.1525 - mean_iou: 0.6942 - val_loss: 0.3907 - val_mean_iou: 0.6961

Epoch 00023: val_mean_iou improved from 0.69298 to 0.69614, saving model to ../models/isic-fcdn-bin-iou.h5
Epoch 24/200
 - 1173s - loss: 0.1534 - mean_iou: 0.6971 - val_loss: 0.4398 - val_mean_iou: 0.6991

Epoch 00024: val_mean_iou improved from 0.69614 to 0.69911, saving model to ../models/isic-fcdn-bin-iou.h5
Epoch 25/200
 - 1298s - loss: 0.1429 - mean_iou: 0.7004 - val_loss: 0.4193 - val_mean_iou: 0.7023

Epoch 00025: val_mean_iou improved from 0.69911 to 0.70225, saving model to ../models/isic-fcdn-bin-iou.h5
Epoch 26/200
 - 1151s - loss: 0.1496 - mean_iou: 0.7031 - val_loss: 0.5225 - val_mean_iou: 0.7044

Epoch 00026: val_mean_iou improved from 0.70225 to 0.70439, saving model to ../models/isic-fcdn-bin-iou.h5
Epoch 27/200
 - 1186s - loss: 0.1560 - mean_iou: 0.7048 - val_loss: 0.6277 - val_mean_iou: 0.7060

Epoch 00027: val_mean_iou improved from 0.70439 to 0.70602, saving model to ../models/isic-fcdn-bin-iou.h5
Epoch 28/200
 - 1071s - loss: 0.1420 - mean_iou: 0.7065 - val_loss: 0.4773 - val_mean_iou: 0.7081

Epoch 00028: val_mean_iou improved from 0.70602 to 0.70814, saving model to ../models/isic-fcdn-bin-iou.h5
Epoch 29/200
 - 1536s - loss: 0.1549 - mean_iou: 0.7089 - val_loss: 0.4888 - val_mean_iou: 0.7104

Epoch 00029: val_mean_iou improved from 0.70814 to 0.71037, saving model to ../models/isic-fcdn-bin-iou.h5
Epoch 30/200
 - 1221s - loss: 0.1507 - mean_iou: 0.7111 - val_loss: 0.3300 - val_mean_iou: 0.7125

Epoch 00030: val_mean_iou improved from 0.71037 to 0.71254, saving model to ../models/isic-fcdn-bin-iou.h5
Epoch 31/200
 - 1017s - loss: 0.1406 - mean_iou: 0.7134 - val_loss: 0.5166 - val_mean_iou: 0.7147

Epoch 00031: val_mean_iou improved from 0.71254 to 0.71474, saving model to ../models/isic-fcdn-bin-iou.h5
Epoch 32/200
 - 1006s - loss: 0.1464 - mean_iou: 0.7154 - val_loss: 0.4570 - val_mean_iou: 0.7168

Epoch 00032: val_mean_iou improved from 0.71474 to 0.71680, saving model to ../models/isic-fcdn-bin-iou.h5
Epoch 33/200
 - 1218s - loss: 0.1290 - mean_iou: 0.7178 - val_loss: 0.4249 - val_mean_iou: 0.7192

Epoch 00033: val_mean_iou improved from 0.71680 to 0.71921, saving model to ../models/isic-fcdn-bin-iou.h5
Epoch 34/200
 - 1035s - loss: 0.1413 - mean_iou: 0.7199 - val_loss: 0.4317 - val_mean_iou: 0.7211

Epoch 00034: val_mean_iou improved from 0.71921 to 0.72109, saving model to ../models/isic-fcdn-bin-iou.h5
Epoch 35/200
 - 1048s - loss: 0.1364 - mean_iou: 0.7216 - val_loss: 0.5383 - val_mean_iou: 0.7226

Epoch 00035: val_mean_iou improved from 0.72109 to 0.72256, saving model to ../models/isic-fcdn-bin-iou.h5
Epoch 36/200
 - 990s - loss: 0.1384 - mean_iou: 0.7227 - val_loss: 0.4829 - val_mean_iou: 0.7237

Epoch 00036: val_mean_iou improved from 0.72256 to 0.72373, saving model to ../models/isic-fcdn-bin-iou.h5
Epoch 37/200
 - 1126s - loss: 0.1282 - mean_iou: 0.7242 - val_loss: 0.4222 - val_mean_iou: 0.7255

Epoch 00037: val_mean_iou improved from 0.72373 to 0.72550, saving model to ../models/isic-fcdn-bin-iou.h5
Epoch 38/200
 - 995s - loss: 0.1471 - mean_iou: 0.7259 - val_loss: 0.3510 - val_mean_iou: 0.7269

Epoch 00038: val_mean_iou improved from 0.72550 to 0.72688, saving model to ../models/isic-fcdn-bin-iou.h5
Epoch 39/200
 - 1332s - loss: 0.1377 - mean_iou: 0.7273 - val_loss: 0.5107 - val_mean_iou: 0.7282

Epoch 00039: val_mean_iou improved from 0.72688 to 0.72823, saving model to ../models/isic-fcdn-bin-iou.h5
Epoch 40/200
 - 943s - loss: 0.1342 - mean_iou: 0.7288 - val_loss: 0.3483 - val_mean_iou: 0.7298

Epoch 00040: val_mean_iou improved from 0.72823 to 0.72979, saving model to ../models/isic-fcdn-bin-iou.h5
Epoch 41/200
 - 964s - loss: 0.1362 - mean_iou: 0.7304 - val_loss: 0.4534 - val_mean_iou: 0.7312

Epoch 00041: val_mean_iou improved from 0.72979 to 0.73118, saving model to ../models/isic-fcdn-bin-iou.h5
Epoch 42/200
 - 1028s - loss: 0.1332 - mean_iou: 0.7315 - val_loss: 0.3732 - val_mean_iou: 0.7324

Epoch 00042: val_mean_iou improved from 0.73118 to 0.73240, saving model to ../models/isic-fcdn-bin-iou.h5
Epoch 43/200
 - 1108s - loss: 0.1368 - mean_iou: 0.7326 - val_loss: 0.3738 - val_mean_iou: 0.7335

Epoch 00043: val_mean_iou improved from 0.73240 to 0.73352, saving model to ../models/isic-fcdn-bin-iou.h5
Epoch 44/200
 - 987s - loss: 0.1417 - mean_iou: 0.7339 - val_loss: 0.4212 - val_mean_iou: 0.7346

Epoch 00044: val_mean_iou improved from 0.73352 to 0.73462, saving model to ../models/isic-fcdn-bin-iou.h5
Epoch 45/200
 - 1009s - loss: 0.1296 - mean_iou: 0.7349 - val_loss: 0.3127 - val_mean_iou: 0.7358

Epoch 00045: val_mean_iou improved from 0.73462 to 0.73580, saving model to ../models/isic-fcdn-bin-iou.h5
Epoch 46/200
 - 958s - loss: 0.1400 - mean_iou: 0.7361 - val_loss: 0.5164 - val_mean_iou: 0.7368

Epoch 00046: val_mean_iou improved from 0.73580 to 0.73680, saving model to ../models/isic-fcdn-bin-iou.h5
Epoch 47/200
 - 947s - loss: 0.1344 - mean_iou: 0.7370 - val_loss: 0.3396 - val_mean_iou: 0.7378

Epoch 00047: val_mean_iou improved from 0.73680 to 0.73779, saving model to ../models/isic-fcdn-bin-iou.h5
Epoch 48/200
 - 967s - loss: 0.1346 - mean_iou: 0.7381 - val_loss: 0.3120 - val_mean_iou: 0.7388

Epoch 00048: val_mean_iou improved from 0.73779 to 0.73879, saving model to ../models/isic-fcdn-bin-iou.h5
Epoch 49/200
 - 978s - loss: 0.1207 - mean_iou: 0.7392 - val_loss: 0.3003 - val_mean_iou: 0.7401

Epoch 00049: val_mean_iou improved from 0.73879 to 0.74012, saving model to ../models/isic-fcdn-bin-iou.h5
Epoch 50/200
 - 979s - loss: 0.1288 - mean_iou: 0.7405 - val_loss: 0.3835 - val_mean_iou: 0.7413

Epoch 00050: val_mean_iou improved from 0.74012 to 0.74129, saving model to ../models/isic-fcdn-bin-iou.h5
Epoch 51/200
 - 921s - loss: 0.1325 - mean_iou: 0.7417 - val_loss: 0.3611 - val_mean_iou: 0.7424

Epoch 00051: val_mean_iou improved from 0.74129 to 0.74244, saving model to ../models/isic-fcdn-bin-iou.h5
Epoch 52/200
 - 944s - loss: 0.1305 - mean_iou: 0.7427 - val_loss: 0.3495 - val_mean_iou: 0.7434

Epoch 00052: val_mean_iou improved from 0.74244 to 0.74338, saving model to ../models/isic-fcdn-bin-iou.h5
Epoch 53/200
 - 932s - loss: 0.1284 - mean_iou: 0.7437 - val_loss: 0.3244 - val_mean_iou: 0.7445

Epoch 00053: val_mean_iou improved from 0.74338 to 0.74446, saving model to ../models/isic-fcdn-bin-iou.h5
Epoch 54/200
 - 898s - loss: 0.1198 - mean_iou: 0.7450 - val_loss: 0.3604 - val_mean_iou: 0.7456

Epoch 00054: val_mean_iou improved from 0.74446 to 0.74564, saving model to ../models/isic-fcdn-bin-iou.h5
Epoch 55/200
 - 1127s - loss: 0.1233 - mean_iou: 0.7459 - val_loss: 0.3154 - val_mean_iou: 0.7467

Epoch 00055: val_mean_iou improved from 0.74564 to 0.74670, saving model to ../models/isic-fcdn-bin-iou.h5
Epoch 56/200
 - 975s - loss: 0.1231 - mean_iou: 0.7471 - val_loss: 0.3903 - val_mean_iou: 0.7477

Epoch 00056: val_mean_iou improved from 0.74670 to 0.74774, saving model to ../models/isic-fcdn-bin-iou.h5
Epoch 57/200
 - 994s - loss: 0.1272 - mean_iou: 0.7480 - val_loss: 0.3581 - val_mean_iou: 0.7487

Epoch 00057: val_mean_iou improved from 0.74774 to 0.74868, saving model to ../models/isic-fcdn-bin-iou.h5
Epoch 58/200
 - 1045s - loss: 0.1241 - mean_iou: 0.7490 - val_loss: 0.3063 - val_mean_iou: 0.7497

Epoch 00058: val_mean_iou improved from 0.74868 to 0.74966, saving model to ../models/isic-fcdn-bin-iou.h5
Epoch 59/200
 - 1008s - loss: 0.1209 - mean_iou: 0.7500 - val_loss: 0.2940 - val_mean_iou: 0.7506

Epoch 00059: val_mean_iou improved from 0.74966 to 0.75061, saving model to ../models/isic-fcdn-bin-iou.h5
Epoch 60/200
 - 975s - loss: 0.1210 - mean_iou: 0.7510 - val_loss: 0.3715 - val_mean_iou: 0.7516

Epoch 00060: val_mean_iou improved from 0.75061 to 0.75159, saving model to ../models/isic-fcdn-bin-iou.h5
Epoch 61/200
 - 1093s - loss: 0.1227 - mean_iou: 0.7519 - val_loss: 0.4186 - val_mean_iou: 0.7525

Epoch 00061: val_mean_iou improved from 0.75159 to 0.75247, saving model to ../models/isic-fcdn-bin-iou.h5
Epoch 62/200
 - 890s - loss: 0.1234 - mean_iou: 0.7528 - val_loss: 0.3112 - val_mean_iou: 0.7534

Epoch 00062: val_mean_iou improved from 0.75247 to 0.75341, saving model to ../models/isic-fcdn-bin-iou.h5
Epoch 63/200
 - 902s - loss: 0.1178 - mean_iou: 0.7537 - val_loss: 0.2803 - val_mean_iou: 0.7543

Epoch 00063: val_mean_iou improved from 0.75341 to 0.75434, saving model to ../models/isic-fcdn-bin-iou.h5
Epoch 64/200
 - 882s - loss: 0.1219 - mean_iou: 0.7546 - val_loss: 0.4322 - val_mean_iou: 0.7551

Epoch 00064: val_mean_iou improved from 0.75434 to 0.75507, saving model to ../models/isic-fcdn-bin-iou.h5
Epoch 65/200
 - 882s - loss: 0.1213 - mean_iou: 0.7552 - val_loss: 0.2827 - val_mean_iou: 0.7558

Epoch 00065: val_mean_iou improved from 0.75507 to 0.75583, saving model to ../models/isic-fcdn-bin-iou.h5
Epoch 66/200
 - 894s - loss: 0.1301 - mean_iou: 0.7560 - val_loss: 0.2971 - val_mean_iou: 0.7565

Epoch 00066: val_mean_iou improved from 0.75583 to 0.75651, saving model to ../models/isic-fcdn-bin-iou.h5
Epoch 67/200
 - 897s - loss: 0.1092 - mean_iou: 0.7568 - val_loss: 0.2625 - val_mean_iou: 0.7574

Epoch 00067: val_mean_iou improved from 0.75651 to 0.75744, saving model to ../models/isic-fcdn-bin-iou.h5
Epoch 68/200
 - 918s - loss: 0.1130 - mean_iou: 0.7577 - val_loss: 0.3089 - val_mean_iou: 0.7583

Epoch 00068: val_mean_iou improved from 0.75744 to 0.75834, saving model to ../models/isic-fcdn-bin-iou.h5
Epoch 69/200
 - 832s - loss: 0.1125 - mean_iou: 0.7586 - val_loss: 0.3198 - val_mean_iou: 0.7592

Epoch 00069: val_mean_iou improved from 0.75834 to 0.75916, saving model to ../models/isic-fcdn-bin-iou.h5
Epoch 70/200
 - 827s - loss: 0.1195 - mean_iou: 0.7594 - val_loss: 0.3064 - val_mean_iou: 0.7600

Epoch 00070: val_mean_iou improved from 0.75916 to 0.75999, saving model to ../models/isic-fcdn-bin-iou.h5
Epoch 71/200
 - 850s - loss: 0.1197 - mean_iou: 0.7602 - val_loss: 0.3624 - val_mean_iou: 0.7607

Epoch 00071: val_mean_iou improved from 0.75999 to 0.76071, saving model to ../models/isic-fcdn-bin-iou.h5
Epoch 72/200
 - 848s - loss: 0.1103 - mean_iou: 0.7610 - val_loss: 0.3363 - val_mean_iou: 0.7615

Epoch 00072: val_mean_iou improved from 0.76071 to 0.76151, saving model to ../models/isic-fcdn-bin-iou.h5
Epoch 73/200
 - 842s - loss: 0.1165 - mean_iou: 0.7617 - val_loss: 0.2929 - val_mean_iou: 0.7623

Epoch 00073: val_mean_iou improved from 0.76151 to 0.76226, saving model to ../models/isic-fcdn-bin-iou.h5
Epoch 74/200
 - 902s - loss: 0.1087 - mean_iou: 0.7626 - val_loss: 0.3351 - val_mean_iou: 0.7632

Epoch 00074: val_mean_iou improved from 0.76226 to 0.76316, saving model to ../models/isic-fcdn-bin-iou.h5
Epoch 75/200
 - 844s - loss: 0.1219 - mean_iou: 0.7634 - val_loss: 0.3937 - val_mean_iou: 0.7638

Epoch 00075: val_mean_iou improved from 0.76316 to 0.76379, saving model to ../models/isic-fcdn-bin-iou.h5
Epoch 76/200
 - 869s - loss: 0.1114 - mean_iou: 0.7640 - val_loss: 0.2757 - val_mean_iou: 0.7645

Epoch 00076: val_mean_iou improved from 0.76379 to 0.76451, saving model to ../models/isic-fcdn-bin-iou.h5
Epoch 77/200
 - 866s - loss: 0.1146 - mean_iou: 0.7647 - val_loss: 0.3361 - val_mean_iou: 0.7652

Epoch 00077: val_mean_iou improved from 0.76451 to 0.76517, saving model to ../models/isic-fcdn-bin-iou.h5
Epoch 78/200
 - 853s - loss: 0.1156 - mean_iou: 0.7653 - val_loss: 0.3249 - val_mean_iou: 0.7658

Epoch 00078: val_mean_iou improved from 0.76517 to 0.76576, saving model to ../models/isic-fcdn-bin-iou.h5
Epoch 79/200
 - 854s - loss: 0.1067 - mean_iou: 0.7660 - val_loss: 0.2899 - val_mean_iou: 0.7665

Epoch 00079: val_mean_iou improved from 0.76576 to 0.76651, saving model to ../models/isic-fcdn-bin-iou.h5
Epoch 80/200
 - 849s - loss: 0.1159 - mean_iou: 0.7668 - val_loss: 0.4137 - val_mean_iou: 0.7671

Epoch 00080: val_mean_iou improved from 0.76651 to 0.76711, saving model to ../models/isic-fcdn-bin-iou.h5
Epoch 81/200
 - 862s - loss: 0.1148 - mean_iou: 0.7672 - val_loss: 0.3430 - val_mean_iou: 0.7676

Epoch 00081: val_mean_iou improved from 0.76711 to 0.76765, saving model to ../models/isic-fcdn-bin-iou.h5
Epoch 82/200
 - 864s - loss: 0.1128 - mean_iou: 0.7679 - val_loss: 0.3665 - val_mean_iou: 0.7683

Epoch 00082: val_mean_iou improved from 0.76765 to 0.76826, saving model to ../models/isic-fcdn-bin-iou.h5
Epoch 83/200
 - 874s - loss: 0.1002 - mean_iou: 0.7685 - val_loss: 0.3005 - val_mean_iou: 0.7690

Epoch 00083: val_mean_iou improved from 0.76826 to 0.76902, saving model to ../models/isic-fcdn-bin-iou.h5
Epoch 84/200
 - 859s - loss: 0.1108 - mean_iou: 0.7692 - val_loss: 0.3924 - val_mean_iou: 0.7696

Epoch 00084: val_mean_iou improved from 0.76902 to 0.76961, saving model to ../models/isic-fcdn-bin-iou.h5
Epoch 85/200
 - 870s - loss: 0.1062 - mean_iou: 0.7698 - val_loss: 0.3111 - val_mean_iou: 0.7703

Epoch 00085: val_mean_iou improved from 0.76961 to 0.77027, saving model to ../models/isic-fcdn-bin-iou.h5
Epoch 86/200
 - 868s - loss: 0.1054 - mean_iou: 0.7705 - val_loss: 0.3301 - val_mean_iou: 0.7710

Epoch 00086: val_mean_iou improved from 0.77027 to 0.77095, saving model to ../models/isic-fcdn-bin-iou.h5
Epoch 87/200
 - 847s - loss: 0.1115 - mean_iou: 0.7711 - val_loss: 0.3044 - val_mean_iou: 0.7715

Epoch 00087: val_mean_iou improved from 0.77095 to 0.77155, saving model to ../models/isic-fcdn-bin-iou.h5
Epoch 88/200
 - 862s - loss: 0.1129 - mean_iou: 0.7717 - val_loss: 0.3892 - val_mean_iou: 0.7721

Epoch 00088: val_mean_iou improved from 0.77155 to 0.77211, saving model to ../models/isic-fcdn-bin-iou.h5
Epoch 89/200
 - 873s - loss: 0.1118 - mean_iou: 0.7722 - val_loss: 0.3279 - val_mean_iou: 0.7725

Epoch 00089: val_mean_iou improved from 0.77211 to 0.77252, saving model to ../models/isic-fcdn-bin-iou.h5
Epoch 90/200
 - 869s - loss: 0.1066 - mean_iou: 0.7726 - val_loss: 0.3723 - val_mean_iou: 0.7731

Epoch 00090: val_mean_iou improved from 0.77252 to 0.77308, saving model to ../models/isic-fcdn-bin-iou.h5
Epoch 91/200
 - 937s - loss: 0.1090 - mean_iou: 0.7733 - val_loss: 0.3578 - val_mean_iou: 0.7737

Epoch 00091: val_mean_iou improved from 0.77308 to 0.77367, saving model to ../models/isic-fcdn-bin-iou.h5
Epoch 92/200
 - 932s - loss: 0.1054 - mean_iou: 0.7739 - val_loss: 0.3353 - val_mean_iou: 0.7742

Epoch 00092: val_mean_iou improved from 0.77367 to 0.77425, saving model to ../models/isic-fcdn-bin-iou.h5
Epoch 93/200
 - 939s - loss: 0.0941 - mean_iou: 0.7745 - val_loss: 0.4653 - val_mean_iou: 0.7749

Epoch 00093: val_mean_iou improved from 0.77425 to 0.77488, saving model to ../models/isic-fcdn-bin-iou.h5
Epoch 94/200
 - 921s - loss: 0.1028 - mean_iou: 0.7751 - val_loss: 0.6191 - val_mean_iou: 0.7754

Epoch 00094: val_mean_iou improved from 0.77488 to 0.77539, saving model to ../models/isic-fcdn-bin-iou.h5
Epoch 95/200
 - 953s - loss: 0.1063 - mean_iou: 0.7755 - val_loss: 0.3919 - val_mean_iou: 0.7758

Epoch 00095: val_mean_iou improved from 0.77539 to 0.77585, saving model to ../models/isic-fcdn-bin-iou.h5
Epoch 96/200
 - 920s - loss: 0.1151 - mean_iou: 0.7760 - val_loss: 0.3701 - val_mean_iou: 0.7763

Epoch 00096: val_mean_iou improved from 0.77585 to 0.77627, saving model to ../models/isic-fcdn-bin-iou.h5
Epoch 97/200
 - 912s - loss: 0.1079 - mean_iou: 0.7764 - val_loss: 0.3714 - val_mean_iou: 0.7767

Epoch 00097: val_mean_iou improved from 0.77627 to 0.77669, saving model to ../models/isic-fcdn-bin-iou.h5
Epoch 98/200
 - 882s - loss: 0.1155 - mean_iou: 0.7767 - val_loss: 0.3068 - val_mean_iou: 0.7771

Epoch 00098: val_mean_iou improved from 0.77669 to 0.77707, saving model to ../models/isic-fcdn-bin-iou.h5
Epoch 99/200
 - 881s - loss: 0.1157 - mean_iou: 0.7772 - val_loss: 0.3952 - val_mean_iou: 0.7775

Epoch 00099: val_mean_iou improved from 0.77707 to 0.77749, saving model to ../models/isic-fcdn-bin-iou.h5
Epoch 100/200
 - 904s - loss: 0.1053 - mean_iou: 0.7776 - val_loss: 0.3265 - val_mean_iou: 0.7780

Epoch 00100: val_mean_iou improved from 0.77749 to 0.77795, saving model to ../models/isic-fcdn-bin-iou.h5
Epoch 101/200
 - 897s - loss: 0.1150 - mean_iou: 0.7780 - val_loss: 0.3617 - val_mean_iou: 0.7784

Epoch 00101: val_mean_iou improved from 0.77795 to 0.77837, saving model to ../models/isic-fcdn-bin-iou.h5
Epoch 102/200
 - 869s - loss: 0.1082 - mean_iou: 0.7785 - val_loss: 0.3757 - val_mean_iou: 0.7788

Epoch 00102: val_mean_iou improved from 0.77837 to 0.77876, saving model to ../models/isic-fcdn-bin-iou.h5
Epoch 103/200
 - 877s - loss: 0.1099 - mean_iou: 0.7788 - val_loss: 0.3483 - val_mean_iou: 0.7791

Epoch 00103: val_mean_iou improved from 0.77876 to 0.77910, saving model to ../models/isic-fcdn-bin-iou.h5
Epoch 104/200
 - 869s - loss: 0.1028 - mean_iou: 0.7792 - val_loss: 0.4040 - val_mean_iou: 0.7795

Epoch 00104: val_mean_iou improved from 0.77910 to 0.77954, saving model to ../models/isic-fcdn-bin-iou.h5
Epoch 105/200
 - 855s - loss: 0.1166 - mean_iou: 0.7796 - val_loss: 0.3072 - val_mean_iou: 0.7798

Epoch 00105: val_mean_iou improved from 0.77954 to 0.77985, saving model to ../models/isic-fcdn-bin-iou.h5
Epoch 106/200
 - 874s - loss: 0.1058 - mean_iou: 0.7800 - val_loss: 0.3497 - val_mean_iou: 0.7803

Epoch 00106: val_mean_iou improved from 0.77985 to 0.78028, saving model to ../models/isic-fcdn-bin-iou.h5
Epoch 107/200
 - 824s - loss: 0.1070 - mean_iou: 0.7804 - val_loss: 0.3948 - val_mean_iou: 0.7807

Epoch 00107: val_mean_iou improved from 0.78028 to 0.78065, saving model to ../models/isic-fcdn-bin-iou.h5
Epoch 108/200
 - 857s - loss: 0.1074 - mean_iou: 0.7807 - val_loss: 0.3366 - val_mean_iou: 0.7810

Epoch 00108: val_mean_iou improved from 0.78065 to 0.78101, saving model to ../models/isic-fcdn-bin-iou.h5
Epoch 109/200
 - 839s - loss: 0.1136 - mean_iou: 0.7810 - val_loss: 0.3056 - val_mean_iou: 0.7814

Epoch 00109: val_mean_iou improved from 0.78101 to 0.78138, saving model to ../models/isic-fcdn-bin-iou.h5
Epoch 110/200
 - 831s - loss: 0.1116 - mean_iou: 0.7814 - val_loss: 0.3795 - val_mean_iou: 0.7817

Epoch 00110: val_mean_iou improved from 0.78138 to 0.78169, saving model to ../models/isic-fcdn-bin-iou.h5
Epoch 111/200
 - 814s - loss: 0.1118 - mean_iou: 0.7817 - val_loss: 0.3059 - val_mean_iou: 0.7820

Epoch 00111: val_mean_iou improved from 0.78169 to 0.78200, saving model to ../models/isic-fcdn-bin-iou.h5
Epoch 112/200
 - 811s - loss: 0.1100 - mean_iou: 0.7820 - val_loss: 0.3072 - val_mean_iou: 0.7823

Epoch 00112: val_mean_iou improved from 0.78200 to 0.78229, saving model to ../models/isic-fcdn-bin-iou.h5
Epoch 113/200
 - 794s - loss: 0.1098 - mean_iou: 0.7823 - val_loss: 0.3249 - val_mean_iou: 0.7826

Epoch 00113: val_mean_iou improved from 0.78229 to 0.78263, saving model to ../models/isic-fcdn-bin-iou.h5
Epoch 114/200
 - 840s - loss: 0.1056 - mean_iou: 0.7827 - val_loss: 0.3590 - val_mean_iou: 0.7830

Epoch 00114: val_mean_iou improved from 0.78263 to 0.78298, saving model to ../models/isic-fcdn-bin-iou.h5
Epoch 115/200
 - 908s - loss: 0.1032 - mean_iou: 0.7830 - val_loss: 0.3020 - val_mean_iou: 0.7833

Epoch 00115: val_mean_iou improved from 0.78298 to 0.78332, saving model to ../models/isic-fcdn-bin-iou.h5
Epoch 116/200
 - 884s - loss: 0.1033 - mean_iou: 0.7834 - val_loss: 0.3036 - val_mean_iou: 0.7837

Epoch 00116: val_mean_iou improved from 0.78332 to 0.78370, saving model to ../models/isic-fcdn-bin-iou.h5
Epoch 117/200
 - 824s - loss: 0.1062 - mean_iou: 0.7838 - val_loss: 0.3620 - val_mean_iou: 0.7841

Epoch 00117: val_mean_iou improved from 0.78370 to 0.78408, saving model to ../models/isic-fcdn-bin-iou.h5
Epoch 118/200
 - 848s - loss: 0.1090 - mean_iou: 0.7841 - val_loss: 0.3587 - val_mean_iou: 0.7844

Epoch 00118: val_mean_iou improved from 0.78408 to 0.78438, saving model to ../models/isic-fcdn-bin-iou.h5
Epoch 119/200
 - 898s - loss: 0.1019 - mean_iou: 0.7845 - val_loss: 0.3149 - val_mean_iou: 0.7848

Epoch 00119: val_mean_iou improved from 0.78438 to 0.78476, saving model to ../models/isic-fcdn-bin-iou.h5
Epoch 120/200
 - 901s - loss: 0.1002 - mean_iou: 0.7849 - val_loss: 0.3324 - val_mean_iou: 0.7852

Epoch 00120: val_mean_iou improved from 0.78476 to 0.78519, saving model to ../models/isic-fcdn-bin-iou.h5
Epoch 121/200
 - 982s - loss: 0.1116 - mean_iou: 0.7852 - val_loss: 0.3084 - val_mean_iou: 0.7855

Epoch 00121: val_mean_iou improved from 0.78519 to 0.78547, saving model to ../models/isic-fcdn-bin-iou.h5
Epoch 122/200
 - 917s - loss: 0.1131 - mean_iou: 0.7855 - val_loss: 0.3183 - val_mean_iou: 0.7858

Epoch 00122: val_mean_iou improved from 0.78547 to 0.78576, saving model to ../models/isic-fcdn-bin-iou.h5
Epoch 123/200
 - 860s - loss: 0.1048 - mean_iou: 0.7859 - val_loss: 0.3888 - val_mean_iou: 0.7861

Epoch 00123: val_mean_iou improved from 0.78576 to 0.78610, saving model to ../models/isic-fcdn-bin-iou.h5
Epoch 124/200
 - 863s - loss: 0.1050 - mean_iou: 0.7861 - val_loss: 0.4155 - val_mean_iou: 0.7864

Epoch 00124: val_mean_iou improved from 0.78610 to 0.78637, saving model to ../models/isic-fcdn-bin-iou.h5
Epoch 125/200
 - 808s - loss: 0.1081 - mean_iou: 0.7864 - val_loss: 0.3578 - val_mean_iou: 0.7866

Epoch 00125: val_mean_iou improved from 0.78637 to 0.78661, saving model to ../models/isic-fcdn-bin-iou.h5
Epoch 126/200
 - 833s - loss: 0.1043 - mean_iou: 0.7866 - val_loss: 0.4334 - val_mean_iou: 0.7869

Epoch 00126: val_mean_iou improved from 0.78661 to 0.78689, saving model to ../models/isic-fcdn-bin-iou.h5
Epoch 127/200
 - 866s - loss: 0.1085 - mean_iou: 0.7869 - val_loss: 0.3954 - val_mean_iou: 0.7872

Epoch 00127: val_mean_iou improved from 0.78689 to 0.78716, saving model to ../models/isic-fcdn-bin-iou.h5
Epoch 128/200
 - 935s - loss: 0.1021 - mean_iou: 0.7872 - val_loss: 0.2910 - val_mean_iou: 0.7875

Epoch 00128: val_mean_iou improved from 0.78716 to 0.78748, saving model to ../models/isic-fcdn-bin-iou.h5
Epoch 129/200
 - 858s - loss: 0.1069 - mean_iou: 0.7876 - val_loss: 0.3662 - val_mean_iou: 0.7878

Epoch 00129: val_mean_iou improved from 0.78748 to 0.78784, saving model to ../models/isic-fcdn-bin-iou.h5
Epoch 130/200
 - 907s - loss: 0.1000 - mean_iou: 0.7880 - val_loss: 0.3518 - val_mean_iou: 0.7882

Epoch 00130: val_mean_iou improved from 0.78784 to 0.78820, saving model to ../models/isic-fcdn-bin-iou.h5
Epoch 131/200
 - 865s - loss: 0.1019 - mean_iou: 0.7883 - val_loss: 0.3339 - val_mean_iou: 0.7885

Epoch 00131: val_mean_iou improved from 0.78820 to 0.78852, saving model to ../models/isic-fcdn-bin-iou.h5
Epoch 132/200
 - 813s - loss: 0.1066 - mean_iou: 0.7886 - val_loss: 0.3349 - val_mean_iou: 0.7888

Epoch 00132: val_mean_iou improved from 0.78852 to 0.78878, saving model to ../models/isic-fcdn-bin-iou.h5
Epoch 133/200
 - 889s - loss: 0.1039 - mean_iou: 0.7888 - val_loss: 0.4306 - val_mean_iou: 0.7891

Epoch 00133: val_mean_iou improved from 0.78878 to 0.78907, saving model to ../models/isic-fcdn-bin-iou.h5
Epoch 134/200
 - 804s - loss: 0.1048 - mean_iou: 0.7891 - val_loss: 0.3216 - val_mean_iou: 0.7894

Epoch 00134: val_mean_iou improved from 0.78907 to 0.78937, saving model to ../models/isic-fcdn-bin-iou.h5
Epoch 135/200
 - 753s - loss: 0.1035 - mean_iou: 0.7894 - val_loss: 0.3225 - val_mean_iou: 0.7897

Epoch 00135: val_mean_iou improved from 0.78937 to 0.78968, saving model to ../models/isic-fcdn-bin-iou.h5
Epoch 136/200
 - 767s - loss: 0.0979 - mean_iou: 0.7898 - val_loss: 0.4001 - val_mean_iou: 0.7900

Epoch 00136: val_mean_iou improved from 0.78968 to 0.79002, saving model to ../models/isic-fcdn-bin-iou.h5
Epoch 137/200
 - 812s - loss: 0.1038 - mean_iou: 0.7901 - val_loss: 0.4166 - val_mean_iou: 0.7903

Epoch 00137: val_mean_iou improved from 0.79002 to 0.79032, saving model to ../models/isic-fcdn-bin-iou.h5
Epoch 138/200
 - 789s - loss: 0.1163 - mean_iou: 0.7903 - val_loss: 0.3298 - val_mean_iou: 0.7905

Epoch 00138: val_mean_iou improved from 0.79032 to 0.79050, saving model to ../models/isic-fcdn-bin-iou.h5
Epoch 139/200
 - 798s - loss: 0.1041 - mean_iou: 0.7905 - val_loss: 0.3412 - val_mean_iou: 0.7908

Epoch 00139: val_mean_iou improved from 0.79050 to 0.79075, saving model to ../models/isic-fcdn-bin-iou.h5
Epoch 140/200
 - 806s - loss: 0.1015 - mean_iou: 0.7908 - val_loss: 0.3142 - val_mean_iou: 0.7911

Epoch 00140: val_mean_iou improved from 0.79075 to 0.79108, saving model to ../models/isic-fcdn-bin-iou.h5
Epoch 141/200
 - 792s - loss: 0.1079 - mean_iou: 0.7911 - val_loss: 0.3691 - val_mean_iou: 0.7914

Epoch 00141: val_mean_iou improved from 0.79108 to 0.79135, saving model to ../models/isic-fcdn-bin-iou.h5
Epoch 142/200
 - 784s - loss: 0.0987 - mean_iou: 0.7914 - val_loss: 0.3532 - val_mean_iou: 0.7916

Epoch 00142: val_mean_iou improved from 0.79135 to 0.79161, saving model to ../models/isic-fcdn-bin-iou.h5
Epoch 143/200
 - 842s - loss: 0.1016 - mean_iou: 0.7916 - val_loss: 0.2969 - val_mean_iou: 0.7919

Epoch 00143: val_mean_iou improved from 0.79161 to 0.79187, saving model to ../models/isic-fcdn-bin-iou.h5
Epoch 144/200
 - 792s - loss: 0.1001 - mean_iou: 0.7919 - val_loss: 0.3321 - val_mean_iou: 0.7922

Epoch 00144: val_mean_iou improved from 0.79187 to 0.79216, saving model to ../models/isic-fcdn-bin-iou.h5
Epoch 145/200
 - 785s - loss: 0.0980 - mean_iou: 0.7922 - val_loss: 0.3546 - val_mean_iou: 0.7925

Epoch 00145: val_mean_iou improved from 0.79216 to 0.79245, saving model to ../models/isic-fcdn-bin-iou.h5
Epoch 146/200
 - 791s - loss: 0.1004 - mean_iou: 0.7925 - val_loss: 0.3200 - val_mean_iou: 0.7927

Epoch 00146: val_mean_iou improved from 0.79245 to 0.79274, saving model to ../models/isic-fcdn-bin-iou.h5
Epoch 147/200
 - 838s - loss: 0.1019 - mean_iou: 0.7928 - val_loss: 0.3709 - val_mean_iou: 0.7930

Epoch 00147: val_mean_iou improved from 0.79274 to 0.79298, saving model to ../models/isic-fcdn-bin-iou.h5
Epoch 148/200
 - 837s - loss: 0.0971 - mean_iou: 0.7931 - val_loss: 0.3206 - val_mean_iou: 0.7933

Epoch 00148: val_mean_iou improved from 0.79298 to 0.79328, saving model to ../models/isic-fcdn-bin-iou.h5
Epoch 149/200
 - 847s - loss: 0.1005 - mean_iou: 0.7933 - val_loss: 0.3541 - val_mean_iou: 0.7935

Epoch 00149: val_mean_iou improved from 0.79328 to 0.79352, saving model to ../models/isic-fcdn-bin-iou.h5
Epoch 150/200
 - 811s - loss: 0.0937 - mean_iou: 0.7936 - val_loss: 0.3398 - val_mean_iou: 0.7938

Epoch 00150: val_mean_iou improved from 0.79352 to 0.79385, saving model to ../models/isic-fcdn-bin-iou.h5
Epoch 151/200
 - 787s - loss: 0.1002 - mean_iou: 0.7939 - val_loss: 0.4224 - val_mean_iou: 0.7941

Epoch 00151: val_mean_iou improved from 0.79385 to 0.79410, saving model to ../models/isic-fcdn-bin-iou.h5
Epoch 152/200
 - 782s - loss: 0.0992 - mean_iou: 0.7942 - val_loss: 0.3730 - val_mean_iou: 0.7943

Epoch 00152: val_mean_iou improved from 0.79410 to 0.79435, saving model to ../models/isic-fcdn-bin-iou.h5
Epoch 153/200
 - 810s - loss: 0.1002 - mean_iou: 0.7944 - val_loss: 0.3939 - val_mean_iou: 0.7946

Epoch 00153: val_mean_iou improved from 0.79435 to 0.79460, saving model to ../models/isic-fcdn-bin-iou.h5
Epoch 154/200
 - 835s - loss: 0.1040 - mean_iou: 0.7946 - val_loss: 0.3257 - val_mean_iou: 0.7948

Epoch 00154: val_mean_iou improved from 0.79460 to 0.79481, saving model to ../models/isic-fcdn-bin-iou.h5
Epoch 155/200
 - 842s - loss: 0.0978 - mean_iou: 0.7949 - val_loss: 0.3567 - val_mean_iou: 0.7951

Epoch 00155: val_mean_iou improved from 0.79481 to 0.79507, saving model to ../models/isic-fcdn-bin-iou.h5
Epoch 156/200
 - 820s - loss: 0.0971 - mean_iou: 0.7951 - val_loss: 0.3253 - val_mean_iou: 0.7953

Epoch 00156: val_mean_iou improved from 0.79507 to 0.79534, saving model to ../models/isic-fcdn-bin-iou.h5
Epoch 157/200
 - 821s - loss: 0.1005 - mean_iou: 0.7954 - val_loss: 0.3038 - val_mean_iou: 0.7956

Epoch 00157: val_mean_iou improved from 0.79534 to 0.79562, saving model to ../models/isic-fcdn-bin-iou.h5
Epoch 158/200
 - 819s - loss: 0.1027 - mean_iou: 0.7957 - val_loss: 0.2996 - val_mean_iou: 0.7959

Epoch 00158: val_mean_iou improved from 0.79562 to 0.79589, saving model to ../models/isic-fcdn-bin-iou.h5
Epoch 159/200
 - 800s - loss: 0.0980 - mean_iou: 0.7960 - val_loss: 0.3651 - val_mean_iou: 0.7962

Epoch 00159: val_mean_iou improved from 0.79589 to 0.79620, saving model to ../models/isic-fcdn-bin-iou.h5
Epoch 160/200
 - 819s - loss: 0.0986 - mean_iou: 0.7963 - val_loss: 0.3752 - val_mean_iou: 0.7965

Epoch 00160: val_mean_iou improved from 0.79620 to 0.79648, saving model to ../models/isic-fcdn-bin-iou.h5
Epoch 161/200
 - 860s - loss: 0.1006 - mean_iou: 0.7965 - val_loss: 0.3041 - val_mean_iou: 0.7967

Epoch 00161: val_mean_iou improved from 0.79648 to 0.79673, saving model to ../models/isic-fcdn-bin-iou.h5
Epoch 162/200
 - 843s - loss: 0.0929 - mean_iou: 0.7968 - val_loss: 0.3135 - val_mean_iou: 0.7970

Epoch 00162: val_mean_iou improved from 0.79673 to 0.79701, saving model to ../models/isic-fcdn-bin-iou.h5
Epoch 163/200
 - 833s - loss: 0.1009 - mean_iou: 0.7971 - val_loss: 0.3582 - val_mean_iou: 0.7972

Epoch 00163: val_mean_iou improved from 0.79701 to 0.79724, saving model to ../models/isic-fcdn-bin-iou.h5
Epoch 164/200
 - 849s - loss: 0.0962 - mean_iou: 0.7973 - val_loss: 0.3446 - val_mean_iou: 0.7975

Epoch 00164: val_mean_iou improved from 0.79724 to 0.79750, saving model to ../models/isic-fcdn-bin-iou.h5
Epoch 165/200
 - 837s - loss: 0.0905 - mean_iou: 0.7976 - val_loss: 0.3529 - val_mean_iou: 0.7978

Epoch 00165: val_mean_iou improved from 0.79750 to 0.79777, saving model to ../models/isic-fcdn-bin-iou.h5
Epoch 166/200
 - 871s - loss: 0.0954 - mean_iou: 0.7978 - val_loss: 0.4413 - val_mean_iou: 0.7980

Epoch 00166: val_mean_iou improved from 0.79777 to 0.79800, saving model to ../models/isic-fcdn-bin-iou.h5
Epoch 167/200
 - 864s - loss: 0.1026 - mean_iou: 0.7980 - val_loss: 0.3180 - val_mean_iou: 0.7982

Epoch 00167: val_mean_iou improved from 0.79800 to 0.79821, saving model to ../models/isic-fcdn-bin-iou.h5
Epoch 168/200
 - 858s - loss: 0.0959 - mean_iou: 0.7983 - val_loss: 0.3485 - val_mean_iou: 0.7984

Epoch 00168: val_mean_iou improved from 0.79821 to 0.79844, saving model to ../models/isic-fcdn-bin-iou.h5
Epoch 169/200
 - 833s - loss: 0.0916 - mean_iou: 0.7985 - val_loss: 0.3367 - val_mean_iou: 0.7987

Epoch 00169: val_mean_iou improved from 0.79844 to 0.79872, saving model to ../models/isic-fcdn-bin-iou.h5
Epoch 170/200
 - 805s - loss: 0.0961 - mean_iou: 0.7988 - val_loss: 0.4139 - val_mean_iou: 0.7990

Epoch 00170: val_mean_iou improved from 0.79872 to 0.79896, saving model to ../models/isic-fcdn-bin-iou.h5
Epoch 171/200
 - 792s - loss: 0.0957 - mean_iou: 0.7990 - val_loss: 0.3403 - val_mean_iou: 0.7992

Epoch 00171: val_mean_iou improved from 0.79896 to 0.79917, saving model to ../models/isic-fcdn-bin-iou.h5
Epoch 172/200
 - 806s - loss: 0.0896 - mean_iou: 0.7992 - val_loss: 0.3766 - val_mean_iou: 0.7994

Epoch 00172: val_mean_iou improved from 0.79917 to 0.79944, saving model to ../models/isic-fcdn-bin-iou.h5
Epoch 173/200
 - 805s - loss: 0.0947 - mean_iou: 0.7995 - val_loss: 0.3385 - val_mean_iou: 0.7997

Epoch 00173: val_mean_iou improved from 0.79944 to 0.79966, saving model to ../models/isic-fcdn-bin-iou.h5
Epoch 174/200
 - 875s - loss: 0.1003 - mean_iou: 0.7997 - val_loss: 0.3832 - val_mean_iou: 0.7998

Epoch 00174: val_mean_iou improved from 0.79966 to 0.79985, saving model to ../models/isic-fcdn-bin-iou.h5
Epoch 175/200
 - 838s - loss: 0.0979 - mean_iou: 0.7999 - val_loss: 0.3473 - val_mean_iou: 0.8000

Epoch 00175: val_mean_iou improved from 0.79985 to 0.80002, saving model to ../models/isic-fcdn-bin-iou.h5
Epoch 176/200
 - 833s - loss: 0.0995 - mean_iou: 0.8001 - val_loss: 0.2968 - val_mean_iou: 0.8003

Epoch 00176: val_mean_iou improved from 0.80002 to 0.80026, saving model to ../models/isic-fcdn-bin-iou.h5
Epoch 177/200
 - 848s - loss: 0.0907 - mean_iou: 0.8003 - val_loss: 0.3601 - val_mean_iou: 0.8005

Epoch 00177: val_mean_iou improved from 0.80026 to 0.80050, saving model to ../models/isic-fcdn-bin-iou.h5
Epoch 178/200
 - 824s - loss: 0.1112 - mean_iou: 0.8005 - val_loss: 0.3444 - val_mean_iou: 0.8006

Epoch 00178: val_mean_iou improved from 0.80050 to 0.80063, saving model to ../models/isic-fcdn-bin-iou.h5
Epoch 179/200
 - 797s - loss: 0.0912 - mean_iou: 0.8007 - val_loss: 0.3937 - val_mean_iou: 0.8008

Epoch 00179: val_mean_iou improved from 0.80063 to 0.80083, saving model to ../models/isic-fcdn-bin-iou.h5
Epoch 180/200
 - 835s - loss: 0.0973 - mean_iou: 0.8009 - val_loss: 0.3510 - val_mean_iou: 0.8011

Epoch 00180: val_mean_iou improved from 0.80083 to 0.80107, saving model to ../models/isic-fcdn-bin-iou.h5
Epoch 181/200
 - 843s - loss: 0.1006 - mean_iou: 0.8011 - val_loss: 0.3197 - val_mean_iou: 0.8012

Epoch 00181: val_mean_iou improved from 0.80107 to 0.80123, saving model to ../models/isic-fcdn-bin-iou.h5
Epoch 182/200
 - 806s - loss: 0.0986 - mean_iou: 0.8013 - val_loss: 0.4480 - val_mean_iou: 0.8014

Epoch 00182: val_mean_iou improved from 0.80123 to 0.80144, saving model to ../models/isic-fcdn-bin-iou.h5
Epoch 183/200
 - 827s - loss: 0.0950 - mean_iou: 0.8015 - val_loss: 0.3077 - val_mean_iou: 0.8016

Epoch 00183: val_mean_iou improved from 0.80144 to 0.80162, saving model to ../models/isic-fcdn-bin-iou.h5
Epoch 184/200
 - 849s - loss: 0.1020 - mean_iou: 0.8016 - val_loss: 0.3313 - val_mean_iou: 0.8018

Epoch 00184: val_mean_iou improved from 0.80162 to 0.80181, saving model to ../models/isic-fcdn-bin-iou.h5
Epoch 185/200
 - 835s - loss: 0.0952 - mean_iou: 0.8019 - val_loss: 0.5117 - val_mean_iou: 0.8020
